StartApp.exe: 00000B78: 10:45:07 []:>--------------------------------------------------------------<
StartApp.exe: 00000B78: 10:45:07 [TUniServerModule]:Server First Init.
StartApp.exe: 00000B78: 10:45:07 [TUniServerModule]:Global Cache Folder Erased. <1> Files deleted.
StartApp.exe: 00000B78: 10:45:07 [TUniServerModule]:Starting HTTP Server on Port: 8077...
StartApp.exe: 00000B78: 10:45:07 [TUniServerModule]:HTTP Server Started on Port: 8077
StartApp.exe: 00001E98: 10:45:15 [127.0.0.1]:EUniSessionException : Invalid session or session Timeout. (Session not found: 5FxImIPP3Y109382F84 ) : Addr: $007731DE
StartApp.exe: 00000B78: 10:45:32 [TUniServerModule]:Shutting Down Server.
StartApp.exe: 00000B78: 10:45:32 [TUniServerModule]:Stopping HTTP Server.
StartApp.exe: 00000B78: 10:45:33 [TUniServerModule]:HTTP Server Stopped.
StartApp.exe: 00000B78: 10:45:33 [TUniGUISessionManager]:Terminating Session manager.
StartApp.exe: 00000B78: 10:45:33 [TUniGUISessionManager]:Stopping Cache Eraser...
StartApp.exe: 00000B78: 10:45:33 [TUniGUISessionManager]:Cache Eraser Stopped.
StartApp.exe: 00000B78: 10:45:33 [TUniGUISessionManager]:Destroying Worker Threads.
StartApp.exe: 00000B78: 10:45:33 [TUniGUISessionManager]:Session manager terminated.
StartApp.exe: 00000B78: 10:45:33 [TUniServerModule]:Server Shutdown Completed.
StartApp.exe: 00000B78: 10:45:33 []:<-------------------------------------------------------------->
StartApp.exe: 00000B78: 10:45:33 [Terminated]:Exit Code: 0
StartApp.exe: 00000FB8: 11:10:40 []:>--------------------------------------------------------------<
StartApp.exe: 00000FB8: 11:10:40 [TUniServerModule]:Server First Init.
StartApp.exe: 00000FB8: 11:10:40 [TUniServerModule]:Starting HTTP Server on Port: 8077...
StartApp.exe: 00000FB8: 11:10:40 [TUniServerModule]:HTTP Server Started on Port: 8077
StartApp.exe: 00000FB8: 11:16:46 [TUniServerModule]:Shutting Down Server.
StartApp.exe: 00000FB8: 11:16:46 [TUniServerModule]:Stopping HTTP Server.
StartApp.exe: 00000FB8: 11:16:47 [TUniServerModule]:HTTP Server Stopped.
StartApp.exe: 00000FB8: 11:16:47 [TUniGUISessionManager]:Terminating Session manager.
StartApp.exe: 00000FB8: 11:16:47 [TUniGUISessionManager]:Stopping Cache Eraser...
StartApp.exe: 00000FB8: 11:16:47 [TUniGUISessionManager]:Cache Eraser Stopped.
StartApp.exe: 00000FB8: 11:16:47 [TUniGUISessionManager]:Destroying Worker Threads.
StartApp.exe: 00000FB8: 11:16:47 [TUniGUISessionManager]:Session manager terminated.
StartApp.exe: 00000FB8: 11:16:47 [TUniServerModule]:Server Shutdown Completed.
StartApp.exe: 00000FB8: 11:16:47 []:<-------------------------------------------------------------->
StartApp.exe: 00000FB8: 11:16:47 [Terminated]:Exit Code: 0
StartApp.exe: 00000918: 11:17:16 []:>--------------------------------------------------------------<
StartApp.exe: 00000918: 11:17:16 [TUniServerModule]:Server First Init.
StartApp.exe: 00000918: 11:17:16 [TUniServerModule]:Starting HTTP Server on Port: 8077...
StartApp.exe: 00000918: 11:17:16 [TUniServerModule]:HTTP Server Started on Port: 8077
StartApp.exe: 00001578: 11:17:20 [127.0.0.1]:EUniSessionException : Invalid session or session Timeout. (Session not found: rQdHqSjqni1093837F6 ) : Addr: $007CB8F2
StartApp.exe: 00000918: 11:20:01 [TUniServerModule]:Shutting Down Server.
StartApp.exe: 00000918: 11:20:01 [TUniServerModule]:Stopping HTTP Server.
StartApp.exe: 00000918: 11:20:03 [TUniServerModule]:HTTP Server Stopped.
StartApp.exe: 00000918: 11:20:03 [TUniGUISessionManager]:Terminating Session manager.
StartApp.exe: 00000918: 11:20:03 [TUniGUISessionManager]:Stopping Cache Eraser...
StartApp.exe: 00000918: 11:20:03 [TUniGUISessionManager]:Cache Eraser Stopped.
StartApp.exe: 00000918: 11:20:03 [TUniGUISessionManager]:Destroying Worker Threads.
StartApp.exe: 00000918: 11:20:03 [TUniGUISessionManager]:Session manager terminated.
StartApp.exe: 00000918: 11:20:03 [TUniServerModule]:Server Shutdown Completed.
StartApp.exe: 00000918: 11:20:03 []:<-------------------------------------------------------------->
StartApp.exe: 00000918: 11:20:03 [Terminated]:Exit Code: 0
StartApp.exe: 000022E8: 11:20:06 []:>--------------------------------------------------------------<
StartApp.exe: 000022E8: 11:20:06 [TUniServerModule]:Server First Init.
StartApp.exe: 000022E8: 11:20:06 [TUniServerModule]:Starting HTTP Server on Port: 8077...
StartApp.exe: 000022E8: 11:20:06 [TUniServerModule]:HTTP Server Started on Port: 8077
StartApp.exe: 000010AC: 11:20:06 [127.0.0.1]:EUniSessionException : Invalid session or session Timeout. (Session not found: x9oh8KEuwA1093839BE ) : Addr: $007CB8F2
StartApp.exe: 000022E8: 11:22:15 [TUniServerModule]:Shutting Down Server.
StartApp.exe: 000022E8: 11:22:15 [TUniServerModule]:Stopping HTTP Server.
StartApp.exe: 000022E8: 11:22:16 [TUniServerModule]:HTTP Server Stopped.
StartApp.exe: 000022E8: 11:22:16 [TUniGUISessionManager]:Terminating Session manager.
StartApp.exe: 000022E8: 11:22:16 [TUniGUISessionManager]:Stopping Cache Eraser...
StartApp.exe: 000022E8: 11:22:16 [TUniGUISessionManager]:Cache Eraser Stopped.
StartApp.exe: 000022E8: 11:22:16 [TUniGUISessionManager]:Destroying Worker Threads.
StartApp.exe: 000022E8: 11:22:16 [TUniGUISessionManager]:Session manager terminated.
StartApp.exe: 000022E8: 11:22:16 [TUniServerModule]:Server Shutdown Completed.
StartApp.exe: 000022E8: 11:22:16 []:<-------------------------------------------------------------->
StartApp.exe: 000022E8: 11:22:16 [Terminated]:Exit Code: 0
StartApp.exe: 0000017C: 11:51:01 []:>--------------------------------------------------------------<
StartApp.exe: 0000017C: 11:51:01 [TUniServerModule]:Server First Init.
StartApp.exe: 0000017C: 11:51:02 [TUniServerModule]:Starting HTTP Server on Port: 8077...
StartApp.exe: 0000017C: 11:51:02 [TUniServerModule]:HTTP Server Started on Port: 8077
StartApp.exe: 0000017C: 12:02:08 [TUniServerModule]:Shutting Down Server.
StartApp.exe: 0000017C: 12:02:08 [TUniServerModule]:Stopping HTTP Server.
StartApp.exe: 0000017C: 12:02:08 [TUniServerModule]:HTTP Server Stopped.
StartApp.exe: 0000017C: 12:02:08 [TUniGUISessionManager]:Terminating Session manager.
StartApp.exe: 0000017C: 12:02:08 [TUniGUISessionManager]:Stopping Cache Eraser...
StartApp.exe: 0000017C: 12:02:08 [TUniGUISessionManager]:Cache Eraser Stopped.
StartApp.exe: 0000017C: 12:02:08 [TUniGUISessionManager]:Destroying Worker Threads.
StartApp.exe: 0000017C: 12:02:08 [TUniGUISessionManager]:Session manager terminated.
StartApp.exe: 0000017C: 12:02:08 [TUniServerModule]:Server Shutdown Completed.
StartApp.exe: 0000017C: 12:02:08 []:<-------------------------------------------------------------->
StartApp.exe: 0000017C: 12:02:08 [Terminated]:Exit Code: 0
StartApp.exe: 00001CF8: 12:02:14 []:>--------------------------------------------------------------<
StartApp.exe: 00001CF8: 12:02:14 [TUniServerModule]:Server First Init.
StartApp.exe: 00001CF8: 12:02:14 [TUniServerModule]:Starting HTTP Server on Port: 8077...
StartApp.exe: 00001CF8: 12:02:14 [TUniServerModule]:HTTP Server Started on Port: 8077
StartApp.exe: 00001E74: 12:02:21 [192.168.4.34]:EUniSessionException : Invalid session or session Timeout. (Session not found: r4mjdOtHqi1093842E6 ) : Addr: $007CB8F2
StartApp.exe: 000045C4: 12:02:23 [HandleFileRequest[192.168.4.34]]:File not found: C:\Users\l\PDEV\DELPHI\AppStart\Win32\Debug\files\src\assets\cardapio\img.png
StartApp.exe: 00001CF8: 12:04:01 [TUniServerModule]:Shutting Down Server.
StartApp.exe: 00001CF8: 12:04:01 [TUniServerModule]:Stopping HTTP Server.
StartApp.exe: 00001CF8: 12:04:02 [TUniServerModule]:HTTP Server Stopped.
StartApp.exe: 00001CF8: 12:04:02 [TUniGUISessionManager]:Terminating Session manager.
StartApp.exe: 00001CF8: 12:04:02 [TUniGUISessionManager]:Stopping Cache Eraser...
StartApp.exe: 00001CF8: 12:04:02 [TUniGUISessionManager]:Cache Eraser Stopped.
StartApp.exe: 00001CF8: 12:04:02 [TUniGUISessionManager]:Destroying Worker Threads.
StartApp.exe: 00001CF8: 12:04:02 [TUniGUISessionManager]:Session manager terminated.
StartApp.exe: 00001CF8: 12:04:02 [TUniServerModule]:Server Shutdown Completed.
StartApp.exe: 00001CF8: 12:04:02 []:<-------------------------------------------------------------->
StartApp.exe: 00001CF8: 12:04:02 [Terminated]:Exit Code: 0
StartApp.exe: 000019B0: 12:09:17 []:>--------------------------------------------------------------<
StartApp.exe: 000019B0: 12:09:17 [TUniServerModule]:Server First Init.
StartApp.exe: 000019B0: 12:09:17 [TUniServerModule]:Starting HTTP Server on Port: 8077...
StartApp.exe: 000019B0: 12:09:17 [TUniServerModule]:HTTP Server Started on Port: 8077
StartApp.exe: 000037DC: 12:09:19 [192.168.4.34]:EUniSessionException : Invalid session or session Timeout. (Session not found: 8VeeCnqqyt1093845F4 ) : Addr: $007CB8F2
StartApp.exe: 00001FB8: 12:09:21 [HandleFileRequest[192.168.4.34]]:File not found: C:\Users\l\PDEV\DELPHI\AppStart\Win32\Debug\files\src\assets\img\cardapio\img.png
StartApp.exe: 00002620: 12:09:25 [HandleFileRequest[192.168.4.34]]:File not found: C:\Users\l\PDEV\DELPHI\AppStart\Win32\Debug\files\src\assets\img\cardapio\img.png
StartApp.exe: 000019B0: 12:12:40 [TUniServerModule]:Shutting Down Server.
StartApp.exe: 000019B0: 12:12:40 [TUniServerModule]:Stopping HTTP Server.
StartApp.exe: 000019B0: 12:12:41 [TUniServerModule]:HTTP Server Stopped.
StartApp.exe: 000019B0: 12:12:41 [TUniGUISessionManager]:Terminating Session manager.
StartApp.exe: 000019B0: 12:12:41 [TUniGUISessionManager]:Stopping Cache Eraser...
StartApp.exe: 000019B0: 12:12:41 [TUniGUISessionManager]:Cache Eraser Stopped.
StartApp.exe: 000019B0: 12:12:41 [TUniGUISessionManager]:Destroying Worker Threads.
StartApp.exe: 000019B0: 12:12:41 [TUniGUISessionManager]:Session manager terminated.
StartApp.exe: 000019B0: 12:12:41 [TUniServerModule]:Server Shutdown Completed.
StartApp.exe: 000019B0: 12:12:41 []:<-------------------------------------------------------------->
StartApp.exe: 000019B0: 12:12:41 [Terminated]:Exit Code: 0
StartApp.exe: 00003D18: 12:12:44 []:>--------------------------------------------------------------<
StartApp.exe: 00003D18: 12:12:44 [TUniServerModule]:Server First Init.
StartApp.exe: 00003D18: 12:12:44 [TUniServerModule]:Starting HTTP Server on Port: 8077...
StartApp.exe: 00003D18: 12:12:44 [TUniServerModule]:HTTP Server Started on Port: 8077
StartApp.exe: 000023F8: 12:12:50 [192.168.4.34]:EUniSessionException : Invalid session or session Timeout. (Session not found: P9Vqfz6s4w1093847DC ) : Addr: $007CB8F2
StartApp.exe: 000023F8: 12:12:52 [HandleFileRequest[192.168.4.34]]:File not found: C:\Users\l\PDEV\DELPHI\AppStart\Win32\Debug\files\src\img\cardapio\img.png
StartApp.exe: 00003CEC: 12:12:56 [HandleFileRequest[192.168.4.34]]:File not found: C:\Users\l\PDEV\DELPHI\AppStart\Win32\Debug\files\src\img\cardapio\img.png
StartApp.exe: 00003D18: 12:16:02 [TUniServerModule]:Shutting Down Server.
StartApp.exe: 00003D18: 12:16:02 [TUniServerModule]:Stopping HTTP Server.
StartApp.exe: 00003D18: 12:16:03 [TUniServerModule]:HTTP Server Stopped.
StartApp.exe: 00003D18: 12:16:03 [TUniGUISessionManager]:Terminating Session manager.
StartApp.exe: 00003D18: 12:16:03 [TUniGUISessionManager]:Stopping Cache Eraser...
StartApp.exe: 00003D18: 12:16:03 [TUniGUISessionManager]:Cache Eraser Stopped.
StartApp.exe: 00003D18: 12:16:03 [TUniGUISessionManager]:Destroying Worker Threads.
StartApp.exe: 00003D18: 12:16:03 [TUniGUISessionManager]:Session manager terminated.
StartApp.exe: 00003D18: 12:16:04 [TUniServerModule]:Server Shutdown Completed.
StartApp.exe: 00003D18: 12:16:04 []:<-------------------------------------------------------------->
StartApp.exe: 00003D18: 12:16:04 [Terminated]:Exit Code: 0
StartApp.exe: 00002748: 12:16:16 []:>--------------------------------------------------------------<
StartApp.exe: 00002748: 12:16:16 [TUniServerModule]:Server First Init.
StartApp.exe: 00002748: 12:16:16 [TUniServerModule]:Starting HTTP Server on Port: 8077...
StartApp.exe: 00002748: 12:16:16 [TUniServerModule]:HTTP Server Started on Port: 8077
StartApp.exe: 0000335C: 12:16:20 [127.0.0.1]:EUniSessionException : Invalid session or session Timeout. (Session not found: KYLMEop3p4109383A7E ) : Addr: $007CB8F2
StartApp.exe: 0000335C: 12:16:20 [127.0.0.1]:EUniSessionException : Invalid session or session Timeout. (Session not found: KYLMEop3p4109383A7E ) : Addr: $007CB8F2
StartApp.exe: 0000335C: 12:16:20 [HandleFileRequest[127.0.0.1]]:File not found: C:\Users\l\PDEV\DELPHI\AppStart\Win32\Debug\favicon.ico
StartApp.exe: 00003550: 12:16:34 [192.168.4.34]:EUniSessionException : Invalid session or session Timeout. (Session not found: UZk68BaSMC1093848D0 ) : Addr: $007CB8F2
StartApp.exe: 00002748: 12:17:06 [TUniServerModule]:Shutting Down Server.
StartApp.exe: 00002748: 12:17:06 [TUniServerModule]:Stopping HTTP Server.
StartApp.exe: 00002748: 12:17:07 [TUniServerModule]:HTTP Server Stopped.
StartApp.exe: 00002748: 12:17:07 [TUniGUISessionManager]:Terminating Session manager.
StartApp.exe: 00002748: 12:17:07 [TUniGUISessionManager]:Stopping Cache Eraser...
StartApp.exe: 00002748: 12:17:07 [TUniGUISessionManager]:Cache Eraser Stopped.
StartApp.exe: 00002748: 12:17:07 [TUniGUISessionManager]:Destroying Worker Threads.
StartApp.exe: 00002748: 12:17:07 [TUniGUISessionManager]:Session manager terminated.
StartApp.exe: 00002748: 12:17:07 [TUniServerModule]:Server Shutdown Completed.
StartApp.exe: 00002748: 12:17:07 []:<-------------------------------------------------------------->
StartApp.exe: 00002748: 12:17:07 [Terminated]:Exit Code: 0
StartApp.exe: 00000998: 12:17:09 []:>--------------------------------------------------------------<
StartApp.exe: 00000998: 12:17:09 [TUniServerModule]:Server First Init.
StartApp.exe: 00000998: 12:17:10 [TUniServerModule]:Starting HTTP Server on Port: 8077...
StartApp.exe: 00000998: 12:17:10 [TUniServerModule]:HTTP Server Started on Port: 8077
StartApp.exe: 000016D4: 12:17:11 [192.168.4.34]:EUniSessionException : Invalid session or session Timeout. (Session not found: N773DzEnYF1093849CF ) : Addr: $007CB8F2
StartApp.exe: 00002964: 12:17:12 [127.0.0.1]:EUniSessionException : Invalid session or session Timeout. (Session not found: C2ysjvIi4e1093849C2 ) : Addr: $007CB8F2
StartApp.exe: 00000998: 12:17:59 [TUniServerModule]:Shutting Down Server.
StartApp.exe: 00000998: 12:17:59 [TUniServerModule]:Stopping HTTP Server.
StartApp.exe: 00000998: 12:18:00 [TUniServerModule]:HTTP Server Stopped.
StartApp.exe: 00000998: 12:18:00 [TUniGUISessionManager]:Terminating Session manager.
StartApp.exe: 00000998: 12:18:00 [TUniGUISessionManager]:Stopping Cache Eraser...
StartApp.exe: 00000998: 12:18:00 [TUniGUISessionManager]:Cache Eraser Stopped.
StartApp.exe: 00000998: 12:18:00 [TUniGUISessionManager]:Destroying Worker Threads.
StartApp.exe: 00000998: 12:18:00 [TUniGUISessionManager]:Session manager terminated.
StartApp.exe: 00000998: 12:18:00 [TUniServerModule]:Server Shutdown Completed.
StartApp.exe: 00000998: 12:18:00 []:<-------------------------------------------------------------->
StartApp.exe: 00000998: 12:18:00 [Terminated]:Exit Code: 0
StartApp.exe: 000039B0: 12:18:03 []:>--------------------------------------------------------------<
StartApp.exe: 000039B0: 12:18:03 [TUniServerModule]:Server First Init.
StartApp.exe: 000039B0: 12:18:03 [TUniServerModule]:Starting HTTP Server on Port: 8077...
StartApp.exe: 000039B0: 12:18:03 [TUniServerModule]:HTTP Server Started on Port: 8077
StartApp.exe: 0000215C: 12:18:03 [127.0.0.1]:EUniSessionException : Invalid session or session Timeout. (Session not found: QgTq2akM9q1093849FB ) : Addr: $007CB8F2
StartApp.exe: 000033F8: 12:18:09 [192.168.4.34]:EUniSessionException : Invalid session or session Timeout. (Session not found: d3wvim81vq109384A01 ) : Addr: $007CB8F2
StartApp.exe: 000039B0: 12:19:38 [TUniServerModule]:Shutting Down Server.
StartApp.exe: 000039B0: 12:19:38 [TUniServerModule]:Stopping HTTP Server.
StartApp.exe: 000039B0: 12:19:39 [TUniServerModule]:HTTP Server Stopped.
StartApp.exe: 000039B0: 12:19:39 [TUniGUISessionManager]:Terminating Session manager.
StartApp.exe: 000039B0: 12:19:39 [TUniGUISessionManager]:Stopping Cache Eraser...
StartApp.exe: 000039B0: 12:19:39 [TUniGUISessionManager]:Cache Eraser Stopped.
StartApp.exe: 000039B0: 12:19:39 [TUniGUISessionManager]:Destroying Worker Threads.
StartApp.exe: 000039B0: 12:19:39 [TUniGUISessionManager]:Session manager terminated.
StartApp.exe: 000039B0: 12:19:39 [TUniServerModule]:Server Shutdown Completed.
StartApp.exe: 000039B0: 12:19:39 []:<-------------------------------------------------------------->
StartApp.exe: 000039B0: 12:19:39 [Terminated]:Exit Code: 0
StartApp.exe: 00001A8C: 12:19:42 []:>--------------------------------------------------------------<
StartApp.exe: 00001A8C: 12:19:42 [TUniServerModule]:Server First Init.
StartApp.exe: 00001A8C: 12:19:42 [TUniServerModule]:Starting HTTP Server on Port: 8077...
StartApp.exe: 00001A8C: 12:19:42 [TUniServerModule]:HTTP Server Started on Port: 8077
StartApp.exe: 000026E0: 12:19:43 [192.168.4.34]:EUniSessionException : Invalid session or session Timeout. (Session not found: tX6pdVBPc2109384A46 ) : Addr: $007CB8F2
StartApp.exe: 00003068: 12:19:53 [127.0.0.1]:EUniSessionException : Invalid session or session Timeout. (Session not found: 3QhcVWEQLu109384A37 ) : Addr: $007CB8F2
StartApp.exe: 00001A8C: 12:20:09 [TUniServerModule]:Shutting Down Server.
StartApp.exe: 00001A8C: 12:20:09 [TUniServerModule]:Stopping HTTP Server.
StartApp.exe: 00001A8C: 12:20:10 [TUniServerModule]:HTTP Server Stopped.
StartApp.exe: 00001A8C: 12:20:10 [TUniGUISessionManager]:Terminating Session manager.
StartApp.exe: 00001A8C: 12:20:10 [TUniGUISessionManager]:Stopping Cache Eraser...
StartApp.exe: 00001A8C: 12:20:10 [TUniGUISessionManager]:Cache Eraser Stopped.
StartApp.exe: 00001A8C: 12:20:10 [TUniGUISessionManager]:Destroying Worker Threads.
StartApp.exe: 00001A8C: 12:20:10 [TUniGUISessionManager]:Session manager terminated.
StartApp.exe: 00001A8C: 12:20:10 [TUniServerModule]:Server Shutdown Completed.
StartApp.exe: 00001A8C: 12:20:10 []:<-------------------------------------------------------------->
StartApp.exe: 00001A8C: 12:20:10 [Terminated]:Exit Code: 0
StartApp.exe: 00004624: 12:20:14 []:>--------------------------------------------------------------<
StartApp.exe: 00004624: 12:20:14 [TUniServerModule]:Server First Init.
StartApp.exe: 00004624: 12:20:14 [TUniServerModule]:Starting HTTP Server on Port: 8077...
StartApp.exe: 00004624: 12:20:14 [TUniServerModule]:HTTP Server Started on Port: 8077
StartApp.exe: 00002C94: 12:20:14 [192.168.4.34]:EUniSessionException : Invalid session or session Timeout. (Session not found: eA16uMJ3wy109384AA9 ) : Addr: $007CB8F2
StartApp.exe: 00004624: 12:20:38 [TUniServerModule]:Shutting Down Server.
StartApp.exe: 00004624: 12:20:38 [TUniServerModule]:Stopping HTTP Server.
StartApp.exe: 00004624: 12:20:39 [TUniServerModule]:HTTP Server Stopped.
StartApp.exe: 00004624: 12:20:39 [TUniGUISessionManager]:Terminating Session manager.
StartApp.exe: 00004624: 12:20:39 [TUniGUISessionManager]:Stopping Cache Eraser...
StartApp.exe: 00004624: 12:20:39 [TUniGUISessionManager]:Cache Eraser Stopped.
StartApp.exe: 00004624: 12:20:39 [TUniGUISessionManager]:Destroying Worker Threads.
StartApp.exe: 00004624: 12:20:39 [TUniGUISessionManager]:Session manager terminated.
StartApp.exe: 00004624: 12:20:39 [TUniServerModule]:Server Shutdown Completed.
StartApp.exe: 00004624: 12:20:39 []:<-------------------------------------------------------------->
StartApp.exe: 00004624: 12:20:39 [Terminated]:Exit Code: 0
StartApp.exe: 00001AB4: 12:20:42 []:>--------------------------------------------------------------<
StartApp.exe: 00001AB4: 12:20:42 [TUniServerModule]:Server First Init.
StartApp.exe: 00001AB4: 12:20:42 [TUniServerModule]:Starting HTTP Server on Port: 8077...
StartApp.exe: 00001AB4: 12:20:42 [TUniServerModule]:HTTP Server Started on Port: 8077
StartApp.exe: 0000121C: 12:20:43 [192.168.4.34]:EUniSessionException : Invalid session or session Timeout. (Session not found: DoyzRDVPCE109384ACE ) : Addr: $007CB8F2
StartApp.exe: 00001AB4: 12:21:08 [TUniServerModule]:Shutting Down Server.
StartApp.exe: 00001AB4: 12:21:08 [TUniServerModule]:Stopping HTTP Server.
StartApp.exe: 00001AB4: 12:21:09 [TUniServerModule]:HTTP Server Stopped.
StartApp.exe: 00001AB4: 12:21:09 [TUniGUISessionManager]:Terminating Session manager.
StartApp.exe: 00001AB4: 12:21:09 [TUniGUISessionManager]:Stopping Cache Eraser...
StartApp.exe: 00001AB4: 12:21:09 [TUniGUISessionManager]:Cache Eraser Stopped.
StartApp.exe: 00001AB4: 12:21:09 [TUniGUISessionManager]:Destroying Worker Threads.
StartApp.exe: 00001AB4: 12:21:09 [TUniGUISessionManager]:Session manager terminated.
StartApp.exe: 00001AB4: 12:21:09 [TUniServerModule]:Server Shutdown Completed.
StartApp.exe: 00001AB4: 12:21:09 []:<-------------------------------------------------------------->
StartApp.exe: 00001AB4: 12:21:09 [Terminated]:Exit Code: 0
StartApp.exe: 000045D4: 12:21:12 []:>--------------------------------------------------------------<
StartApp.exe: 000045D4: 12:21:12 [TUniServerModule]:Server First Init.
StartApp.exe: 000045D4: 12:21:12 [TUniServerModule]:Starting HTTP Server on Port: 8077...
StartApp.exe: 000045D4: 12:21:12 [TUniServerModule]:HTTP Server Started on Port: 8077
StartApp.exe: 000037F4: 12:21:14 [192.168.4.34]:EUniSessionException : Invalid session or session Timeout. (Session not found: LBkYYqkFXR109384AEF ) : Addr: $007CB8F2
StartApp.exe: 000045D4: 12:21:40 [TUniServerModule]:Shutting Down Server.
StartApp.exe: 000045D4: 12:21:40 [TUniServerModule]:Stopping HTTP Server.
StartApp.exe: 000045D4: 12:21:41 [TUniServerModule]:HTTP Server Stopped.
StartApp.exe: 000045D4: 12:21:41 [TUniGUISessionManager]:Terminating Session manager.
StartApp.exe: 000045D4: 12:21:41 [TUniGUISessionManager]:Stopping Cache Eraser...
StartApp.exe: 000045D4: 12:21:41 [TUniGUISessionManager]:Cache Eraser Stopped.
StartApp.exe: 000045D4: 12:21:41 [TUniGUISessionManager]:Destroying Worker Threads.
StartApp.exe: 000045D4: 12:21:41 [TUniGUISessionManager]:Session manager terminated.
StartApp.exe: 000045D4: 12:21:41 [TUniServerModule]:Server Shutdown Completed.
StartApp.exe: 000045D4: 12:21:41 []:<-------------------------------------------------------------->
StartApp.exe: 000045D4: 12:21:41 [Terminated]:Exit Code: 0
StartApp.exe: 00004164: 12:21:44 []:>--------------------------------------------------------------<
StartApp.exe: 00004164: 12:21:44 [TUniServerModule]:Server First Init.
StartApp.exe: 00004164: 12:21:44 [TUniServerModule]:Starting HTTP Server on Port: 8077...
StartApp.exe: 00004164: 12:21:44 [TUniServerModule]:HTTP Server Started on Port: 8077
StartApp.exe: 0000128C: 12:21:46 [192.168.4.34]:EUniSessionException : Invalid session or session Timeout. (Session not found: iibSjL1pbV109384B12 ) : Addr: $007CB8F2
StartApp.exe: 00003AEC: 12:23:19 [127.0.0.1]:EUniSessionException : Invalid session or session Timeout. (Session not found: vmBDrZahkC109384AB5 ) : Addr: $007CB8F2
StartApp.exe: 00004164: 12:23:34 [TUniServerModule]:Shutting Down Server.
StartApp.exe: 00004164: 12:23:34 [TUniServerModule]:Stopping HTTP Server.
StartApp.exe: 00004164: 12:23:35 [TUniServerModule]:HTTP Server Stopped.
StartApp.exe: 00004164: 12:23:35 [TUniGUISessionManager]:Terminating Session manager.
StartApp.exe: 00004164: 12:23:35 [TUniGUISessionManager]:Stopping Cache Eraser...
StartApp.exe: 00004164: 12:23:35 [TUniGUISessionManager]:Cache Eraser Stopped.
StartApp.exe: 00004164: 12:23:35 [TUniGUISessionManager]:Destroying Worker Threads.
StartApp.exe: 00004164: 12:23:35 [TUniGUISessionManager]:Session manager terminated.
StartApp.exe: 00004164: 12:23:35 [TUniServerModule]:Server Shutdown Completed.
StartApp.exe: 00004164: 12:23:35 []:<-------------------------------------------------------------->
StartApp.exe: 00004164: 12:23:35 [Terminated]:Exit Code: 0
StartApp.exe: 000029B0: 12:23:39 []:>--------------------------------------------------------------<
StartApp.exe: 000029B0: 12:23:39 [TUniServerModule]:Server First Init.
StartApp.exe: 000029B0: 12:23:39 [TUniServerModule]:Starting HTTP Server on Port: 8077...
StartApp.exe: 000029B0: 12:23:39 [TUniServerModule]:HTTP Server Started on Port: 8077
StartApp.exe: 00000AA4: 12:23:39 [127.0.0.1]:EUniSessionException : Invalid session or session Timeout. (Session not found: gt9T9hwzel109384BA4 ) : Addr: $007CB8F2
StartApp.exe: 00004320: 12:23:43 [192.168.4.34]:EUniSessionException : Invalid session or session Timeout. (Session not found: ElSHA7r4sH109384BB1 ) : Addr: $007CB8F2
StartApp.exe: 000029B0: 12:24:09 [TUniServerModule]:Shutting Down Server.
StartApp.exe: 000029B0: 12:24:09 [TUniServerModule]:Stopping HTTP Server.
StartApp.exe: 000029B0: 12:24:10 [TUniServerModule]:HTTP Server Stopped.
StartApp.exe: 000029B0: 12:24:10 [TUniGUISessionManager]:Terminating Session manager.
StartApp.exe: 000029B0: 12:24:10 [TUniGUISessionManager]:Stopping Cache Eraser...
StartApp.exe: 000029B0: 12:24:10 [TUniGUISessionManager]:Cache Eraser Stopped.
StartApp.exe: 000029B0: 12:24:10 [TUniGUISessionManager]:Destroying Worker Threads.
StartApp.exe: 000029B0: 12:24:10 [TUniGUISessionManager]:Session manager terminated.
StartApp.exe: 000029B0: 12:24:10 [TUniServerModule]:Server Shutdown Completed.
StartApp.exe: 000029B0: 12:24:10 []:<-------------------------------------------------------------->
StartApp.exe: 000029B0: 12:24:10 [Terminated]:Exit Code: 0
StartApp.exe: 000037A8: 12:24:13 []:>--------------------------------------------------------------<
StartApp.exe: 000037A8: 12:24:13 [TUniServerModule]:Server First Init.
StartApp.exe: 000037A8: 12:24:13 [TUniServerModule]:Starting HTTP Server on Port: 8077...
StartApp.exe: 000037A8: 12:24:13 [TUniServerModule]:HTTP Server Started on Port: 8077
StartApp.exe: 00003D38: 12:24:14 [192.168.4.34]:EUniSessionException : Invalid session or session Timeout. (Session not found: 8oGEmZKQFU109384BC0 ) : Addr: $007CB8F2
StartApp.exe: 0000100C: 12:24:14 [127.0.0.1]:EUniSessionException : Invalid session or session Timeout. (Session not found: 4VSVrvQOjP109384BBB ) : Addr: $007CB8F2
StartApp.exe: 000037A8: 12:24:45 [TUniServerModule]:Shutting Down Server.
StartApp.exe: 000037A8: 12:24:45 [TUniServerModule]:Stopping HTTP Server.
StartApp.exe: 000037A8: 12:24:46 [TUniServerModule]:HTTP Server Stopped.
StartApp.exe: 000037A8: 12:24:46 [TUniGUISessionManager]:Terminating Session manager.
StartApp.exe: 000037A8: 12:24:46 [TUniGUISessionManager]:Stopping Cache Eraser...
StartApp.exe: 000037A8: 12:24:46 [TUniGUISessionManager]:Cache Eraser Stopped.
StartApp.exe: 000037A8: 12:24:46 [TUniGUISessionManager]:Destroying Worker Threads.
StartApp.exe: 000037A8: 12:24:46 [TUniGUISessionManager]:Session manager terminated.
StartApp.exe: 000037A8: 12:24:46 [TUniServerModule]:Server Shutdown Completed.
StartApp.exe: 000037A8: 12:24:46 []:<-------------------------------------------------------------->
StartApp.exe: 000037A8: 12:24:46 [Terminated]:Exit Code: 0
StartApp.exe: 000013A8: 12:24:51 []:>--------------------------------------------------------------<
StartApp.exe: 000013A8: 12:24:51 [TUniServerModule]:Server First Init.
StartApp.exe: 000013A8: 12:24:51 [TUniServerModule]:Starting HTTP Server on Port: 8077...
StartApp.exe: 000013A8: 12:24:51 [TUniServerModule]:HTTP Server Started on Port: 8077
StartApp.exe: 0000400C: 12:24:53 [127.0.0.1]:EUniSessionException : Invalid session or session Timeout. (Session not found: bDjunytohb109384BE3 ) : Addr: $007CB8F2
StartApp.exe: 00001A68: 12:25:43 [192.168.4.34]:EUniSessionException : Invalid session or session Timeout. (Session not found: qW4VMjjCBe109384BE5 ) : Addr: $007CB8F2
StartApp.exe: 000013A8: 12:26:11 [TUniServerModule]:Shutting Down Server.
StartApp.exe: 000013A8: 12:26:11 [TUniServerModule]:Stopping HTTP Server.
StartApp.exe: 000013A8: 12:26:12 [TUniServerModule]:HTTP Server Stopped.
StartApp.exe: 000013A8: 12:26:12 [TUniGUISessionManager]:Terminating Session manager.
StartApp.exe: 000013A8: 12:26:12 [TUniGUISessionManager]:Stopping Cache Eraser...
StartApp.exe: 000013A8: 12:26:12 [TUniGUISessionManager]:Cache Eraser Stopped.
StartApp.exe: 000013A8: 12:26:12 [TUniGUISessionManager]:Destroying Worker Threads.
StartApp.exe: 000013A8: 12:26:12 [TUniGUISessionManager]:Session manager terminated.
StartApp.exe: 000013A8: 12:26:12 [TUniServerModule]:Server Shutdown Completed.
StartApp.exe: 000013A8: 12:26:12 []:<-------------------------------------------------------------->
StartApp.exe: 000013A8: 12:26:12 [Terminated]:Exit Code: 0
StartApp.exe: 00002D8C: 12:26:15 []:>--------------------------------------------------------------<
StartApp.exe: 00002D8C: 12:26:15 [TUniServerModule]:Server First Init.
StartApp.exe: 00002D8C: 12:26:15 [TUniServerModule]:Starting HTTP Server on Port: 8077...
StartApp.exe: 00002D8C: 12:26:15 [TUniServerModule]:HTTP Server Started on Port: 8077
StartApp.exe: 00000EE0: 12:26:15 [127.0.0.1]:EUniSessionException : Invalid session or session Timeout. (Session not found: ACWtMtAL2y109384C45 ) : Addr: $007CB8F2
StartApp.exe: 00003D40: 12:26:18 [192.168.4.34]:EUniSessionException : Invalid session or session Timeout. (Session not found: LmgNMYz8BT109384C4A ) : Addr: $007CB8F2
StartApp.exe: 00002D8C: 18:45:55 [TUniServerModule]:Shutting Down Server.
StartApp.exe: 00002D8C: 18:45:55 [TUniServerModule]:Stopping HTTP Server.
StartApp.exe: 00002D8C: 18:45:55 [TUniServerModule]:HTTP Server Stopped.
StartApp.exe: 00002D8C: 18:45:55 [TUniGUISessionManager]:Terminating Session manager.
StartApp.exe: 00002D8C: 18:45:55 [TUniGUISessionManager]:Stopping Cache Eraser...
StartApp.exe: 00002D8C: 18:45:55 [TUniGUISessionManager]:Cache Eraser Stopped.
StartApp.exe: 00002D8C: 18:45:55 [TUniGUISessionManager]:Destroying Worker Threads.
StartApp.exe: 00002D8C: 18:45:55 [TUniGUISessionManager]:Session manager terminated.
StartApp.exe: 00002D8C: 18:45:55 [TUniServerModule]:Server Shutdown Completed.
StartApp.exe: 00002D8C: 18:45:55 []:<-------------------------------------------------------------->
StartApp.exe: 00002D8C: 18:45:56 [Terminated]:Exit Code: 0
StartApp.exe: 00004248: 18:57:25 []:>--------------------------------------------------------------<
StartApp.exe: 00004248: 18:57:25 [TUniServerModule]:Server First Init.
StartApp.exe: 00004248: 18:57:25 [TUniServerModule]:Starting HTTP Server on Port: 8077...
StartApp.exe: 00004248: 18:57:25 [TUniServerModule]:HTTP Server Started on Port: 8077
StartApp.exe: 00001724: 18:57:31 [127.0.0.1]:EUniSessionException : Invalid session or session Timeout. (Session not found: orlGcqbkAo109384C8A ) : Addr: $007CB8F2
StartApp.exe: 00004248: 18:59:28 [TUniServerModule]:Shutting Down Server.
StartApp.exe: 00004248: 18:59:28 [TUniServerModule]:Stopping HTTP Server.
StartApp.exe: 00004248: 18:59:29 [TUniServerModule]:HTTP Server Stopped.
StartApp.exe: 00004248: 18:59:29 [TUniGUISessionManager]:Terminating Session manager.
StartApp.exe: 00004248: 18:59:29 [TUniGUISessionManager]:Stopping Cache Eraser...
StartApp.exe: 00004248: 18:59:29 [TUniGUISessionManager]:Cache Eraser Stopped.
StartApp.exe: 00004248: 18:59:29 [TUniGUISessionManager]:Destroying Worker Threads.
StartApp.exe: 00004248: 18:59:29 [TUniGUISessionManager]:Session manager terminated.
StartApp.exe: 00004248: 18:59:29 [TUniServerModule]:Server Shutdown Completed.
StartApp.exe: 00004248: 18:59:29 []:<-------------------------------------------------------------->
StartApp.exe: 00004248: 18:59:29 [Terminated]:Exit Code: 0
StartApp.exe: 00000E10: 18:59:37 []:>--------------------------------------------------------------<
StartApp.exe: 00000E10: 18:59:37 [TUniServerModule]:Server First Init.
StartApp.exe: 00000E10: 18:59:38 [TUniServerModule]:Starting HTTP Server on Port: 8077...
StartApp.exe: 00000E10: 18:59:38 [TUniServerModule]:HTTP Server Started on Port: 8077
StartApp.exe: 00000E10: 19:09:03 [TUniServerModule]:Shutting Down Server.
StartApp.exe: 00000E10: 19:09:03 [TUniServerModule]:Stopping HTTP Server.
StartApp.exe: 00000E10: 19:09:04 [TUniServerModule]:HTTP Server Stopped.
StartApp.exe: 00000E10: 19:09:04 [TUniGUISessionManager]:Terminating Session manager.
StartApp.exe: 00000E10: 19:09:04 [TUniGUISessionManager]:Stopping Cache Eraser...
StartApp.exe: 00000E10: 19:09:05 [TUniGUISessionManager]:Cache Eraser Stopped.
StartApp.exe: 00000E10: 19:09:05 [TUniGUISessionManager]:Destroying Worker Threads.
StartApp.exe: 00000E10: 19:09:05 [TUniGUISessionManager]:Session manager terminated.
StartApp.exe: 00000E10: 19:09:05 [TUniServerModule]:Server Shutdown Completed.
StartApp.exe: 00000E10: 19:09:05 []:<-------------------------------------------------------------->
StartApp.exe: 00000E10: 19:09:05 [Terminated]:Exit Code: 0
StartApp.exe: 00003120: 19:09:19 []:>--------------------------------------------------------------<
StartApp.exe: 00003120: 19:09:19 [TUniServerModule]:Server First Init.
StartApp.exe: 00003120: 19:09:19 [TUniServerModule]:Starting HTTP Server on Port: 8077...
StartApp.exe: 00003120: 19:09:19 [TUniServerModule]:HTTP Server Started on Port: 8077
StartApp.exe: 00003120: 19:10:53 [TUniServerModule]:Shutting Down Server.
StartApp.exe: 00003120: 19:10:53 [TUniServerModule]:Stopping HTTP Server.
StartApp.exe: 00003120: 19:10:54 [TUniServerModule]:HTTP Server Stopped.
StartApp.exe: 00003120: 19:10:54 [TUniGUISessionManager]:Terminating Session manager.
StartApp.exe: 00003120: 19:10:54 [TUniGUISessionManager]:Stopping Cache Eraser...
StartApp.exe: 00003120: 19:10:54 [TUniGUISessionManager]:Cache Eraser Stopped.
StartApp.exe: 00003120: 19:10:54 [TUniGUISessionManager]:Destroying Worker Threads.
StartApp.exe: 00003120: 19:10:54 [TUniGUISessionManager]:Session manager terminated.
StartApp.exe: 00003120: 19:10:54 [TUniServerModule]:Server Shutdown Completed.
StartApp.exe: 00003120: 19:10:54 []:<-------------------------------------------------------------->
StartApp.exe: 00003120: 19:10:54 [Terminated]:Exit Code: 0
StartApp.exe: 000028E8: 19:13:43 []:>--------------------------------------------------------------<
StartApp.exe: 000028E8: 19:13:43 [TUniServerModule]:Server First Init.
StartApp.exe: 000028E8: 19:13:43 [TUniServerModule]:Starting HTTP Server on Port: 8077...
StartApp.exe: 000028E8: 19:13:43 [TUniServerModule]:HTTP Server Started on Port: 8077
StartApp.exe: 000028E8: 19:25:11 [TUniServerModule]:Shutting Down Server.
StartApp.exe: 000028E8: 19:25:11 [TUniServerModule]:Stopping HTTP Server.
StartApp.exe: 000028E8: 19:25:12 [TUniServerModule]:HTTP Server Stopped.
StartApp.exe: 000028E8: 19:25:12 [TUniGUISessionManager]:Terminating Session manager.
StartApp.exe: 000028E8: 19:25:12 [TUniGUISessionManager]:Stopping Cache Eraser...
StartApp.exe: 000028E8: 19:25:12 [TUniGUISessionManager]:Cache Eraser Stopped.
StartApp.exe: 000028E8: 19:25:12 [TUniGUISessionManager]:Destroying Worker Threads.
StartApp.exe: 000028E8: 19:25:12 [TUniGUISessionManager]:Session manager terminated.
StartApp.exe: 000028E8: 19:25:12 [TUniServerModule]:Server Shutdown Completed.
StartApp.exe: 000028E8: 19:25:12 []:<-------------------------------------------------------------->
StartApp.exe: 000028E8: 19:25:12 [Terminated]:Exit Code: 0
StartApp.exe: 000029B8: 19:26:51 []:>--------------------------------------------------------------<
StartApp.exe: 000029B8: 19:26:51 [TUniServerModule]:Server First Init.
StartApp.exe: 000029B8: 19:26:51 [TUniServerModule]:Starting HTTP Server on Port: 8077...
StartApp.exe: 000029B8: 19:26:51 [TUniServerModule]:HTTP Server Started on Port: 8077
StartApp.exe: 000029B8: 19:30:26 [TUniServerModule]:Shutting Down Server.
StartApp.exe: 000029B8: 19:30:26 [TUniServerModule]:Stopping HTTP Server.
StartApp.exe: 000029B8: 19:30:26 [TUniServerModule]:HTTP Server Stopped.
StartApp.exe: 000029B8: 19:30:26 [TUniGUISessionManager]:Terminating Session manager.
StartApp.exe: 000029B8: 19:30:26 [TUniGUISessionManager]:Stopping Cache Eraser...
StartApp.exe: 000029B8: 19:30:26 [TUniGUISessionManager]:Cache Eraser Stopped.
StartApp.exe: 000029B8: 19:30:26 [TUniGUISessionManager]:Destroying Worker Threads.
StartApp.exe: 000029B8: 19:30:26 [TUniGUISessionManager]:Session manager terminated.
StartApp.exe: 000029B8: 19:30:26 [TUniServerModule]:Server Shutdown Completed.
StartApp.exe: 000029B8: 19:30:26 []:<-------------------------------------------------------------->
StartApp.exe: 000029B8: 19:30:26 [Terminated]:Exit Code: 0
StartApp.exe: 00002028: 19:30:32 []:>--------------------------------------------------------------<
StartApp.exe: 00002028: 19:30:32 [TUniServerModule]:Server First Init.
StartApp.exe: 00002028: 19:30:32 [TUniServerModule]:Starting HTTP Server on Port: 8077...
StartApp.exe: 00002028: 19:30:32 [TUniServerModule]:HTTP Server Started on Port: 8077
StartApp.exe: 00002028: 19:35:09 [TUniServerModule]:Shutting Down Server.
StartApp.exe: 00002028: 19:35:09 [TUniServerModule]:Stopping HTTP Server.
StartApp.exe: 00002028: 19:35:09 [TUniServerModule]:HTTP Server Stopped.
StartApp.exe: 00002028: 19:35:09 [TUniGUISessionManager]:Terminating Session manager.
StartApp.exe: 00002028: 19:35:09 [TUniGUISessionManager]:Stopping Cache Eraser...
StartApp.exe: 00002028: 19:35:09 [TUniGUISessionManager]:Cache Eraser Stopped.
StartApp.exe: 00002028: 19:35:09 [TUniGUISessionManager]:Destroying Worker Threads.
StartApp.exe: 00002028: 19:35:09 [TUniGUISessionManager]:Session manager terminated.
StartApp.exe: 00002028: 19:35:09 [TUniServerModule]:Server Shutdown Completed.
StartApp.exe: 00002028: 19:35:09 []:<-------------------------------------------------------------->
StartApp.exe: 00002028: 19:35:09 [Terminated]:Exit Code: 0
StartApp.exe: 000039C4: 19:35:15 []:>--------------------------------------------------------------<
StartApp.exe: 000039C4: 19:35:15 [TUniServerModule]:Server First Init.
StartApp.exe: 000039C4: 19:35:16 [TUniServerModule]:Starting HTTP Server on Port: 8077...
StartApp.exe: 000039C4: 19:35:16 [TUniServerModule]:HTTP Server Started on Port: 8077
StartApp.exe: 00002730: 19:35:16 [127.0.0.1]:EUniSessionException : Invalid session or session Timeout. (Session not found: 1TdRGlFULc10938BF8F ) : Addr: $007CB8F2
StartApp.exe: 000039C4: 19:38:59 [TUniServerModule]:Shutting Down Server.
StartApp.exe: 000039C4: 19:38:59 [TUniServerModule]:Stopping HTTP Server.
StartApp.exe: 000039C4: 19:38:59 [TUniServerModule]:HTTP Server Stopped.
StartApp.exe: 000039C4: 19:38:59 [TUniGUISessionManager]:Terminating Session manager.
StartApp.exe: 000039C4: 19:38:59 [TUniGUISessionManager]:Stopping Cache Eraser...
StartApp.exe: 000039C4: 19:38:59 [TUniGUISessionManager]:Cache Eraser Stopped.
StartApp.exe: 000039C4: 19:38:59 [TUniGUISessionManager]:Destroying Worker Threads.
StartApp.exe: 000039C4: 19:38:59 [TUniGUISessionManager]:Session manager terminated.
StartApp.exe: 000039C4: 19:39:00 [TUniServerModule]:Server Shutdown Completed.
StartApp.exe: 000039C4: 19:39:00 []:<-------------------------------------------------------------->
StartApp.exe: 000039C4: 19:39:00 [Terminated]:Exit Code: 0
StartApp.exe: 00003EC4: 19:39:06 []:>--------------------------------------------------------------<
StartApp.exe: 00003EC4: 19:39:06 [TUniServerModule]:Server First Init.
StartApp.exe: 00003EC4: 19:39:06 [TUniServerModule]:Starting HTTP Server on Port: 8077...
StartApp.exe: 00003EC4: 19:39:06 [TUniServerModule]:HTTP Server Started on Port: 8077
StartApp.exe: 00003EC4: 19:40:44 [TUniServerModule]:Shutting Down Server.
StartApp.exe: 00003EC4: 19:40:44 [TUniServerModule]:Stopping HTTP Server.
StartApp.exe: 00003EC4: 19:40:45 [TUniServerModule]:HTTP Server Stopped.
StartApp.exe: 00003EC4: 19:40:45 [TUniGUISessionManager]:Terminating Session manager.
StartApp.exe: 00003EC4: 19:40:45 [TUniGUISessionManager]:Stopping Cache Eraser...
StartApp.exe: 00003EC4: 19:40:45 [TUniGUISessionManager]:Cache Eraser Stopped.
StartApp.exe: 00003EC4: 19:40:45 [TUniGUISessionManager]:Destroying Worker Threads.
StartApp.exe: 00003EC4: 19:40:45 [TUniGUISessionManager]:Session manager terminated.
StartApp.exe: 00003EC4: 19:40:45 [TUniServerModule]:Server Shutdown Completed.
StartApp.exe: 00003EC4: 19:40:45 []:<-------------------------------------------------------------->
StartApp.exe: 00003EC4: 19:40:45 [Terminated]:Exit Code: 0
StartApp.exe: 00002DB4: 19:40:50 []:>--------------------------------------------------------------<
StartApp.exe: 00002DB4: 19:40:50 [TUniServerModule]:Server First Init.
StartApp.exe: 00002DB4: 19:40:50 [TUniServerModule]:Starting HTTP Server on Port: 8077...
StartApp.exe: 00002DB4: 19:40:50 [TUniServerModule]:HTTP Server Started on Port: 8077
StartApp.exe: 00002F38: 19:40:52 [127.0.0.1]:EUniSessionException : Invalid session or session Timeout. (Session not found: IVL7qIZyEu10938C1DD ) : Addr: $007CB8F2
StartApp.exe: 000046B0: 19:40:52 [127.0.0.1]:EUniSessionException : Invalid session or session Timeout. (Session not found: IVL7qIZyEu10938C1DD ) : Addr: $007CB8F2
StartApp.exe: 00002DB4: 19:44:43 [TUniServerModule]:Shutting Down Server.
StartApp.exe: 00002DB4: 19:44:43 [TUniServerModule]:Stopping HTTP Server.
StartApp.exe: 00002DB4: 19:44:43 [TUniServerModule]:HTTP Server Stopped.
StartApp.exe: 00002DB4: 19:44:43 [TUniGUISessionManager]:Terminating Session manager.
StartApp.exe: 00002DB4: 19:44:43 [TUniGUISessionManager]:Stopping Cache Eraser...
StartApp.exe: 00002DB4: 19:44:43 [TUniGUISessionManager]:Cache Eraser Stopped.
StartApp.exe: 00002DB4: 19:44:44 [TUniGUISessionManager]:Destroying Worker Threads.
StartApp.exe: 00002DB4: 19:44:44 [TUniGUISessionManager]:Session manager terminated.
StartApp.exe: 00002DB4: 19:44:44 [TUniServerModule]:Server Shutdown Completed.
StartApp.exe: 00002DB4: 19:44:44 []:<-------------------------------------------------------------->
StartApp.exe: 00002DB4: 19:44:44 [Terminated]:Exit Code: 0
StartApp.exe: 000007E0: 19:49:45 []:>--------------------------------------------------------------<
StartApp.exe: 000007E0: 19:49:45 [TUniServerModule]:Server First Init.
StartApp.exe: 000007E0: 19:49:45 [TUniServerModule]:Starting HTTP Server on Port: 8077...
StartApp.exe: 000007E0: 19:49:45 [TUniServerModule]:HTTP Server Started on Port: 8077
StartApp.exe: 000044E0: 19:49:45 [127.0.0.1]:EUniSessionException : Invalid session or session Timeout. (Session not found: clTZRZs5oA10938C255 ) : Addr: $007CB8F2
StartApp.exe: 00000354: 19:49:45 [127.0.0.1]:EUniSessionException : Invalid session or session Timeout. (Session not found: clTZRZs5oA10938C255 ) : Addr: $007CB8F2
StartApp.exe: 000007E0: 19:51:05 [TUniServerModule]:Shutting Down Server.
StartApp.exe: 000007E0: 19:51:05 [TUniServerModule]:Stopping HTTP Server.
StartApp.exe: 000007E0: 19:51:06 [TUniServerModule]:HTTP Server Stopped.
StartApp.exe: 000007E0: 19:51:06 [TUniGUISessionManager]:Terminating Session manager.
StartApp.exe: 000007E0: 19:51:06 [TUniGUISessionManager]:Stopping Cache Eraser...
StartApp.exe: 000007E0: 19:51:06 [TUniGUISessionManager]:Cache Eraser Stopped.
StartApp.exe: 000007E0: 19:51:06 [TUniGUISessionManager]:Waiting for session manager thread...
StartApp.exe: 00001488: 19:54:29 []:>--------------------------------------------------------------<
StartApp.exe: 00001488: 19:54:29 [TUniServerModule]:Server First Init.
StartApp.exe: 00001488: 19:54:29 [TUniServerModule]:Global Cache Folder Erased. <5> Files deleted.
StartApp.exe: 00001488: 19:54:29 [TUniServerModule]:Starting HTTP Server on Port: 8077...
StartApp.exe: 00001488: 19:54:29 [TUniServerModule]:HTTP Server Started on Port: 8077
StartApp.exe: 00002C9C: 19:54:29 [127.0.0.1]:EUniSessionException : Invalid session or session Timeout. (Session not found: wB1kZuD7in10938C515 ) : Addr: $007CB8F2
StartApp.exe: 00002C9C: 19:54:29 [127.0.0.1]:EUniSessionException : Invalid session or session Timeout. (Session not found: wB1kZuD7in10938C515 ) : Addr: $007CB8F2
StartApp.exe: 000032BC: 19:54:31 [127.0.0.1]:EUniSessionException : Invalid session or session Timeout. (Session not found: wB1kZuD7in10938C515 ) : Addr: $007CB8F2
StartApp.exe: 00004278: 19:54:31 [127.0.0.1]:EUniSessionException : Invalid session or session Timeout. (Session not found: wB1kZuD7in10938C515 ) : Addr: $007CB8F2
StartApp.exe: 00004278: 19:54:31 [127.0.0.1]:EUniSessionException : Invalid session or session Timeout. (Session not found: wB1kZuD7in10938C515 ) : Addr: $007CB8F2
StartApp.exe: 000032BC: 19:54:31 [127.0.0.1]:EUniSessionException : Invalid session or session Timeout. (Session not found: wB1kZuD7in10938C515 ) : Addr: $007CB8F2
StartApp.exe: 00001488: 20:03:09 [TUniServerModule]:Shutting Down Server.
StartApp.exe: 00001488: 20:03:09 [TUniServerModule]:Stopping HTTP Server.
StartApp.exe: 00001488: 20:03:10 [TUniServerModule]:HTTP Server Stopped.
StartApp.exe: 00001488: 20:03:10 [TUniGUISessionManager]:Terminating Session manager.
StartApp.exe: 00001488: 20:03:10 [TUniGUISessionManager]:Stopping Cache Eraser...
StartApp.exe: 00001488: 20:03:10 [TUniGUISessionManager]:Cache Eraser Stopped.
StartApp.exe: 00001488: 20:03:10 [TUniGUISessionManager]:Destroying Worker Threads.
StartApp.exe: 00001488: 20:03:10 [TUniGUISessionManager]:Session manager terminated.
StartApp.exe: 00001488: 20:03:10 [TUniServerModule]:Server Shutdown Completed.
StartApp.exe: 00001488: 20:03:10 []:<-------------------------------------------------------------->
StartApp.exe: 00001488: 20:03:10 [Terminated]:Exit Code: 0
StartApp.exe: 00002250: 20:42:29 []:>--------------------------------------------------------------<
StartApp.exe: 00002250: 20:42:29 [TUniServerModule]:Server First Init.
StartApp.exe: 00002250: 20:42:29 [TUniServerModule]:Starting HTTP Server on Port: 8077...
StartApp.exe: 00002250: 20:42:29 [TUniServerModule]:HTTP Server Started on Port: 8077
StartApp.exe: 00003364: 20:42:29 [127.0.0.1]:EUniSessionException : Invalid session or session Timeout. (Session not found: 5BSPL4OcWy10938C609 ) : Addr: $007CB8F2
StartApp.exe: 00003364: 20:42:29 [127.0.0.1]:EUniSessionException : Invalid session or session Timeout. (Session not found: 5BSPL4OcWy10938C609 ) : Addr: $007CB8F2
StartApp.exe: 00003C20: 20:42:29 [127.0.0.1]:EUniSessionException : Invalid session or session Timeout. (Session not found: 5BSPL4OcWy10938C609 ) : Addr: $007CB8F2
StartApp.exe: 00003364: 20:42:29 [127.0.0.1]:EUniSessionException : Invalid session or session Timeout. (Session not found: 5BSPL4OcWy10938C609 ) : Addr: $007CB8F2
StartApp.exe: 00003F98: 20:42:29 [127.0.0.1]:EUniSessionException : Invalid session or session Timeout. (Session not found: 5BSPL4OcWy10938C609 ) : Addr: $007CB8F2
StartApp.exe: 00002250: 20:49:53 [TUniServerModule]:Shutting Down Server.
StartApp.exe: 00002250: 20:49:53 [TUniServerModule]:Stopping HTTP Server.
StartApp.exe: 00002250: 20:49:54 [TUniServerModule]:HTTP Server Stopped.
StartApp.exe: 00002250: 20:49:54 [TUniGUISessionManager]:Terminating Session manager.
StartApp.exe: 00002250: 20:49:54 [TUniGUISessionManager]:Stopping Cache Eraser...
StartApp.exe: 00002250: 20:49:54 [TUniGUISessionManager]:Cache Eraser Stopped.
StartApp.exe: 00002250: 20:49:54 [TUniGUISessionManager]:Destroying Worker Threads.
StartApp.exe: 00002250: 20:49:54 [TUniGUISessionManager]:Session manager terminated.
StartApp.exe: 00002250: 20:49:54 [TUniServerModule]:Server Shutdown Completed.
StartApp.exe: 00002250: 20:49:54 []:<-------------------------------------------------------------->
StartApp.exe: 00002250: 20:49:54 [Terminated]:Exit Code: 0
StartApp.exe: 000008C0: 20:50:00 []:>--------------------------------------------------------------<
StartApp.exe: 000008C0: 20:50:00 [TUniServerModule]:Server First Init.
StartApp.exe: 000008C0: 20:50:00 [TUniServerModule]:Starting HTTP Server on Port: 8077...
StartApp.exe: 000008C0: 20:50:00 [TUniServerModule]:HTTP Server Started on Port: 8077
StartApp.exe: 000008C0: 20:52:39 [TUniServerModule]:Shutting Down Server.
StartApp.exe: 000008C0: 20:52:39 [TUniServerModule]:Stopping HTTP Server.
StartApp.exe: 000008C0: 20:52:39 [TUniServerModule]:HTTP Server Stopped.
StartApp.exe: 000008C0: 20:52:39 [TUniGUISessionManager]:Terminating Session manager.
StartApp.exe: 000008C0: 20:52:39 [TUniGUISessionManager]:Stopping Cache Eraser...
StartApp.exe: 000008C0: 20:52:39 [TUniGUISessionManager]:Cache Eraser Stopped.
StartApp.exe: 000008C0: 20:52:39 [TUniGUISessionManager]:Destroying Worker Threads.
StartApp.exe: 000008C0: 20:52:39 [TUniGUISessionManager]:Session manager terminated.
StartApp.exe: 000008C0: 20:52:39 [TUniServerModule]:Server Shutdown Completed.
StartApp.exe: 000008C0: 20:52:39 []:<-------------------------------------------------------------->
StartApp.exe: 000008C0: 20:52:39 [Terminated]:Exit Code: 0
StartApp.exe: 000044B0: 20:56:01 []:>--------------------------------------------------------------<
StartApp.exe: 000044B0: 20:56:01 [TUniServerModule]:Server First Init.
StartApp.exe: 000044B0: 20:56:02 [TUniServerModule]:Starting HTTP Server on Port: 8077...
StartApp.exe: 000044B0: 20:56:02 [TUniServerModule]:HTTP Server Started on Port: 8077
StartApp.exe: 000044B0: 20:59:16 [TUniServerModule]:Shutting Down Server.
StartApp.exe: 000044B0: 20:59:16 [TUniServerModule]:Stopping HTTP Server.
StartApp.exe: 000044B0: 20:59:16 [TUniServerModule]:HTTP Server Stopped.
StartApp.exe: 000044B0: 20:59:16 [TUniGUISessionManager]:Terminating Session manager.
StartApp.exe: 000044B0: 20:59:16 [TUniGUISessionManager]:Stopping Cache Eraser...
StartApp.exe: 000044B0: 20:59:16 [TUniGUISessionManager]:Cache Eraser Stopped.
StartApp.exe: 000044B0: 20:59:16 [TUniGUISessionManager]:Destroying Worker Threads.
StartApp.exe: 000044B0: 20:59:16 [TUniGUISessionManager]:Session manager terminated.
StartApp.exe: 000044B0: 20:59:16 [TUniServerModule]:Server Shutdown Completed.
StartApp.exe: 000044B0: 20:59:16 []:<-------------------------------------------------------------->
StartApp.exe: 000044B0: 20:59:16 [Terminated]:Exit Code: 0
StartApp.exe: 00004398: 20:59:20 []:>--------------------------------------------------------------<
StartApp.exe: 00004398: 20:59:20 [TUniServerModule]:Server First Init.
StartApp.exe: 00004398: 20:59:20 [TUniServerModule]:Starting HTTP Server on Port: 8077...
StartApp.exe: 00004398: 20:59:20 [TUniServerModule]:HTTP Server Started on Port: 8077
StartApp.exe: 0000246C: 20:59:44 [127.0.0.1]:EUniSessionException : Invalid session or session Timeout. (Session not found: 8MDHBxbsSx10938D6BA ) : Addr: $007CB8F2
StartApp.exe: 00004398: 21:10:11 [TUniServerModule]:Shutting Down Server.
StartApp.exe: 00004398: 21:10:11 [TUniServerModule]:Stopping HTTP Server.
StartApp.exe: 00004398: 21:10:12 [TUniServerModule]:HTTP Server Stopped.
StartApp.exe: 00004398: 21:10:12 [TUniGUISessionManager]:Terminating Session manager.
StartApp.exe: 00004398: 21:10:12 [TUniGUISessionManager]:Stopping Cache Eraser...
StartApp.exe: 00004398: 21:10:12 [TUniGUISessionManager]:Cache Eraser Stopped.
StartApp.exe: 00004398: 21:10:12 [TUniGUISessionManager]:Destroying Worker Threads.
StartApp.exe: 00004398: 21:10:12 [TUniGUISessionManager]:Session manager terminated.
StartApp.exe: 00004398: 21:10:12 [TUniServerModule]:Server Shutdown Completed.
StartApp.exe: 00004398: 21:10:12 []:<-------------------------------------------------------------->
StartApp.exe: 00004398: 21:10:12 [Terminated]:Exit Code: 0
StartApp.exe: 000015E4: 21:10:18 []:>--------------------------------------------------------------<
StartApp.exe: 000015E4: 21:10:18 [TUniServerModule]:Server First Init.
StartApp.exe: 000015E4: 21:10:18 [TUniServerModule]:Starting HTTP Server on Port: 8077...
StartApp.exe: 000015E4: 21:10:18 [TUniServerModule]:HTTP Server Started on Port: 8077
StartApp.exe: 0000235C: 21:10:20 [127.0.0.1]:EUniSessionException : Invalid session or session Timeout. (Session not found: F4T1gvu2M310938D7BB ) : Addr: $007CBBD6
StartApp.exe: 00000918: 21:10:20 [127.0.0.1]:EUniSessionException : Invalid session or session Timeout. (Session not found: F4T1gvu2M310938D7BB ) : Addr: $007CBBD6
StartApp.exe: 000015E4: 21:11:14 [TUniServerModule]:Shutting Down Server.
StartApp.exe: 000015E4: 21:11:14 [TUniServerModule]:Stopping HTTP Server.
StartApp.exe: 000015E4: 21:11:15 [TUniServerModule]:HTTP Server Stopped.
StartApp.exe: 000015E4: 21:11:15 [TUniGUISessionManager]:Terminating Session manager.
StartApp.exe: 000015E4: 21:11:15 [TUniGUISessionManager]:Stopping Cache Eraser...
StartApp.exe: 000015E4: 21:11:15 [TUniGUISessionManager]:Cache Eraser Stopped.
StartApp.exe: 000015E4: 21:11:15 [TUniGUISessionManager]:Destroying Worker Threads.
StartApp.exe: 000015E4: 21:11:15 [TUniGUISessionManager]:Session manager terminated.
StartApp.exe: 000015E4: 21:11:15 [TUniServerModule]:Server Shutdown Completed.
StartApp.exe: 000015E4: 21:11:15 []:<-------------------------------------------------------------->
StartApp.exe: 000015E4: 21:11:15 [Terminated]:Exit Code: 0
StartApp.exe: 00002E70: 21:11:20 []:>--------------------------------------------------------------<
StartApp.exe: 00002E70: 21:11:20 [TUniServerModule]:Server First Init.
StartApp.exe: 00002E70: 21:11:20 [TUniServerModule]:Starting HTTP Server on Port: 8077...
StartApp.exe: 00002E70: 21:11:20 [TUniServerModule]:HTTP Server Started on Port: 8077
StartApp.exe: 00003D9C: 21:11:35 [127.0.0.1]:EUniSessionException : Invalid session or session Timeout. (Session not found: EFNohWuzS910938DA9B ) : Addr: $007CBBD6
StartApp.exe: 00002E70: 21:14:41 [TUniServerModule]:Shutting Down Server.
StartApp.exe: 00002E70: 21:14:41 [TUniServerModule]:Stopping HTTP Server.
StartApp.exe: 00002E70: 21:14:42 [TUniServerModule]:HTTP Server Stopped.
StartApp.exe: 00002E70: 21:14:42 [TUniGUISessionManager]:Terminating Session manager.
StartApp.exe: 00002E70: 21:14:42 [TUniGUISessionManager]:Stopping Cache Eraser...
StartApp.exe: 00002E70: 21:14:42 [TUniGUISessionManager]:Cache Eraser Stopped.
StartApp.exe: 00002E70: 21:14:42 [TUniGUISessionManager]:Destroying Worker Threads.
StartApp.exe: 00002E70: 21:14:42 [TUniGUISessionManager]:Session manager terminated.
StartApp.exe: 00002E70: 21:14:42 [TUniServerModule]:Server Shutdown Completed.
StartApp.exe: 00002E70: 21:14:42 []:<-------------------------------------------------------------->
StartApp.exe: 00002E70: 21:14:42 [Terminated]:Exit Code: 0
StartApp.exe: 000038D0: 21:14:48 []:>--------------------------------------------------------------<
StartApp.exe: 000038D0: 21:14:48 [TUniServerModule]:Server First Init.
StartApp.exe: 000038D0: 21:14:48 [TUniServerModule]:Starting HTTP Server on Port: 8077...
StartApp.exe: 000038D0: 21:14:48 [TUniServerModule]:HTTP Server Started on Port: 8077
StartApp.exe: 0000010C: 21:14:59 [127.0.0.1]:EUniSessionException : Invalid session or session Timeout. (Session not found: vlsWxRfuY110938DAF2 ) : Addr: $007CBBD6
StartApp.exe: 000038D0: 21:16:01 [TUniServerModule]:Shutting Down Server.
StartApp.exe: 000038D0: 21:16:01 [TUniServerModule]:Stopping HTTP Server.
StartApp.exe: 000038D0: 21:16:02 [TUniServerModule]:HTTP Server Stopped.
StartApp.exe: 000038D0: 21:16:02 [TUniGUISessionManager]:Terminating Session manager.
StartApp.exe: 000038D0: 21:16:02 [TUniGUISessionManager]:Stopping Cache Eraser...
StartApp.exe: 000038D0: 21:16:02 [TUniGUISessionManager]:Cache Eraser Stopped.
StartApp.exe: 000038D0: 21:16:02 [TUniGUISessionManager]:Destroying Worker Threads.
StartApp.exe: 000038D0: 21:16:02 [TUniGUISessionManager]:Session manager terminated.
StartApp.exe: 000038D0: 21:16:03 [TUniServerModule]:Server Shutdown Completed.
StartApp.exe: 000038D0: 21:16:03 []:<-------------------------------------------------------------->
StartApp.exe: 000038D0: 21:16:03 [Terminated]:Exit Code: 0
StartApp.exe: 00000778: 21:16:11 []:>--------------------------------------------------------------<
StartApp.exe: 00000778: 21:16:11 [TUniServerModule]:Server First Init.
StartApp.exe: 00000778: 21:16:11 [TUniServerModule]:Starting HTTP Server on Port: 8077...
StartApp.exe: 00000778: 21:16:11 [TUniServerModule]:HTTP Server Started on Port: 8077
StartApp.exe: 00002964: 21:16:13 [127.0.0.1]:EUniSessionException : Invalid session or session Timeout. (Session not found: mfprZTdTtM10938DBE1 ) : Addr: $007CBBD6
StartApp.exe: 00003C90: 21:16:13 [127.0.0.1]:EUniSessionException : Invalid session or session Timeout. (Session not found: mfprZTdTtM10938DBE1 ) : Addr: $007CBBD6
StartApp.exe: 00000778: 21:19:31 [TUniServerModule]:Shutting Down Server.
StartApp.exe: 00000778: 21:19:31 [TUniServerModule]:Stopping HTTP Server.
StartApp.exe: 00000778: 21:19:31 [TUniServerModule]:HTTP Server Stopped.
StartApp.exe: 00000778: 21:19:31 [TUniGUISessionManager]:Terminating Session manager.
StartApp.exe: 00000778: 21:19:31 [TUniGUISessionManager]:Stopping Cache Eraser...
StartApp.exe: 00000778: 21:19:32 [TUniGUISessionManager]:Cache Eraser Stopped.
StartApp.exe: 00000778: 21:19:32 [TUniGUISessionManager]:Destroying Worker Threads.
StartApp.exe: 00000778: 21:19:32 [TUniGUISessionManager]:Session manager terminated.
StartApp.exe: 00000778: 21:19:32 [TUniServerModule]:Server Shutdown Completed.
StartApp.exe: 00000778: 21:19:32 []:<-------------------------------------------------------------->
StartApp.exe: 00000778: 21:19:32 [Terminated]:Exit Code: 0
StartApp.exe: 00002038: 21:19:41 []:>--------------------------------------------------------------<
StartApp.exe: 00002038: 21:19:41 [TUniServerModule]:Server First Init.
StartApp.exe: 00002038: 21:19:41 [TUniServerModule]:Starting HTTP Server on Port: 8077...
StartApp.exe: 00002038: 21:19:41 [TUniServerModule]:HTTP Server Started on Port: 8077
StartApp.exe: 000018C0: 21:19:41 [127.0.0.1]:EUniSessionException : Invalid session or session Timeout. (Session not found: cJxTprknaM10938DC33 ) : Addr: $007CBBD6
StartApp.exe: 00002038: 21:21:05 [TUniServerModule]:Shutting Down Server.
StartApp.exe: 00002038: 21:21:05 [TUniServerModule]:Stopping HTTP Server.
StartApp.exe: 00002038: 21:21:06 [TUniServerModule]:HTTP Server Stopped.
StartApp.exe: 00002038: 21:21:06 [TUniGUISessionManager]:Terminating Session manager.
StartApp.exe: 00002038: 21:21:06 [TUniGUISessionManager]:Stopping Cache Eraser...
StartApp.exe: 00002038: 21:21:06 [TUniGUISessionManager]:Cache Eraser Stopped.
StartApp.exe: 00002038: 21:21:06 [TUniGUISessionManager]:Destroying Worker Threads.
StartApp.exe: 00002038: 21:21:06 [TUniGUISessionManager]:Session manager terminated.
StartApp.exe: 00002038: 21:21:06 [TUniServerModule]:Server Shutdown Completed.
StartApp.exe: 00002038: 21:21:06 []:<-------------------------------------------------------------->
StartApp.exe: 00002038: 21:21:06 [Terminated]:Exit Code: 0
StartApp.exe: 00001E0C: 21:21:21 []:>--------------------------------------------------------------<
StartApp.exe: 00001E0C: 21:21:21 [TUniServerModule]:Server First Init.
StartApp.exe: 00001E0C: 21:21:21 [TUniServerModule]:Starting HTTP Server on Port: 8077...
StartApp.exe: 00001E0C: 21:21:21 [TUniServerModule]:HTTP Server Started on Port: 8077
StartApp.exe: 00001E0C: 21:23:44 [TUniServerModule]:Shutting Down Server.
StartApp.exe: 00001E0C: 21:23:44 [TUniServerModule]:Stopping HTTP Server.
StartApp.exe: 00001E0C: 21:23:45 [TUniServerModule]:HTTP Server Stopped.
StartApp.exe: 00001E0C: 21:23:45 [TUniGUISessionManager]:Terminating Session manager.
StartApp.exe: 00001E0C: 21:23:45 [TUniGUISessionManager]:Stopping Cache Eraser...
StartApp.exe: 00001E0C: 21:23:45 [TUniGUISessionManager]:Cache Eraser Stopped.
StartApp.exe: 00001E0C: 21:23:45 [TUniGUISessionManager]:Destroying Worker Threads.
StartApp.exe: 00001E0C: 21:23:45 [TUniGUISessionManager]:Session manager terminated.
StartApp.exe: 00001E0C: 21:23:45 [TUniServerModule]:Server Shutdown Completed.
StartApp.exe: 00001E0C: 21:23:45 []:<-------------------------------------------------------------->
StartApp.exe: 00001E0C: 21:23:46 [Terminated]:Exit Code: 0
StartApp.exe: 00003E58: 21:23:51 []:>--------------------------------------------------------------<
StartApp.exe: 00003E58: 21:23:51 [TUniServerModule]:Server First Init.
StartApp.exe: 00003E58: 21:23:51 [TUniServerModule]:Starting HTTP Server on Port: 8077...
StartApp.exe: 00003E58: 21:23:51 [TUniServerModule]:HTTP Server Started on Port: 8077
StartApp.exe: 00003B54: 21:23:52 [192.168.4.34]:EUniSessionException : Invalid session or session Timeout. (Session not found: HhFIsrAjpo10938DDFB ) : Addr: $007CBBD6
StartApp.exe: 000025C4: 21:26:10 [127.0.0.1]:EUniSessionException : Invalid session or session Timeout. (Session not found: s1B3AYHibf10938DD26 ) : Addr: $007CBBD6
StartApp.exe: 00002F38: 21:26:10 [127.0.0.1]:EUniSessionException : Invalid session or session Timeout. (Session not found: s1B3AYHibf10938DD26 ) : Addr: $007CBBD6
StartApp.exe: 00003ED4: 21:42:16 [127.0.0.1]:EUniSessionException : Invalid session or session Timeout. (Session not found: UKpAFhgfcm10938DEE6 ) : Addr: $007CBBD6
StartApp.exe: 00003E58: 21:44:21 [TUniServerModule]:Shutting Down Server.
StartApp.exe: 00003E58: 21:44:21 [TUniServerModule]:Stopping HTTP Server.
StartApp.exe: 00003E58: 21:44:21 [TUniServerModule]:HTTP Server Stopped.
StartApp.exe: 00003E58: 21:44:21 [TUniGUISessionManager]:Terminating Session manager.
StartApp.exe: 00003E58: 21:44:21 [TUniGUISessionManager]:Stopping Cache Eraser...
StartApp.exe: 00003E58: 21:44:21 [TUniGUISessionManager]:Cache Eraser Stopped.
StartApp.exe: 00003E58: 21:44:21 [TUniGUISessionManager]:Destroying Worker Threads.
StartApp.exe: 00003E58: 21:44:21 [TUniGUISessionManager]:Session manager terminated.
StartApp.exe: 00003E58: 21:44:21 [TUniServerModule]:Server Shutdown Completed.
StartApp.exe: 00003E58: 21:44:21 []:<-------------------------------------------------------------->
StartApp.exe: 00003E58: 21:44:21 [Terminated]:Exit Code: 0
StartApp.exe: 00001904: 21:44:33 []:>--------------------------------------------------------------<
StartApp.exe: 00001904: 21:44:33 [TUniServerModule]:Server First Init.
StartApp.exe: 00001904: 21:44:33 [TUniServerModule]:Starting HTTP Server on Port: 8077...
StartApp.exe: 00001904: 21:44:33 [TUniServerModule]:HTTP Server Started on Port: 8077
StartApp.exe: 00002E8C: 21:44:33 [127.0.0.1]:EUniSessionException : Invalid session or session Timeout. (Session not found: GgcMa34HZ610938E346 ) : Addr: $007CF2FA
