StartApp.exe: 0000409C: 08:19:04 [127.0.0.1]:EUniSessionException : Invalid session or session Timeout. (Session not found: yaymWi6GLL1093A6FD0 ) : Addr: $007CF542
StartApp.exe: 0000409C: 08:19:25 [127.0.0.1]:EDatabaseError : cdsRascunho: Cannot perform this operation on a closed dataset : Addr: $0066257A
StartApp.exe: 0000153C: 11:11:55 [TUniServerModule]:Shutting Down Server.
StartApp.exe: 0000153C: 11:11:55 [TUniServerModule]:Stopping HTTP Server.
StartApp.exe: 0000153C: 11:11:56 [TUniServerModule]:HTTP Server Stopped.
StartApp.exe: 0000153C: 11:11:56 [TUniGUISessionManager]:Terminating Session manager.
StartApp.exe: 0000153C: 11:11:56 [TUniGUISessionManager]:Stopping Cache Eraser...
StartApp.exe: 0000153C: 11:11:56 [TUniGUISessionManager]:Cache Eraser Stopped.
StartApp.exe: 0000153C: 11:11:56 [TUniGUISessionManager]:Destroying Worker Threads.
StartApp.exe: 0000153C: 11:11:56 [TUniGUISessionManager]:Session manager terminated.
StartApp.exe: 0000153C: 11:11:56 [TUniServerModule]:Server Shutdown Completed.
StartApp.exe: 0000153C: 11:11:56 []:<-------------------------------------------------------------->
StartApp.exe: 0000153C: 11:11:56 [Terminated]:Exit Code: 0
StartApp.exe: 00002B74: 11:12:06 []:>--------------------------------------------------------------<
StartApp.exe: 00002B74: 11:12:06 [TUniServerModule]:Server First Init.
StartApp.exe: 00002B74: 11:12:06 [TUniServerModule]:Starting HTTP Server on Port: 8077...
StartApp.exe: 00002B74: 11:12:06 [TUniServerModule]:HTTP Server Started on Port: 8077
StartApp.exe: 000046B8: 11:12:06 [127.0.0.1]:EUniSessionException : Invalid session or session Timeout. (Session not found: XjWv63NIfl1093B16A5 ) : Addr: $007CF542
StartApp.exe: 000046B8: 11:12:06 [127.0.0.1]:EUniSessionException : Invalid session or session Timeout. (Session not found: XjWv63NIfl1093B16A5 ) : Addr: $007CF542
StartApp.exe: 000046B8: 11:12:11 [127.0.0.1]:EDatabaseError : cdsRascunho: Field 'qtde' not found : Addr: $0066257A
StartApp.exe: 00002B74: 11:15:30 [TUniServerModule]:Shutting Down Server.
StartApp.exe: 00002B74: 11:15:30 [TUniServerModule]:Stopping HTTP Server.
StartApp.exe: 00002B74: 11:15:31 [TUniServerModule]:HTTP Server Stopped.
StartApp.exe: 00002B74: 11:15:31 [TUniGUISessionManager]:Terminating Session manager.
StartApp.exe: 00002B74: 11:15:31 [TUniGUISessionManager]:Stopping Cache Eraser...
StartApp.exe: 00002B74: 11:15:31 [TUniGUISessionManager]:Cache Eraser Stopped.
StartApp.exe: 00002B74: 11:15:31 [TUniGUISessionManager]:Destroying Worker Threads.
StartApp.exe: 00002B74: 11:15:31 [TUniGUISessionManager]:Session manager terminated.
StartApp.exe: 00002B74: 11:15:31 [TUniServerModule]:Server Shutdown Completed.
StartApp.exe: 00002B74: 11:15:31 []:<-------------------------------------------------------------->
StartApp.exe: 00002B74: 11:15:31 [Terminated]:Exit Code: 0
StartApp.exe: 000014DC: 11:15:37 []:>--------------------------------------------------------------<
StartApp.exe: 000014DC: 11:15:37 [TUniServerModule]:Server First Init.
StartApp.exe: 000014DC: 11:15:37 [TUniServerModule]:Starting HTTP Server on Port: 8077...
StartApp.exe: 000014DC: 11:15:37 [TUniServerModule]:HTTP Server Started on Port: 8077
StartApp.exe: 00002F0C: 11:15:38 [127.0.0.1]:EUniSessionException : Invalid session or session Timeout. (Session not found: lfkX33pNbY1093B4592 ) : Addr: $007CF542
StartApp.exe: 00000BA4: 11:15:38 [127.0.0.1]:EUniSessionException : Invalid session or session Timeout. (Session not found: lfkX33pNbY1093B4592 ) : Addr: $007CF542
StartApp.exe: 000014DC: 11:21:04 [TUniServerModule]:Shutting Down Server.
StartApp.exe: 000014DC: 11:21:04 [TUniServerModule]:Stopping HTTP Server.
StartApp.exe: 000014DC: 11:21:04 [TUniServerModule]:HTTP Server Stopped.
StartApp.exe: 000014DC: 11:21:04 [TUniGUISessionManager]:Terminating Session manager.
StartApp.exe: 000014DC: 11:21:04 [TUniGUISessionManager]:Stopping Cache Eraser...
StartApp.exe: 000014DC: 11:21:04 [TUniGUISessionManager]:Cache Eraser Stopped.
StartApp.exe: 000014DC: 11:21:04 [TUniGUISessionManager]:Destroying Worker Threads.
StartApp.exe: 000014DC: 11:21:04 [TUniGUISessionManager]:Session manager terminated.
StartApp.exe: 000014DC: 11:21:04 [TUniServerModule]:Server Shutdown Completed.
StartApp.exe: 000014DC: 11:21:04 []:<-------------------------------------------------------------->
StartApp.exe: 000014DC: 11:21:04 [Terminated]:Exit Code: 0
StartApp.exe: 00000894: 11:21:13 []:>--------------------------------------------------------------<
StartApp.exe: 00000894: 11:21:13 [TUniServerModule]:Server First Init.
StartApp.exe: 00000894: 11:21:13 [TUniServerModule]:Starting HTTP Server on Port: 8077...
StartApp.exe: 00000894: 11:21:13 [TUniServerModule]:HTTP Server Started on Port: 8077
StartApp.exe: 0000362C: 11:21:17 [127.0.0.1]:EUniSessionException : Invalid session or session Timeout. (Session not found: GmvNmUWgOg1093B46B4 ) : Addr: $007CF542
StartApp.exe: 000027A8: 11:21:17 [127.0.0.1]:EUniSessionException : Invalid session or session Timeout. (Session not found: GmvNmUWgOg1093B46B4 ) : Addr: $007CF542
StartApp.exe: 00000894: 11:21:32 [TUniServerModule]:Shutting Down Server.
StartApp.exe: 00000894: 11:21:32 [TUniServerModule]:Stopping HTTP Server.
StartApp.exe: 00000894: 11:21:33 [TUniServerModule]:HTTP Server Stopped.
StartApp.exe: 00000894: 11:21:33 [TUniGUISessionManager]:Terminating Session manager.
StartApp.exe: 00000894: 11:21:33 [TUniGUISessionManager]:Stopping Cache Eraser...
StartApp.exe: 00000894: 11:21:33 [TUniGUISessionManager]:Cache Eraser Stopped.
StartApp.exe: 00000894: 11:21:33 [TUniGUISessionManager]:Destroying Worker Threads.
StartApp.exe: 00000894: 11:21:33 [TUniGUISessionManager]:Session manager terminated.
StartApp.exe: 00000894: 11:21:33 [TUniServerModule]:Server Shutdown Completed.
StartApp.exe: 00000894: 11:21:33 []:<-------------------------------------------------------------->
StartApp.exe: 00000894: 11:21:33 [Terminated]:Exit Code: 0
StartApp.exe: 00000FA0: 11:23:26 []:>--------------------------------------------------------------<
StartApp.exe: 00000FA0: 11:23:26 [TUniServerModule]:Server First Init.
StartApp.exe: 00000FA0: 11:23:26 [TUniServerModule]:Starting HTTP Server on Port: 8077...
StartApp.exe: 00000FA0: 11:23:26 [TUniServerModule]:HTTP Server Started on Port: 8077
StartApp.exe: 00000FA0: 11:25:02 [TUniServerModule]:Shutting Down Server.
StartApp.exe: 00000FA0: 11:25:02 [TUniServerModule]:Stopping HTTP Server.
StartApp.exe: 00000FA0: 11:25:03 [TUniServerModule]:HTTP Server Stopped.
StartApp.exe: 00000FA0: 11:25:03 [TUniGUISessionManager]:Terminating Session manager.
StartApp.exe: 00000FA0: 11:25:03 [TUniGUISessionManager]:Stopping Cache Eraser...
StartApp.exe: 00000FA0: 11:25:03 [TUniGUISessionManager]:Cache Eraser Stopped.
StartApp.exe: 00000FA0: 11:25:03 [TUniGUISessionManager]:Destroying Worker Threads.
StartApp.exe: 00000FA0: 11:25:03 [TUniGUISessionManager]:Session manager terminated.
StartApp.exe: 00000FA0: 11:25:03 [TUniServerModule]:Server Shutdown Completed.
StartApp.exe: 00000FA0: 11:25:03 []:<-------------------------------------------------------------->
StartApp.exe: 00000FA0: 11:25:03 [Terminated]:Exit Code: 0
StartApp.exe: 00002A0C: 11:25:10 []:>--------------------------------------------------------------<
StartApp.exe: 00002A0C: 11:25:10 [TUniServerModule]:Server First Init.
StartApp.exe: 00002A0C: 11:25:10 [TUniServerModule]:Starting HTTP Server on Port: 8077...
StartApp.exe: 00002A0C: 11:25:10 [TUniServerModule]:HTTP Server Started on Port: 8077
StartApp.exe: 00004644: 11:25:18 [127.0.0.1]:EUniSessionException : Invalid session or session Timeout. (Session not found: TBELNPH9xN1093B48A7 ) : Addr: $007CF542
StartApp.exe: 00004644: 11:25:18 [127.0.0.1]:EUniSessionException : Invalid session or session Timeout. (Session not found: TBELNPH9xN1093B48A7 ) : Addr: $007CF542
StartApp.exe: 00004644: 11:25:45 [127.0.0.1]:EDatabaseError : cdsRascunho: Cannot perform this operation on a closed dataset : Addr: $0066257A
StartApp.exe: 00001F54: 11:46:05 [127.0.0.1]:EUniSessionException : Invalid session or session Timeout. (Session not found: bau6cvgvIo1093B494A ) : Addr: $007CF542
StartApp.exe: 00002A0C: 12:05:37 [TUniServerModule]:Shutting Down Server.
StartApp.exe: 00002A0C: 12:05:37 [TUniServerModule]:Stopping HTTP Server.
StartApp.exe: 00002A0C: 12:05:38 [TUniServerModule]:HTTP Server Stopped.
StartApp.exe: 00002A0C: 12:05:38 [TUniGUISessionManager]:Terminating Session manager.
StartApp.exe: 00002A0C: 12:05:38 [TUniGUISessionManager]:Stopping Cache Eraser...
StartApp.exe: 00002A0C: 12:05:38 [TUniGUISessionManager]:Cache Eraser Stopped.
StartApp.exe: 00002A0C: 12:05:38 [TUniGUISessionManager]:Destroying Worker Threads.
StartApp.exe: 00002A0C: 12:05:38 [TUniGUISessionManager]:Session manager terminated.
StartApp.exe: 00002A0C: 12:05:38 [TUniServerModule]:Server Shutdown Completed.
StartApp.exe: 00002A0C: 12:05:38 []:<-------------------------------------------------------------->
StartApp.exe: 00002A0C: 12:05:38 [Terminated]:Exit Code: 0
StartApp.exe: 0000362C: 12:05:49 []:>--------------------------------------------------------------<
StartApp.exe: 0000362C: 12:05:49 [TUniServerModule]:Server First Init.
StartApp.exe: 0000362C: 12:05:50 [TUniServerModule]:Starting HTTP Server on Port: 8077...
StartApp.exe: 0000362C: 12:05:50 [TUniServerModule]:HTTP Server Started on Port: 8077
StartApp.exe: 00001708: 12:05:58 [127.0.0.1]:EUniSessionException : Invalid session or session Timeout. (Session not found: 8KVDBiknSj1093B4ECE ) : Addr: $007CF542
StartApp.exe: 00003B0C: 12:05:58 [127.0.0.1]:EUniSessionException : Invalid session or session Timeout. (Session not found: 8KVDBiknSj1093B4ECE ) : Addr: $007CF542
StartApp.exe: 0000362C: 12:08:50 [TUniServerModule]:Shutting Down Server.
StartApp.exe: 0000362C: 12:08:50 [TUniServerModule]:Stopping HTTP Server.
StartApp.exe: 0000362C: 12:08:51 [TUniServerModule]:HTTP Server Stopped.
StartApp.exe: 0000362C: 12:08:51 [TUniGUISessionManager]:Terminating Session manager.
StartApp.exe: 0000362C: 12:08:51 [TUniGUISessionManager]:Stopping Cache Eraser...
StartApp.exe: 0000362C: 12:08:51 [TUniGUISessionManager]:Cache Eraser Stopped.
StartApp.exe: 0000362C: 12:08:51 [TUniGUISessionManager]:Destroying Worker Threads.
StartApp.exe: 0000362C: 12:08:51 [TUniGUISessionManager]:Session manager terminated.
StartApp.exe: 0000362C: 12:08:51 [TUniServerModule]:Server Shutdown Completed.
StartApp.exe: 0000362C: 12:08:51 []:<-------------------------------------------------------------->
StartApp.exe: 0000362C: 12:08:51 [Terminated]:Exit Code: 0
StartApp.exe: 00004300: 12:08:57 []:>--------------------------------------------------------------<
StartApp.exe: 00004300: 12:08:57 [TUniServerModule]:Server First Init.
StartApp.exe: 00004300: 12:08:57 [TUniServerModule]:Starting HTTP Server on Port: 8077...
StartApp.exe: 00004300: 12:08:57 [TUniServerModule]:HTTP Server Started on Port: 8077
StartApp.exe: 0000441C: 12:09:00 [127.0.0.1]:EUniSessionException : Invalid session or session Timeout. (Session not found: mtxDHwJ6331093B54BA ) : Addr: $007CF542
StartApp.exe: 00001518: 12:09:00 [127.0.0.1]:EUniSessionException : Invalid session or session Timeout. (Session not found: mtxDHwJ6331093B54BA ) : Addr: $007CF542
StartApp.exe: 0000441C: 12:09:12 [127.0.0.1]:EDatabaseError : cdsRascunho: Cannot perform this operation on a closed dataset : Addr: $0066257A
StartApp.exe: 00004300: 12:24:03 [TUniServerModule]:Shutting Down Server.
StartApp.exe: 00004300: 12:24:03 [TUniServerModule]:Stopping HTTP Server.
StartApp.exe: 00004300: 12:24:03 [TUniServerModule]:HTTP Server Stopped.
StartApp.exe: 00004300: 12:24:03 [TUniGUISessionManager]:Terminating Session manager.
StartApp.exe: 00004300: 12:24:03 [TUniGUISessionManager]:Stopping Cache Eraser...
StartApp.exe: 00004300: 12:24:03 [TUniGUISessionManager]:Cache Eraser Stopped.
StartApp.exe: 00004300: 12:24:03 [TUniGUISessionManager]:Destroying Worker Threads.
StartApp.exe: 00004300: 12:24:03 [TUniGUISessionManager]:Session manager terminated.
StartApp.exe: 00004300: 12:24:04 [TUniServerModule]:Server Shutdown Completed.
StartApp.exe: 00004300: 12:24:04 []:<-------------------------------------------------------------->
StartApp.exe: 00004300: 12:24:04 [Terminated]:Exit Code: 0
StartApp.exe: 00001ADC: 12:24:10 []:>--------------------------------------------------------------<
StartApp.exe: 00001ADC: 12:24:10 [TUniServerModule]:Server First Init.
StartApp.exe: 00001ADC: 12:24:10 [TUniServerModule]:Starting HTTP Server on Port: 8077...
StartApp.exe: 00001ADC: 12:24:10 [TUniServerModule]:HTTP Server Started on Port: 8077
StartApp.exe: 000021FC: 12:24:27 [127.0.0.1]:EUniSessionException : Invalid session or session Timeout. (Session not found: jzl7Ulvqmh1093B5797 ) : Addr: $007CF542
StartApp.exe: 000021FC: 12:24:27 [127.0.0.1]:EUniSessionException : Invalid session or session Timeout. (Session not found: jzl7Ulvqmh1093B5797 ) : Addr: $007CF542
StartApp.exe: 00001ADC: 12:24:39 [TUniServerModule]:Shutting Down Server.
StartApp.exe: 00001ADC: 12:24:39 [TUniServerModule]:Stopping HTTP Server.
StartApp.exe: 00001ADC: 12:24:40 [TUniServerModule]:HTTP Server Stopped.
StartApp.exe: 00001ADC: 12:24:40 [TUniGUISessionManager]:Terminating Session manager.
StartApp.exe: 00001ADC: 12:24:40 [TUniGUISessionManager]:Stopping Cache Eraser...
StartApp.exe: 00001ADC: 12:24:40 [TUniGUISessionManager]:Cache Eraser Stopped.
StartApp.exe: 00001ADC: 12:24:40 [TUniGUISessionManager]:Destroying Worker Threads.
StartApp.exe: 00001ADC: 12:24:40 [TUniGUISessionManager]:Session manager terminated.
StartApp.exe: 00001ADC: 12:24:40 [TUniServerModule]:Server Shutdown Completed.
StartApp.exe: 00001ADC: 12:24:40 []:<-------------------------------------------------------------->
StartApp.exe: 00001ADC: 12:24:40 [Terminated]:Exit Code: 0
StartApp.exe: 000004B0: 12:24:46 []:>--------------------------------------------------------------<
StartApp.exe: 000004B0: 12:24:46 [TUniServerModule]:Server First Init.
StartApp.exe: 000004B0: 12:24:46 [TUniServerModule]:Starting HTTP Server on Port: 8077...
StartApp.exe: 000004B0: 12:24:46 [TUniServerModule]:HTTP Server Started on Port: 8077
StartApp.exe: 000004B0: 12:25:28 [TUniServerModule]:Shutting Down Server.
StartApp.exe: 000004B0: 12:25:28 [TUniServerModule]:Stopping HTTP Server.
StartApp.exe: 000004B0: 12:25:28 [TUniServerModule]:HTTP Server Stopped.
StartApp.exe: 000004B0: 12:25:28 [TUniGUISessionManager]:Terminating Session manager.
StartApp.exe: 000004B0: 12:25:28 [TUniGUISessionManager]:Stopping Cache Eraser...
StartApp.exe: 000004B0: 12:25:28 [TUniGUISessionManager]:Cache Eraser Stopped.
StartApp.exe: 000004B0: 12:25:28 [TUniGUISessionManager]:Destroying Worker Threads.
StartApp.exe: 000004B0: 12:25:28 [TUniGUISessionManager]:Session manager terminated.
StartApp.exe: 000004B0: 12:25:28 [TUniServerModule]:Server Shutdown Completed.
StartApp.exe: 000004B0: 12:25:28 []:<-------------------------------------------------------------->
StartApp.exe: 000004B0: 12:25:28 [Terminated]:Exit Code: 0
StartApp.exe: 0000379C: 12:25:34 []:>--------------------------------------------------------------<
StartApp.exe: 0000379C: 12:25:34 [TUniServerModule]:Server First Init.
StartApp.exe: 0000379C: 12:25:34 [TUniServerModule]:Starting HTTP Server on Port: 8077...
StartApp.exe: 0000379C: 12:25:34 [TUniServerModule]:HTTP Server Started on Port: 8077
StartApp.exe: 00000C88: 12:25:37 [127.0.0.1]:EUniSessionException : Invalid session or session Timeout. (Session not found: xhEXWdcYHZ1093B5932 ) : Addr: $007CF542
StartApp.exe: 000044CC: 12:25:37 [127.0.0.1]:EUniSessionException : Invalid session or session Timeout. (Session not found: xhEXWdcYHZ1093B5932 ) : Addr: $007CF542
StartApp.exe: 00000768: 20:27:42 [127.0.0.1]:EUniSessionException : Invalid session or session Timeout. (Session not found: LUP7tF9Nod1093B5994 ) : Addr: $007CF542
StartApp.exe: 000046A4: 20:27:42 [127.0.0.1]:EUniSessionException : Invalid session or session Timeout. (Session not found: LUP7tF9Nod1093B5994 ) : Addr: $007CF542
StartApp.exe: 0000379C: 20:28:33 [TUniServerModule]:Shutting Down Server.
StartApp.exe: 0000379C: 20:28:33 [TUniServerModule]:Stopping HTTP Server.
StartApp.exe: 0000379C: 20:28:34 [TUniServerModule]:HTTP Server Stopped.
StartApp.exe: 0000379C: 20:28:34 [TUniGUISessionManager]:Terminating Session manager.
StartApp.exe: 0000379C: 20:28:34 [TUniGUISessionManager]:Stopping Cache Eraser...
StartApp.exe: 0000379C: 20:28:34 [TUniGUISessionManager]:Cache Eraser Stopped.
StartApp.exe: 0000379C: 20:28:34 [TUniGUISessionManager]:Destroying Worker Threads.
StartApp.exe: 0000379C: 20:28:34 [TUniGUISessionManager]:Session manager terminated.
StartApp.exe: 0000379C: 20:28:34 [TUniServerModule]:Server Shutdown Completed.
StartApp.exe: 0000379C: 20:28:34 []:<-------------------------------------------------------------->
StartApp.exe: 0000379C: 20:28:34 [Terminated]:Exit Code: 0
StartApp.exe: 00004780: 20:28:44 []:>--------------------------------------------------------------<
StartApp.exe: 00004780: 20:28:44 [TUniServerModule]:Server First Init.
StartApp.exe: 00004780: 20:28:44 [TUniServerModule]:Starting HTTP Server on Port: 8077...
StartApp.exe: 00004780: 20:28:44 [TUniServerModule]:HTTP Server Started on Port: 8077
StartApp.exe: 0000184C: 20:28:46 [127.0.0.1]:EUniSessionException : Invalid session or session Timeout. (Session not found: vvMLLcvWgB1093BDC4A ) : Addr: $007CF542
StartApp.exe: 00003AD8: 20:28:46 [127.0.0.1]:EUniSessionException : Invalid session or session Timeout. (Session not found: vvMLLcvWgB1093BDC4A ) : Addr: $007CF542
StartApp.exe: 00002EE4: 21:00:16 [127.0.0.1]:EUniSessionException : Invalid session or session Timeout. (Session not found: XtQGRcJ1xU1093BDC93 ) : Addr: $007CF542
StartApp.exe: 00002C7C: 21:00:16 [127.0.0.1]:EUniSessionException : Invalid session or session Timeout. (Session not found: XtQGRcJ1xU1093BDC93 ) : Addr: $007CF542
StartApp.exe: 00003098: 21:05:50 [127.0.0.1]:EDatabaseError : cdsRascunho: Cannot perform this operation on a closed dataset : Addr: $0066257A
StartApp.exe: 00004780: 21:39:54 [TUniServerModule]:Shutting Down Server.
StartApp.exe: 00004780: 21:39:54 [TUniServerModule]:Stopping HTTP Server.
StartApp.exe: 00004780: 21:39:55 [TUniServerModule]:HTTP Server Stopped.
StartApp.exe: 00004780: 21:39:55 [TUniGUISessionManager]:Terminating Session manager.
StartApp.exe: 00004780: 21:39:55 [TUniGUISessionManager]:Stopping Cache Eraser...
StartApp.exe: 00004780: 21:39:55 [TUniGUISessionManager]:Cache Eraser Stopped.
StartApp.exe: 00004780: 21:39:55 [TUniGUISessionManager]:Destroying Worker Threads.
StartApp.exe: 00004780: 21:39:55 [TUniGUISessionManager]:Session manager terminated.
StartApp.exe: 00004780: 21:39:55 [TUniServerModule]:Server Shutdown Completed.
StartApp.exe: 00004780: 21:39:55 []:<-------------------------------------------------------------->
StartApp.exe: 00004780: 21:39:55 [Terminated]:Exit Code: 0
StartApp.exe: 00002480: 21:40:04 []:>--------------------------------------------------------------<
StartApp.exe: 00002480: 21:40:04 [TUniServerModule]:Server First Init.
StartApp.exe: 00002480: 21:40:04 [TUniServerModule]:Starting HTTP Server on Port: 8077...
StartApp.exe: 00002480: 21:40:04 [TUniServerModule]:HTTP Server Started on Port: 8077
StartApp.exe: 00003D7C: 21:41:39 [127.0.0.1]:EUniSessionException : Invalid session or session Timeout. (Session not found: 3SLhPaw9qi1093BE520 ) : Addr: $007CF542
StartApp.exe: 00001B48: 21:41:39 [127.0.0.1]:EUniSessionException : Invalid session or session Timeout. (Session not found: 3SLhPaw9qi1093BE520 ) : Addr: $007CF542
