StartApp.exe: 00003660: 11:15:21 [TUniServerModule]:Shutting Down Server.
StartApp.exe: 00003660: 11:15:21 [TUniServerModule]:Stopping HTTP Server.
StartApp.exe: 00003660: 11:15:22 [TUniServerModule]:HTTP Server Stopped.
StartApp.exe: 00003660: 11:15:22 [TUniGUISessionManager]:Terminating Session manager.
StartApp.exe: 00003660: 11:15:22 [TUniGUISessionManager]:Stopping Cache Eraser...
StartApp.exe: 00003660: 11:15:22 [TUniGUISessionManager]:Cache Eraser Stopped.
StartApp.exe: 00003660: 11:15:22 [TUniGUISessionManager]:Destroying Worker Threads.
StartApp.exe: 00003660: 11:15:22 [TUniGUISessionManager]:Session manager terminated.
StartApp.exe: 00003660: 11:15:22 [TUniServerModule]:Server Shutdown Completed.
StartApp.exe: 00003660: 11:15:22 []:<-------------------------------------------------------------->
StartApp.exe: 00003660: 11:15:22 [Terminated]:Exit Code: 0
StartApp.exe: 00002DAC: 11:15:32 []:>--------------------------------------------------------------<
StartApp.exe: 00002DAC: 11:15:32 [TUniServerModule]:Server First Init.
StartApp.exe: 00002DAC: 11:15:32 [TUniServerModule]:Starting HTTP Server on Port: 8077...
StartApp.exe: 00002DAC: 11:15:32 [TUniServerModule]:HTTP Server Started on Port: 8077
StartApp.exe: 00003B2C: 11:17:04 [192.168.4.34]:EUniSessionException : Invalid session or session Timeout. (Session not found: vwNQFYg8hR109415334 ) : Addr: $007CF542
StartApp.exe: 00002A48: 11:19:53 [127.0.0.1]:EUniSessionException : Invalid session or session Timeout. (Session not found: rqy6g8lFzc1094088BC ) : Addr: $007CF542
StartApp.exe: 00002A48: 11:19:53 [127.0.0.1]:EUniSessionException : Invalid session or session Timeout. (Session not found: rqy6g8lFzc1094088BC ) : Addr: $007CF542
StartApp.exe: 00002DAC: 11:25:32 [TUniServerModule]:Shutting Down Server.
StartApp.exe: 00002DAC: 11:25:32 [TUniServerModule]:Stopping HTTP Server.
StartApp.exe: 00002DAC: 11:25:33 [TUniServerModule]:HTTP Server Stopped.
StartApp.exe: 00002DAC: 11:25:33 [TUniGUISessionManager]:Terminating Session manager.
StartApp.exe: 00002DAC: 11:25:33 [TUniGUISessionManager]:Stopping Cache Eraser...
StartApp.exe: 00002DAC: 11:25:33 [TUniGUISessionManager]:Cache Eraser Stopped.
StartApp.exe: 00002DAC: 11:25:33 [TUniGUISessionManager]:Destroying Worker Threads.
StartApp.exe: 00002DAC: 11:25:33 [TUniGUISessionManager]:Session manager terminated.
StartApp.exe: 00002DAC: 11:25:33 [TUniServerModule]:Server Shutdown Completed.
StartApp.exe: 00002DAC: 11:25:33 []:<-------------------------------------------------------------->
StartApp.exe: 00002DAC: 11:25:33 [Terminated]:Exit Code: 0
StartApp.exe: 000029BC: 11:25:41 []:>--------------------------------------------------------------<
StartApp.exe: 000029BC: 11:25:41 [TUniServerModule]:Server First Init.
StartApp.exe: 000029BC: 11:25:41 [TUniServerModule]:Starting HTTP Server on Port: 8077...
StartApp.exe: 000029BC: 11:25:41 [TUniServerModule]:HTTP Server Started on Port: 8077
StartApp.exe: 0000220C: 11:26:16 [192.168.4.34]:EUniSessionException : Invalid session or session Timeout. (Session not found: V811T3OuwS10941616A ) : Addr: $007CF542
StartApp.exe: 00002B74: 11:27:00 [127.0.0.1]:EUniSessionException : Invalid session or session Timeout. (Session not found: f9OVDwd74710941622E ) : Addr: $007CF542
StartApp.exe: 000029D4: 11:27:00 [127.0.0.1]:EUniSessionException : Invalid session or session Timeout. (Session not found: f9OVDwd74710941622E ) : Addr: $007CF542
StartApp.exe: 000029BC: 11:32:09 [TUniServerModule]:Shutting Down Server.
StartApp.exe: 000029BC: 11:32:09 [TUniServerModule]:Stopping HTTP Server.
StartApp.exe: 000029BC: 11:32:10 [TUniServerModule]:HTTP Server Stopped.
StartApp.exe: 000029BC: 11:32:10 [TUniGUISessionManager]:Terminating Session manager.
StartApp.exe: 000029BC: 11:32:10 [TUniGUISessionManager]:Stopping Cache Eraser...
StartApp.exe: 000029BC: 11:32:10 [TUniGUISessionManager]:Cache Eraser Stopped.
StartApp.exe: 000029BC: 11:32:10 [TUniGUISessionManager]:Destroying Worker Threads.
StartApp.exe: 000029BC: 11:32:10 [TUniGUISessionManager]:Session manager terminated.
StartApp.exe: 000029BC: 11:32:10 [TUniServerModule]:Server Shutdown Completed.
StartApp.exe: 000029BC: 11:32:10 []:<-------------------------------------------------------------->
StartApp.exe: 000029BC: 11:32:10 [Terminated]:Exit Code: 0
StartApp.exe: 0000171C: 11:32:16 []:>--------------------------------------------------------------<
StartApp.exe: 0000171C: 11:32:16 [TUniServerModule]:Server First Init.
StartApp.exe: 0000171C: 11:32:16 [TUniServerModule]:Starting HTTP Server on Port: 8077...
StartApp.exe: 0000171C: 11:32:16 [TUniServerModule]:HTTP Server Started on Port: 8077
StartApp.exe: 000035B8: 11:32:21 [192.168.4.34]:EUniSessionException : Invalid session or session Timeout. (Session not found: nF7h2cwK4H1094163E9 ) : Addr: $007CF542
StartApp.exe: 0000091C: 11:32:40 [127.0.0.1]:EUniSessionException : Invalid session or session Timeout. (Session not found: JlIyxpxhj110941641D ) : Addr: $007CF542
StartApp.exe: 00002968: 11:32:40 [127.0.0.1]:EUniSessionException : Invalid session or session Timeout. (Session not found: JlIyxpxhj110941641D ) : Addr: $007CF542
StartApp.exe: 0000171C: 11:36:45 [TUniServerModule]:Shutting Down Server.
StartApp.exe: 0000171C: 11:36:45 [TUniServerModule]:Stopping HTTP Server.
StartApp.exe: 0000171C: 11:36:46 [TUniServerModule]:HTTP Server Stopped.
StartApp.exe: 0000171C: 11:36:46 [TUniGUISessionManager]:Terminating Session manager.
StartApp.exe: 0000171C: 11:36:46 [TUniGUISessionManager]:Stopping Cache Eraser...
StartApp.exe: 0000171C: 11:36:46 [TUniGUISessionManager]:Cache Eraser Stopped.
StartApp.exe: 0000171C: 11:36:46 [TUniGUISessionManager]:Destroying Worker Threads.
StartApp.exe: 0000171C: 11:36:46 [TUniGUISessionManager]:Session manager terminated.
StartApp.exe: 0000171C: 11:36:46 [TUniServerModule]:Server Shutdown Completed.
StartApp.exe: 0000171C: 11:36:46 []:<-------------------------------------------------------------->
StartApp.exe: 0000171C: 11:36:46 [Terminated]:Exit Code: 0
StartApp.exe: 00002890: 11:36:52 []:>--------------------------------------------------------------<
StartApp.exe: 00002890: 11:36:52 [TUniServerModule]:Server First Init.
StartApp.exe: 00002890: 11:36:52 [TUniServerModule]:Starting HTTP Server on Port: 8077...
StartApp.exe: 00002890: 11:36:52 [TUniServerModule]:HTTP Server Started on Port: 8077
StartApp.exe: 00003AD8: 11:36:52 [192.168.4.34]:EUniSessionException : Invalid session or session Timeout. (Session not found: UcDRf7auuY109416590 ) : Addr: $007CF542
StartApp.exe: 00002890: 11:40:01 [TUniServerModule]:Shutting Down Server.
StartApp.exe: 00002890: 11:40:01 [TUniServerModule]:Stopping HTTP Server.
StartApp.exe: 00002890: 11:40:02 [TUniServerModule]:HTTP Server Stopped.
StartApp.exe: 00002890: 11:40:02 [TUniGUISessionManager]:Terminating Session manager.
StartApp.exe: 00002890: 11:40:02 [TUniGUISessionManager]:Stopping Cache Eraser...
StartApp.exe: 00002890: 11:40:02 [TUniGUISessionManager]:Cache Eraser Stopped.
StartApp.exe: 00002890: 11:40:02 [TUniGUISessionManager]:Destroying Worker Threads.
StartApp.exe: 00002890: 11:40:02 [TUniGUISessionManager]:Session manager terminated.
StartApp.exe: 00002890: 11:40:02 [TUniServerModule]:Server Shutdown Completed.
StartApp.exe: 00002890: 11:40:02 []:<-------------------------------------------------------------->
StartApp.exe: 00002890: 11:40:02 [Terminated]:Exit Code: 0
StartApp.exe: 0000371C: 11:40:49 []:>--------------------------------------------------------------<
StartApp.exe: 0000371C: 11:40:49 [TUniServerModule]:Server First Init.
StartApp.exe: 0000371C: 11:40:49 [TUniServerModule]:Starting HTTP Server on Port: 8077...
StartApp.exe: 0000371C: 11:40:49 [TUniServerModule]:HTTP Server Started on Port: 8077
StartApp.exe: 00003CBC: 11:41:37 [127.0.0.1]:EUniSessionException : Invalid session or session Timeout. (Session not found: NPyfqLaEH91094165A6 ) : Addr: $007CF542
StartApp.exe: 00002780: 11:41:37 [127.0.0.1]:EUniSessionException : Invalid session or session Timeout. (Session not found: NPyfqLaEH91094165A6 ) : Addr: $007CF542
StartApp.exe: 0000371C: 11:42:36 [TUniServerModule]:Shutting Down Server.
StartApp.exe: 0000371C: 11:42:36 [TUniServerModule]:Stopping HTTP Server.
StartApp.exe: 0000371C: 11:42:37 [TUniServerModule]:HTTP Server Stopped.
StartApp.exe: 0000371C: 11:42:37 [TUniGUISessionManager]:Terminating Session manager.
StartApp.exe: 0000371C: 11:42:37 [TUniGUISessionManager]:Stopping Cache Eraser...
StartApp.exe: 0000371C: 11:42:37 [TUniGUISessionManager]:Cache Eraser Stopped.
StartApp.exe: 0000371C: 11:42:37 [TUniGUISessionManager]:Destroying Worker Threads.
StartApp.exe: 0000371C: 11:42:37 [TUniGUISessionManager]:Session manager terminated.
StartApp.exe: 0000371C: 11:42:37 [TUniServerModule]:Server Shutdown Completed.
StartApp.exe: 0000371C: 11:42:37 []:<-------------------------------------------------------------->
StartApp.exe: 0000371C: 11:42:37 [Terminated]:Exit Code: 0
StartApp.exe: 00002F04: 11:42:42 []:>--------------------------------------------------------------<
StartApp.exe: 00002F04: 11:42:42 [TUniServerModule]:Server First Init.
StartApp.exe: 00002F04: 11:42:42 [TUniServerModule]:Starting HTTP Server on Port: 8077...
StartApp.exe: 00002F04: 11:42:42 [TUniServerModule]:HTTP Server Started on Port: 8077
StartApp.exe: 000020F4: 11:42:42 [127.0.0.1]:EUniSessionException : Invalid session or session Timeout. (Session not found: UR339MEjRt109416814 ) : Addr: $007CF542
StartApp.exe: 00003CA0: 11:42:42 [127.0.0.1]:EUniSessionException : Invalid session or session Timeout. (Session not found: UR339MEjRt109416814 ) : Addr: $007CF542
StartApp.exe: 00002F04: 11:44:31 [TUniServerModule]:Shutting Down Server.
StartApp.exe: 00002F04: 11:44:31 [TUniServerModule]:Stopping HTTP Server.
StartApp.exe: 00002F04: 11:44:32 [TUniServerModule]:HTTP Server Stopped.
StartApp.exe: 00002F04: 11:44:32 [TUniGUISessionManager]:Terminating Session manager.
StartApp.exe: 00002F04: 11:44:32 [TUniGUISessionManager]:Stopping Cache Eraser...
StartApp.exe: 00002F04: 11:44:32 [TUniGUISessionManager]:Cache Eraser Stopped.
StartApp.exe: 00002F04: 11:44:32 [TUniGUISessionManager]:Destroying Worker Threads.
StartApp.exe: 00002F04: 11:44:32 [TUniGUISessionManager]:Session manager terminated.
StartApp.exe: 00002F04: 11:44:32 [TUniServerModule]:Server Shutdown Completed.
StartApp.exe: 00002F04: 11:44:32 []:<-------------------------------------------------------------->
StartApp.exe: 00002F04: 11:44:32 [Terminated]:Exit Code: 0
StartApp.exe: 00001DAC: 11:44:37 []:>--------------------------------------------------------------<
StartApp.exe: 00001DAC: 11:44:37 [TUniServerModule]:Server First Init.
StartApp.exe: 00001DAC: 11:44:37 [TUniServerModule]:Starting HTTP Server on Port: 8077...
StartApp.exe: 00001DAC: 11:44:37 [TUniServerModule]:HTTP Server Started on Port: 8077
StartApp.exe: 00003FD8: 11:44:39 [192.168.4.34]:EUniSessionException : Invalid session or session Timeout. (Session not found: thOTVJwbGU1094167DD ) : Addr: $007CF542
StartApp.exe: 00001DAC: 11:50:06 [TUniServerModule]:Shutting Down Server.
StartApp.exe: 00001DAC: 11:50:06 [TUniServerModule]:Stopping HTTP Server.
StartApp.exe: 00001DAC: 11:50:07 [TUniServerModule]:HTTP Server Stopped.
StartApp.exe: 00001DAC: 11:50:07 [TUniGUISessionManager]:Terminating Session manager.
StartApp.exe: 00001DAC: 11:50:07 [TUniGUISessionManager]:Stopping Cache Eraser...
StartApp.exe: 00001DAC: 11:50:07 [TUniGUISessionManager]:Cache Eraser Stopped.
StartApp.exe: 00001DAC: 11:50:07 [TUniGUISessionManager]:Destroying Worker Threads.
StartApp.exe: 00001DAC: 11:50:07 [TUniGUISessionManager]:Session manager terminated.
StartApp.exe: 00001DAC: 11:50:07 [TUniServerModule]:Server Shutdown Completed.
StartApp.exe: 00001DAC: 11:50:07 []:<-------------------------------------------------------------->
StartApp.exe: 00001DAC: 11:50:07 [Terminated]:Exit Code: 0
StartApp.exe: 00002A48: 11:50:12 []:>--------------------------------------------------------------<
StartApp.exe: 00002A48: 11:50:12 [TUniServerModule]:Server First Init.
StartApp.exe: 00002A48: 11:50:12 [TUniServerModule]:Starting HTTP Server on Port: 8077...
StartApp.exe: 00002A48: 11:50:12 [TUniServerModule]:HTTP Server Started on Port: 8077
StartApp.exe: 00002A48: 11:50:54 [TUniServerModule]:Shutting Down Server.
StartApp.exe: 00002A48: 11:50:54 [TUniServerModule]:Stopping HTTP Server.
StartApp.exe: 00003588: 11:51:26 []:>--------------------------------------------------------------<
StartApp.exe: 00003588: 11:51:26 [TUniServerModule]:Server First Init.
StartApp.exe: 00003588: 11:51:26 [TUniServerModule]:Global Cache Folder Erased. <4> Files deleted.
StartApp.exe: 00003588: 11:51:26 [TUniServerModule]:Starting HTTP Server on Port: 8077...
StartApp.exe: 00003588: 11:51:26 [TUniServerModule]:HTTP Server Started on Port: 8077
StartApp.exe: 00002200: 11:51:26 [192.168.4.34]:EUniSessionException : Invalid session or session Timeout. (Session not found: EAVaOhjvHg109416A73 ) : Addr: $007CF542
StartApp.exe: 00002200: 11:51:27 [192.168.4.34]:EUniSessionException : Invalid session or session Timeout. (Session not found: EAVaOhjvHg109416A73 ) : Addr: $007CF542
StartApp.exe: 00002200: 11:51:27 [192.168.4.34]:EUniSessionException : Invalid session or session Timeout. (Session not found: EAVaOhjvHg109416A73 ) : Addr: $007CF542
StartApp.exe: 00002200: 11:51:27 [192.168.4.34]:EUniSessionException : Invalid session or session Timeout. (Session not found: EAVaOhjvHg109416A73 ) : Addr: $007CF542
StartApp.exe: 00002200: 11:51:27 [192.168.4.34]:EUniSessionException : Invalid session or session Timeout. (Session not found: EAVaOhjvHg109416A73 ) : Addr: $007CF542
StartApp.exe: 000033A8: 11:51:27 [192.168.4.34]:EUniSessionException : Invalid session or session Timeout. (Session not found: EAVaOhjvHg109416A73 ) : Addr: $007CF542
StartApp.exe: 000033A8: 11:51:27 [192.168.4.34]:EUniSessionException : Invalid session or session Timeout. (Session not found: EAVaOhjvHg109416A73 ) : Addr: $007CF542
StartApp.exe: 00001074: 18:46:03 [127.0.0.1]:EUniSessionException : Invalid session or session Timeout. (Session not found: 3voSYf4NsA109416860 ) : Addr: $007CF542
StartApp.exe: 00003F7C: 18:59:37 [127.0.0.1]:EUniSessionException : Invalid session or session Timeout. (Session not found: 9PckbbgjrI10941DB3C ) : Addr: $007CF542
StartApp.exe: 00004524: 18:59:37 [127.0.0.1]:EUniSessionException : Invalid session or session Timeout. (Session not found: 9PckbbgjrI10941DB3C ) : Addr: $007CF542
StartApp.exe: 00003588: 20:07:03 [TUniServerModule]:Shutting Down Server.
StartApp.exe: 00003588: 20:07:03 [TUniServerModule]:Stopping HTTP Server.
StartApp.exe: 00000CE4: 20:45:40 []:>--------------------------------------------------------------<
StartApp.exe: 00000CE4: 20:45:40 [TUniServerModule]:Server First Init.
StartApp.exe: 00000CE4: 20:45:40 [TUniServerModule]:Global Cache Folder Erased. <7> Files deleted.
StartApp.exe: 00000CE4: 20:45:40 [TUniServerModule]:Starting HTTP Server on Port: 8077...
StartApp.exe: 00000CE4: 20:45:40 [TUniServerModule]:HTTP Server Started on Port: 8077
StartApp.exe: 00003640: 20:45:40 [127.0.0.1]:EUniSessionException : Invalid session or session Timeout. (Session not found: 6C1bq9Jee610941DEE6 ) : Addr: $007CF542
StartApp.exe: 00003640: 20:45:40 [127.0.0.1]:EUniSessionException : Invalid session or session Timeout. (Session not found: 6C1bq9Jee610941DEE6 ) : Addr: $007CF542
StartApp.exe: 00003640: 20:45:41 [127.0.0.1]:EUniSessionException : Invalid session or session Timeout. (Session not found: 6C1bq9Jee610941DEE6 ) : Addr: $007CF542
StartApp.exe: 00000CE4: 20:52:45 [TUniServerModule]:Shutting Down Server.
StartApp.exe: 00000CE4: 20:52:45 [TUniServerModule]:Stopping HTTP Server.
StartApp.exe: 00000CE4: 20:52:46 [TUniServerModule]:HTTP Server Stopped.
StartApp.exe: 00000CE4: 20:52:46 [TUniGUISessionManager]:Terminating Session manager.
StartApp.exe: 00000CE4: 20:52:46 [TUniGUISessionManager]:Stopping Cache Eraser...
StartApp.exe: 00000CE4: 20:52:46 [TUniGUISessionManager]:Cache Eraser Stopped.
StartApp.exe: 00000CE4: 20:52:46 [TUniGUISessionManager]:Destroying Worker Threads.
StartApp.exe: 00000CE4: 20:52:46 [TUniGUISessionManager]:Session manager terminated.
StartApp.exe: 00000CE4: 20:52:46 [TUniServerModule]:Server Shutdown Completed.
StartApp.exe: 00000CE4: 20:52:46 []:<-------------------------------------------------------------->
StartApp.exe: 00000CE4: 20:52:46 [Terminated]:Exit Code: 0
StartApp.exe: 00001898: 21:44:07 []:>--------------------------------------------------------------<
StartApp.exe: 00001898: 21:44:07 [TUniServerModule]:Server First Init.
StartApp.exe: 00001898: 21:44:07 [TUniServerModule]:Starting HTTP Server on Port: 8077...
StartApp.exe: 00001898: 21:44:07 [TUniServerModule]:HTTP Server Started on Port: 8077
StartApp.exe: 00004774: 21:44:12 [127.0.0.1]:EUniSessionException : Invalid session or session Timeout. (Session not found: QgLOmuZv7x10941FBAD ) : Addr: $007CF542
StartApp.exe: 00004774: 21:44:12 [127.0.0.1]:EUniSessionException : Invalid session or session Timeout. (Session not found: QgLOmuZv7x10941FBAD ) : Addr: $007CF542
StartApp.exe: 00001898: 21:45:07 [TUniServerModule]:Shutting Down Server.
StartApp.exe: 00001898: 21:45:07 [TUniServerModule]:Stopping HTTP Server.
StartApp.exe: 00001898: 21:45:08 [TUniServerModule]:HTTP Server Stopped.
StartApp.exe: 00001898: 21:45:08 [TUniGUISessionManager]:Terminating Session manager.
StartApp.exe: 00001898: 21:45:08 [TUniGUISessionManager]:Stopping Cache Eraser...
StartApp.exe: 00001898: 21:45:08 [TUniGUISessionManager]:Cache Eraser Stopped.
StartApp.exe: 00001898: 21:45:08 [TUniGUISessionManager]:Destroying Worker Threads.
StartApp.exe: 00001898: 21:45:08 [TUniGUISessionManager]:Session manager terminated.
StartApp.exe: 00001898: 21:45:08 [TUniServerModule]:Server Shutdown Completed.
StartApp.exe: 00001898: 21:45:08 []:<-------------------------------------------------------------->
StartApp.exe: 00001898: 21:45:08 [Terminated]:Exit Code: 0
StartApp.exe: 000028E0: 21:45:14 []:>--------------------------------------------------------------<
StartApp.exe: 000028E0: 21:45:14 [TUniServerModule]:Server First Init.
StartApp.exe: 000028E0: 21:45:14 [TUniServerModule]:Starting HTTP Server on Port: 8077...
StartApp.exe: 000028E0: 21:45:14 [TUniServerModule]:HTTP Server Started on Port: 8077
StartApp.exe: 000047E8: 21:45:17 [127.0.0.1]:EUniSessionException : Invalid session or session Timeout. (Session not found: fN8ozjtYlQ109420B8A ) : Addr: $007CF542
StartApp.exe: 00004878: 21:45:17 [127.0.0.1]:EUniSessionException : Invalid session or session Timeout. (Session not found: fN8ozjtYlQ109420B8A ) : Addr: $007CF542
StartApp.exe: 000028E0: 21:45:37 [TUniServerModule]:Shutting Down Server.
StartApp.exe: 000028E0: 21:45:37 [TUniServerModule]:Stopping HTTP Server.
StartApp.exe: 000028E0: 21:45:38 [TUniServerModule]:HTTP Server Stopped.
StartApp.exe: 000028E0: 21:45:38 [TUniGUISessionManager]:Terminating Session manager.
StartApp.exe: 000028E0: 21:45:38 [TUniGUISessionManager]:Stopping Cache Eraser...
StartApp.exe: 000028E0: 21:45:38 [TUniGUISessionManager]:Cache Eraser Stopped.
StartApp.exe: 000028E0: 21:45:38 [TUniGUISessionManager]:Destroying Worker Threads.
StartApp.exe: 000028E0: 21:45:38 [TUniGUISessionManager]:Session manager terminated.
StartApp.exe: 000028E0: 21:45:38 [TUniServerModule]:Server Shutdown Completed.
StartApp.exe: 000028E0: 21:45:38 []:<-------------------------------------------------------------->
StartApp.exe: 000028E0: 21:45:38 [Terminated]:Exit Code: 0
StartApp.exe: 0000134C: 21:45:45 []:>--------------------------------------------------------------<
StartApp.exe: 0000134C: 21:45:45 [TUniServerModule]:Server First Init.
StartApp.exe: 0000134C: 21:45:45 [TUniServerModule]:Starting HTTP Server on Port: 8077...
StartApp.exe: 0000134C: 21:45:45 [TUniServerModule]:HTTP Server Started on Port: 8077
StartApp.exe: 000028D8: 21:46:27 [127.0.0.1]:EUniSessionException : Invalid session or session Timeout. (Session not found: x8g1tXCnEG109420BD5 ) : Addr: $007CF542
StartApp.exe: 000047E0: 21:46:27 [127.0.0.1]:EUniSessionException : Invalid session or session Timeout. (Session not found: x8g1tXCnEG109420BD5 ) : Addr: $007CF542
StartApp.exe: 0000134C: 21:47:34 [TUniServerModule]:Shutting Down Server.
StartApp.exe: 0000134C: 21:47:34 [TUniServerModule]:Stopping HTTP Server.
StartApp.exe: 0000134C: 21:47:35 [TUniServerModule]:HTTP Server Stopped.
StartApp.exe: 0000134C: 21:47:35 [TUniGUISessionManager]:Terminating Session manager.
StartApp.exe: 0000134C: 21:47:35 [TUniGUISessionManager]:Stopping Cache Eraser...
StartApp.exe: 0000134C: 21:47:35 [TUniGUISessionManager]:Cache Eraser Stopped.
StartApp.exe: 0000134C: 21:47:35 [TUniGUISessionManager]:Destroying Worker Threads.
StartApp.exe: 0000134C: 21:47:35 [TUniGUISessionManager]:Session manager terminated.
StartApp.exe: 0000134C: 21:47:35 [TUniServerModule]:Server Shutdown Completed.
StartApp.exe: 0000134C: 21:47:35 []:<-------------------------------------------------------------->
StartApp.exe: 0000134C: 21:47:35 [Terminated]:Exit Code: 0
StartApp.exe: 00001388: 21:48:12 []:>--------------------------------------------------------------<
StartApp.exe: 00001388: 21:48:12 [TUniServerModule]:Server First Init.
StartApp.exe: 00001388: 21:48:12 [TUniServerModule]:Starting HTTP Server on Port: 8077...
StartApp.exe: 00001388: 21:48:12 [TUniServerModule]:HTTP Server Started on Port: 8077
StartApp.exe: 0000243C: 21:48:17 [127.0.0.1]:EUniSessionException : Invalid session or session Timeout. (Session not found: u988DiFlvz109420C26 ) : Addr: $007CF542
StartApp.exe: 00002D08: 21:48:17 [127.0.0.1]:EUniSessionException : Invalid session or session Timeout. (Session not found: u988DiFlvz109420C26 ) : Addr: $007CF542
StartApp.exe: 00001388: 22:01:25 [TUniServerModule]:Shutting Down Server.
StartApp.exe: 00001388: 22:01:25 [TUniServerModule]:Stopping HTTP Server.
StartApp.exe: 00001BE0: 22:04:17 []:>--------------------------------------------------------------<
StartApp.exe: 00001BE0: 22:04:17 [TUniServerModule]:Server First Init.
StartApp.exe: 00001BE0: 22:04:17 [TUniServerModule]:Global Cache Folder Erased. <5> Files deleted.
StartApp.exe: 00001BE0: 22:04:17 [TUniServerModule]:Starting HTTP Server on Port: 8077...
StartApp.exe: 00001BE0: 22:04:17 [TUniServerModule]:HTTP Server Started on Port: 8077
StartApp.exe: 00001A4C: 22:04:55 [127.0.0.1]:EUniSessionException : Invalid session or session Timeout. (Session not found: aDqeUihqHG109420CBA ) : Addr: $007CF542
StartApp.exe: 00003B2C: 22:04:55 [127.0.0.1]:EUniSessionException : Invalid session or session Timeout. (Session not found: aDqeUihqHG109420CBA ) : Addr: $007CF542
