StartApp.exe: 0000285C: 20:46:55 []:>--------------------------------------------------------------<
StartApp.exe: 0000285C: 20:46:55 [TUniServerModule]:Server First Init.
StartApp.exe: 0000285C: 20:46:55 [TUniServerModule]:Starting HTTP Server on Port: 8077...
StartApp.exe: 0000285C: 20:46:55 [TUniServerModule]:HTTP Server Started on Port: 8077
StartApp.exe: 00001F44: 20:47:02 [127.0.0.1]:EUniSessionException : Invalid session or session Timeout. (Session not found: Op9mxDsfJa1092FAA73 ) : Addr: $007731DE
StartApp.exe: 00001F54: 20:47:03 [HandleFileRequest[127.0.0.1]]:File not found: C:\Users\l\PDEV\DELPHI\AppStart\Win32\Debug\.js
StartApp.exe: 0000285C: 20:47:21 [TUniServerModule]:Shutting Down Server.
StartApp.exe: 0000285C: 20:47:21 [TUniServerModule]:Stopping HTTP Server.
StartApp.exe: 0000285C: 20:47:22 [TUniServerModule]:HTTP Server Stopped.
StartApp.exe: 0000285C: 20:47:22 [TUniGUISessionManager]:Terminating Session manager.
StartApp.exe: 0000285C: 20:47:22 [TUniGUISessionManager]:Stopping Cache Eraser...
StartApp.exe: 0000285C: 20:47:22 [TUniGUISessionManager]:Cache Eraser Stopped.
StartApp.exe: 0000285C: 20:47:22 [TUniGUISessionManager]:Destroying Worker Threads.
StartApp.exe: 0000285C: 20:47:22 [TUniGUISessionManager]:Session manager terminated.
StartApp.exe: 0000285C: 20:47:22 [TUniServerModule]:Server Shutdown Completed.
StartApp.exe: 0000285C: 20:47:22 []:<-------------------------------------------------------------->
StartApp.exe: 0000285C: 20:47:22 [Terminated]:Exit Code: 0
StartApp.exe: 000004D0: 20:47:26 []:>--------------------------------------------------------------<
StartApp.exe: 000004D0: 20:47:26 [TUniServerModule]:Server First Init.
StartApp.exe: 000004D0: 20:47:26 [TUniServerModule]:Starting HTTP Server on Port: 8077...
StartApp.exe: 000004D0: 20:47:26 [TUniServerModule]:HTTP Server Started on Port: 8077
StartApp.exe: 00000C20: 20:47:28 [127.0.0.1]:EUniSessionException : Invalid session or session Timeout. (Session not found: OGVAvjWvYc1092FAC88 ) : Addr: $007731DE
StartApp.exe: 000037B4: 20:47:29 [HandleFileRequest[127.0.0.1]]:File not found: C:\Users\l\PDEV\DELPHI\AppStart\Win32\Debug\.js
StartApp.exe: 000004D0: 20:47:49 [TUniServerModule]:Shutting Down Server.
StartApp.exe: 000004D0: 20:47:49 [TUniServerModule]:Stopping HTTP Server.
StartApp.exe: 000004D0: 20:47:50 [TUniServerModule]:HTTP Server Stopped.
StartApp.exe: 000004D0: 20:47:50 [TUniGUISessionManager]:Terminating Session manager.
StartApp.exe: 000004D0: 20:47:50 [TUniGUISessionManager]:Stopping Cache Eraser...
StartApp.exe: 000004D0: 20:47:50 [TUniGUISessionManager]:Cache Eraser Stopped.
StartApp.exe: 000004D0: 20:47:50 [TUniGUISessionManager]:Destroying Worker Threads.
StartApp.exe: 000004D0: 20:47:50 [TUniGUISessionManager]:Session manager terminated.
StartApp.exe: 000004D0: 20:47:50 [TUniServerModule]:Server Shutdown Completed.
StartApp.exe: 000004D0: 20:47:50 []:<-------------------------------------------------------------->
StartApp.exe: 000004D0: 20:47:50 [Terminated]:Exit Code: 0
StartApp.exe: 0000329C: 20:48:06 []:>--------------------------------------------------------------<
StartApp.exe: 0000329C: 20:48:06 [TUniServerModule]:Server First Init.
StartApp.exe: 0000329C: 20:48:06 [TUniServerModule]:Debug Mode = ON
StartApp.exe: 0000329C: 20:48:06 [TUniServerModule]:Starting HTTP Server on Port: 8077...
StartApp.exe: 0000329C: 20:48:06 [TUniServerModule]:HTTP Server Started on Port: 8077
StartApp.exe: 00000410: 20:48:41 []:>--------------------------------------------------------------<
StartApp.exe: 00000410: 20:48:41 [TUniServerModule]:Server First Init.
StartApp.exe: 00000410: 20:48:41 [TUniServerModule]:Global Cache Folder Erased. <1> Files deleted.
StartApp.exe: 00000410: 20:48:41 [TUniServerModule]:Starting HTTP Server on Port: 8077...
StartApp.exe: 00000410: 20:48:41 [TUniServerModule]:HTTP Server Started on Port: 8077
StartApp.exe: 00000C18: 20:48:45 [127.0.0.1]:EUniSessionException : Invalid session or session Timeout. (Session not found: Y4AeumQADB1092FACA6 ) : Addr: $007731DE
StartApp.exe: 00000410: 20:54:44 [TUniServerModule]:Shutting Down Server.
StartApp.exe: 00000410: 20:54:44 [TUniServerModule]:Stopping HTTP Server.
StartApp.exe: 00000410: 20:54:45 [TUniServerModule]:HTTP Server Stopped.
StartApp.exe: 00000410: 20:54:45 [TUniGUISessionManager]:Terminating Session manager.
StartApp.exe: 00000410: 20:54:45 [TUniGUISessionManager]:Stopping Cache Eraser...
StartApp.exe: 00000410: 20:54:45 [TUniGUISessionManager]:Cache Eraser Stopped.
StartApp.exe: 00000410: 20:54:45 [TUniGUISessionManager]:Destroying Worker Threads.
StartApp.exe: 00000410: 20:54:45 [TUniGUISessionManager]:Session manager terminated.
StartApp.exe: 00000410: 20:54:45 [TUniServerModule]:Server Shutdown Completed.
StartApp.exe: 00000410: 20:54:45 []:<-------------------------------------------------------------->
StartApp.exe: 00000410: 20:54:45 [Terminated]:Exit Code: 0
StartApp.exe: 00003688: 20:54:50 []:>--------------------------------------------------------------<
StartApp.exe: 00003688: 20:54:50 [TUniServerModule]:Server First Init.
StartApp.exe: 00003688: 20:54:51 [TUniServerModule]:Starting HTTP Server on Port: 8077...
StartApp.exe: 00003688: 20:54:51 [TUniServerModule]:HTTP Server Started on Port: 8077
StartApp.exe: 00000C88: 20:55:02 [127.0.0.1]:EUniSessionException : Invalid session or session Timeout. (Session not found: aOYjp28pCa1092FAD05 ) : Addr: $0077324E
StartApp.exe: 00003688: 21:01:33 [TUniServerModule]:Shutting Down Server.
StartApp.exe: 00003688: 21:01:33 [TUniServerModule]:Stopping HTTP Server.
StartApp.exe: 00003688: 21:01:34 [TUniServerModule]:HTTP Server Stopped.
StartApp.exe: 00003688: 21:01:34 [TUniGUISessionManager]:Terminating Session manager.
StartApp.exe: 00003688: 21:01:34 [TUniGUISessionManager]:Stopping Cache Eraser...
StartApp.exe: 00003688: 21:01:34 [TUniGUISessionManager]:Cache Eraser Stopped.
StartApp.exe: 00003688: 21:01:34 [TUniGUISessionManager]:Destroying Worker Threads.
StartApp.exe: 00003688: 21:01:34 [TUniGUISessionManager]:Session manager terminated.
StartApp.exe: 00003688: 21:01:34 [TUniServerModule]:Server Shutdown Completed.
StartApp.exe: 00003688: 21:01:34 []:<-------------------------------------------------------------->
StartApp.exe: 00003688: 21:01:34 [Terminated]:Exit Code: 0
StartApp.exe: 00002F38: 21:01:42 []:>--------------------------------------------------------------<
StartApp.exe: 00002F38: 21:01:42 [TUniServerModule]:Server First Init.
StartApp.exe: 00002F38: 21:01:43 [TUniServerModule]:Starting HTTP Server on Port: 8077...
StartApp.exe: 00002F38: 21:01:43 [TUniServerModule]:HTTP Server Started on Port: 8077
StartApp.exe: 00001CC8: 21:02:00 [192.168.4.34]:EUniSessionException : Invalid session or session Timeout. (Session not found: lufvKg6Vax1092FB072 ) : Addr: $0077324E
StartApp.exe: 000028CC: 21:03:51 [127.0.0.1]:EUniSessionException : Invalid session or session Timeout. (Session not found: 567htVG3V21092FAEB3 ) : Addr: $0077324E
StartApp.exe: 00002F38: 21:07:21 [TUniServerModule]:Shutting Down Server.
StartApp.exe: 00002F38: 21:07:21 [TUniServerModule]:Stopping HTTP Server.
StartApp.exe: 00002F38: 21:07:22 [TUniServerModule]:HTTP Server Stopped.
StartApp.exe: 00002F38: 21:07:22 [TUniGUISessionManager]:Terminating Session manager.
StartApp.exe: 00002F38: 21:07:22 [TUniGUISessionManager]:Stopping Cache Eraser...
StartApp.exe: 00002F38: 21:07:22 [TUniGUISessionManager]:Cache Eraser Stopped.
StartApp.exe: 00002F38: 21:07:22 [TUniGUISessionManager]:Destroying Worker Threads.
StartApp.exe: 00002F38: 21:07:22 [TUniGUISessionManager]:Session manager terminated.
StartApp.exe: 00002F38: 21:07:22 [TUniServerModule]:Server Shutdown Completed.
StartApp.exe: 00002F38: 21:07:22 []:<-------------------------------------------------------------->
StartApp.exe: 00002F38: 21:07:22 [Terminated]:Exit Code: 0
StartApp.exe: 00003614: 21:07:26 []:>--------------------------------------------------------------<
StartApp.exe: 00003614: 21:07:26 [TUniServerModule]:Server First Init.
StartApp.exe: 00003614: 21:07:26 [TUniServerModule]:Starting HTTP Server on Port: 8077...
StartApp.exe: 00003614: 21:07:26 [TUniServerModule]:HTTP Server Started on Port: 8077
StartApp.exe: 000004D8: 21:07:46 [192.168.4.34]:EUniSessionException : Invalid session or session Timeout. (Session not found: hkj8yGc9vL1092FB0EE ) : Addr: $0077324E
StartApp.exe: 000034A0: 21:08:19 [127.0.0.1]:EUniSessionException : Invalid session or session Timeout. (Session not found: vDJWwyw6Z51092FB117 ) : Addr: $0077324E
StartApp.exe: 00003614: 21:17:18 [TUniServerModule]:Shutting Down Server.
StartApp.exe: 00003614: 21:17:18 [TUniServerModule]:Stopping HTTP Server.
StartApp.exe: 00003614: 21:17:19 [TUniServerModule]:HTTP Server Stopped.
StartApp.exe: 00003614: 21:17:19 [TUniGUISessionManager]:Terminating Session manager.
StartApp.exe: 00003614: 21:17:19 [TUniGUISessionManager]:Stopping Cache Eraser...
StartApp.exe: 00003614: 21:17:19 [TUniGUISessionManager]:Cache Eraser Stopped.
StartApp.exe: 00003614: 21:17:19 [TUniGUISessionManager]:Destroying Worker Threads.
StartApp.exe: 00003614: 21:17:19 [TUniGUISessionManager]:Session manager terminated.
StartApp.exe: 00003614: 21:17:19 [TUniServerModule]:Server Shutdown Completed.
StartApp.exe: 00003614: 21:17:19 []:<-------------------------------------------------------------->
StartApp.exe: 00003614: 21:17:19 [Terminated]:Exit Code: 0
StartApp.exe: 00002DC8: 21:17:22 []:>--------------------------------------------------------------<
StartApp.exe: 00002DC8: 21:17:22 [TUniServerModule]:Server First Init.
StartApp.exe: 00002DC8: 21:17:22 [TUniServerModule]:Starting HTTP Server on Port: 8077...
StartApp.exe: 00002DC8: 21:17:22 [TUniServerModule]:HTTP Server Started on Port: 8077
StartApp.exe: 000016C8: 21:17:27 [192.168.4.34]:EUniSessionException : Invalid session or session Timeout. (Session not found: 3RF8WhpzTq1092FB239 ) : Addr: $0077324E
StartApp.exe: 000023D8: 21:17:39 [127.0.0.1]:EUniSessionException : Invalid session or session Timeout. (Session not found: 6VKTPDyn9X1092FB451 ) : Addr: $0077324E
StartApp.exe: 00002DC8: 21:21:02 [TUniServerModule]:Shutting Down Server.
StartApp.exe: 00002DC8: 21:21:02 [TUniServerModule]:Stopping HTTP Server.
StartApp.exe: 00002DC8: 21:21:03 [TUniServerModule]:HTTP Server Stopped.
StartApp.exe: 00002DC8: 21:21:03 [TUniGUISessionManager]:Terminating Session manager.
StartApp.exe: 00002DC8: 21:21:03 [TUniGUISessionManager]:Stopping Cache Eraser...
StartApp.exe: 00002DC8: 21:21:03 [TUniGUISessionManager]:Cache Eraser Stopped.
StartApp.exe: 00002DC8: 21:21:03 [TUniGUISessionManager]:Waiting for session manager thread...
StartApp.exe: 00001FB4: 21:21:26 []:>--------------------------------------------------------------<
StartApp.exe: 00001FB4: 21:21:26 [TUniServerModule]:Server First Init.
StartApp.exe: 00001FB4: 21:21:27 [TUniServerModule]:Global Cache Folder Erased. <6> Files deleted.
StartApp.exe: 00001FB4: 21:21:27 [TUniServerModule]:Starting HTTP Server on Port: 8077...
StartApp.exe: 00001FB4: 21:21:27 [TUniServerModule]:HTTP Server Started on Port: 8077
StartApp.exe: 00001FB4: 21:26:16 [TUniServerModule]:Shutting Down Server.
StartApp.exe: 00001FB4: 21:26:16 [TUniServerModule]:Stopping HTTP Server.
StartApp.exe: 00001FB4: 21:26:17 [TUniServerModule]:HTTP Server Stopped.
StartApp.exe: 00001FB4: 21:26:17 [TUniGUISessionManager]:Terminating Session manager.
StartApp.exe: 00001FB4: 21:26:17 [TUniGUISessionManager]:Stopping Cache Eraser...
StartApp.exe: 00001FB4: 21:26:17 [TUniGUISessionManager]:Cache Eraser Stopped.
StartApp.exe: 00001FB4: 21:26:17 [TUniGUISessionManager]:Destroying Worker Threads.
StartApp.exe: 00001FB4: 21:26:17 [TUniGUISessionManager]:Session manager terminated.
StartApp.exe: 00001FB4: 21:26:17 [TUniServerModule]:Server Shutdown Completed.
StartApp.exe: 00001FB4: 21:26:17 []:<-------------------------------------------------------------->
StartApp.exe: 00001FB4: 21:26:17 [Terminated]:Exit Code: 0
StartApp.exe: 00000A78: 21:26:32 []:>--------------------------------------------------------------<
StartApp.exe: 00000A78: 21:26:32 [TUniServerModule]:Server First Init.
StartApp.exe: 00000A78: 21:26:32 [TUniServerModule]:Starting HTTP Server on Port: 8077...
StartApp.exe: 00000A78: 21:26:32 [TUniServerModule]:HTTP Server Started on Port: 8077
StartApp.exe: 00002318: 21:26:37 [192.168.4.34]:EUniSessionException : Invalid session or session Timeout. (Session not found: N9IUgeMcK81092FB5DE ) : Addr: $0077324E
StartApp.exe: 00000A78: 21:27:38 [TUniServerModule]:Shutting Down Server.
StartApp.exe: 00000A78: 21:27:38 [TUniServerModule]:Stopping HTTP Server.
StartApp.exe: 00000A78: 21:27:39 [TUniServerModule]:HTTP Server Stopped.
StartApp.exe: 00000A78: 21:27:39 [TUniGUISessionManager]:Terminating Session manager.
StartApp.exe: 00000A78: 21:27:39 [TUniGUISessionManager]:Stopping Cache Eraser...
StartApp.exe: 00000A78: 21:27:39 [TUniGUISessionManager]:Cache Eraser Stopped.
StartApp.exe: 00000A78: 21:27:39 [TUniGUISessionManager]:Destroying Worker Threads.
StartApp.exe: 00000A78: 21:27:39 [TUniGUISessionManager]:Session manager terminated.
StartApp.exe: 00000A78: 21:27:39 [TUniServerModule]:Server Shutdown Completed.
StartApp.exe: 00000A78: 21:27:39 []:<-------------------------------------------------------------->
StartApp.exe: 00000A78: 21:27:39 [Terminated]:Exit Code: 0
StartApp.exe: 00003304: 21:27:44 []:>--------------------------------------------------------------<
StartApp.exe: 00003304: 21:27:44 [TUniServerModule]:Server First Init.
StartApp.exe: 00003304: 21:27:44 [TUniServerModule]:Starting HTTP Server on Port: 8077...
StartApp.exe: 00003304: 21:27:44 [TUniServerModule]:HTTP Server Started on Port: 8077
StartApp.exe: 000002AC: 21:27:47 [192.168.4.34]:EUniSessionException : Invalid session or session Timeout. (Session not found: kXD62xQ3eC1092FB748 ) : Addr: $0077324E
StartApp.exe: 00003304: 21:29:15 [TUniServerModule]:Shutting Down Server.
StartApp.exe: 00003304: 21:29:15 [TUniServerModule]:Stopping HTTP Server.
StartApp.exe: 00003304: 21:29:16 [TUniServerModule]:HTTP Server Stopped.
StartApp.exe: 00003304: 21:29:16 [TUniGUISessionManager]:Terminating Session manager.
StartApp.exe: 00003304: 21:29:16 [TUniGUISessionManager]:Stopping Cache Eraser...
StartApp.exe: 00003304: 21:29:16 [TUniGUISessionManager]:Cache Eraser Stopped.
StartApp.exe: 00003304: 21:29:16 [TUniGUISessionManager]:Destroying Worker Threads.
StartApp.exe: 00003304: 21:29:16 [TUniGUISessionManager]:Session manager terminated.
StartApp.exe: 00003304: 21:29:16 [TUniServerModule]:Server Shutdown Completed.
StartApp.exe: 00003304: 21:29:16 []:<-------------------------------------------------------------->
StartApp.exe: 00003304: 21:29:16 [Terminated]:Exit Code: 0
StartApp.exe: 00003564: 21:29:19 []:>--------------------------------------------------------------<
StartApp.exe: 00003564: 21:29:19 [TUniServerModule]:Server First Init.
StartApp.exe: 00003564: 21:29:19 [TUniServerModule]:Starting HTTP Server on Port: 8077...
StartApp.exe: 00003564: 21:29:19 [TUniServerModule]:HTTP Server Started on Port: 8077
StartApp.exe: 000006C0: 21:29:24 [192.168.4.34]:EUniSessionException : Invalid session or session Timeout. (Session not found: pnjGrpg3a41092FB7CD ) : Addr: $0077324E
StartApp.exe: 000034DC: 21:29:47 [127.0.0.1]:EUniSessionException : Invalid session or session Timeout. (Session not found: 8xLhkCN3VJ1092FB4D6 ) : Addr: $0077324E
StartApp.exe: 000034DC: 21:29:48 [HandleFileRequest[127.0.0.1]]:File not found: C:\Users\l\PDEV\DELPHI\AppStart\Win32\Debug\favicon.ico
StartApp.exe: 00003564: 21:31:29 [TUniServerModule]:Shutting Down Server.
StartApp.exe: 00003564: 21:31:29 [TUniServerModule]:Stopping HTTP Server.
StartApp.exe: 00003564: 21:31:30 [TUniServerModule]:HTTP Server Stopped.
StartApp.exe: 00003564: 21:31:30 [TUniGUISessionManager]:Terminating Session manager.
StartApp.exe: 00003564: 21:31:30 [TUniGUISessionManager]:Stopping Cache Eraser...
StartApp.exe: 00003564: 21:31:30 [TUniGUISessionManager]:Cache Eraser Stopped.
StartApp.exe: 00003564: 21:31:30 [TUniGUISessionManager]:Destroying Worker Threads.
StartApp.exe: 00003564: 21:31:30 [TUniGUISessionManager]:Session manager terminated.
StartApp.exe: 00003564: 21:31:30 [TUniServerModule]:Server Shutdown Completed.
StartApp.exe: 00003564: 21:31:30 []:<-------------------------------------------------------------->
StartApp.exe: 00003564: 21:31:30 [Terminated]:Exit Code: 0
StartApp.exe: 000015FC: 21:31:34 []:>--------------------------------------------------------------<
StartApp.exe: 000015FC: 21:31:34 [TUniServerModule]:Server First Init.
StartApp.exe: 000015FC: 21:31:34 [TUniServerModule]:Starting HTTP Server on Port: 8077...
StartApp.exe: 000015FC: 21:31:34 [TUniServerModule]:HTTP Server Started on Port: 8077
StartApp.exe: 000013B8: 21:31:35 [192.168.4.34]:EUniSessionException : Invalid session or session Timeout. (Session not found: iIETLWOjDY1092FB807 ) : Addr: $0077324E
StartApp.exe: 000015FC: 21:33:02 [TUniServerModule]:Shutting Down Server.
StartApp.exe: 000015FC: 21:33:02 [TUniServerModule]:Stopping HTTP Server.
StartApp.exe: 000015FC: 21:33:03 [TUniServerModule]:HTTP Server Stopped.
StartApp.exe: 000015FC: 21:33:03 [TUniGUISessionManager]:Terminating Session manager.
StartApp.exe: 000015FC: 21:33:03 [TUniGUISessionManager]:Stopping Cache Eraser...
StartApp.exe: 000015FC: 21:33:03 [TUniGUISessionManager]:Cache Eraser Stopped.
StartApp.exe: 000015FC: 21:33:03 [TUniGUISessionManager]:Destroying Worker Threads.
StartApp.exe: 000015FC: 21:33:03 [TUniGUISessionManager]:Session manager terminated.
StartApp.exe: 000015FC: 21:33:03 [TUniServerModule]:Server Shutdown Completed.
StartApp.exe: 000015FC: 21:33:03 []:<-------------------------------------------------------------->
StartApp.exe: 000015FC: 21:33:03 [Terminated]:Exit Code: 0
StartApp.exe: 00001E28: 21:33:07 []:>--------------------------------------------------------------<
StartApp.exe: 00001E28: 21:33:07 [TUniServerModule]:Server First Init.
StartApp.exe: 00001E28: 21:33:07 [TUniServerModule]:Starting HTTP Server on Port: 8077...
StartApp.exe: 00001E28: 21:33:07 [TUniServerModule]:HTTP Server Started on Port: 8077
StartApp.exe: 00000750: 21:33:09 [192.168.4.34]:EUniSessionException : Invalid session or session Timeout. (Session not found: KEi2bzHaVP1092FB8A0 ) : Addr: $0077324E
StartApp.exe: 00001E28: 21:33:50 [TUniServerModule]:Shutting Down Server.
StartApp.exe: 00001E28: 21:33:50 [TUniServerModule]:Stopping HTTP Server.
StartApp.exe: 00001E28: 21:33:51 [TUniServerModule]:HTTP Server Stopped.
StartApp.exe: 00001E28: 21:33:51 [TUniGUISessionManager]:Terminating Session manager.
StartApp.exe: 00001E28: 21:33:51 [TUniGUISessionManager]:Stopping Cache Eraser...
StartApp.exe: 00001E28: 21:33:51 [TUniGUISessionManager]:Cache Eraser Stopped.
StartApp.exe: 00001E28: 21:33:51 [TUniGUISessionManager]:Destroying Worker Threads.
StartApp.exe: 00001E28: 21:33:51 [TUniGUISessionManager]:Session manager terminated.
StartApp.exe: 00001E28: 21:33:51 [TUniServerModule]:Server Shutdown Completed.
StartApp.exe: 00001E28: 21:33:51 []:<-------------------------------------------------------------->
StartApp.exe: 00001E28: 21:33:51 [Terminated]:Exit Code: 0
StartApp.exe: 00003364: 21:33:55 []:>--------------------------------------------------------------<
StartApp.exe: 00003364: 21:33:55 [TUniServerModule]:Server First Init.
StartApp.exe: 00003364: 21:33:55 [TUniServerModule]:Starting HTTP Server on Port: 8077...
StartApp.exe: 00003364: 21:33:55 [TUniServerModule]:HTTP Server Started on Port: 8077
StartApp.exe: 00003144: 21:34:19 [127.0.0.1]:EUniSessionException : Invalid session or session Timeout. (Session not found: xjyFOH6qM81092FB825 ) : Addr: $0077324E
StartApp.exe: 00003364: 21:35:22 [TUniServerModule]:Shutting Down Server.
StartApp.exe: 00003364: 21:35:22 [TUniServerModule]:Stopping HTTP Server.
StartApp.exe: 00003364: 21:35:23 [TUniServerModule]:HTTP Server Stopped.
StartApp.exe: 00003364: 21:35:23 [TUniGUISessionManager]:Terminating Session manager.
StartApp.exe: 00003364: 21:35:23 [TUniGUISessionManager]:Stopping Cache Eraser...
StartApp.exe: 00003364: 21:35:23 [TUniGUISessionManager]:Cache Eraser Stopped.
StartApp.exe: 00003364: 21:35:23 [TUniGUISessionManager]:Destroying Worker Threads.
StartApp.exe: 00003364: 21:35:23 [TUniGUISessionManager]:Session manager terminated.
StartApp.exe: 00003364: 21:35:23 [TUniServerModule]:Server Shutdown Completed.
StartApp.exe: 00003364: 21:35:23 []:<-------------------------------------------------------------->
StartApp.exe: 00003364: 21:35:23 [Terminated]:Exit Code: 0
StartApp.exe: 00001B88: 21:35:27 []:>--------------------------------------------------------------<
StartApp.exe: 00001B88: 21:35:27 [TUniServerModule]:Server First Init.
StartApp.exe: 00001B88: 21:35:27 [TUniServerModule]:Starting HTTP Server on Port: 8077...
StartApp.exe: 00001B88: 21:35:27 [TUniServerModule]:HTTP Server Started on Port: 8077
StartApp.exe: 00003634: 21:35:27 [192.168.4.34]:EUniSessionException : Invalid session or session Timeout. (Session not found: feTBsyS85F1092FB955 ) : Addr: $0077324E
StartApp.exe: 00001B88: 21:37:51 [TUniServerModule]:Shutting Down Server.
StartApp.exe: 00001B88: 21:37:51 [TUniServerModule]:Stopping HTTP Server.
StartApp.exe: 00001B88: 21:37:52 [TUniServerModule]:HTTP Server Stopped.
StartApp.exe: 00001B88: 21:37:52 [TUniGUISessionManager]:Terminating Session manager.
StartApp.exe: 00001B88: 21:37:52 [TUniGUISessionManager]:Stopping Cache Eraser...
StartApp.exe: 00001B88: 21:37:52 [TUniGUISessionManager]:Cache Eraser Stopped.
StartApp.exe: 00001B88: 21:37:52 [TUniGUISessionManager]:Destroying Worker Threads.
StartApp.exe: 00001B88: 21:37:52 [TUniGUISessionManager]:Session manager terminated.
StartApp.exe: 00001B88: 21:37:52 [TUniServerModule]:Server Shutdown Completed.
StartApp.exe: 00001B88: 21:37:52 []:<-------------------------------------------------------------->
StartApp.exe: 00001B88: 21:37:52 [Terminated]:Exit Code: 0
StartApp.exe: 00001890: 21:37:56 []:>--------------------------------------------------------------<
StartApp.exe: 00001890: 21:37:56 [TUniServerModule]:Server First Init.
StartApp.exe: 00001890: 21:37:56 [TUniServerModule]:Starting HTTP Server on Port: 8077...
StartApp.exe: 00001890: 21:37:56 [TUniServerModule]:HTTP Server Started on Port: 8077
StartApp.exe: 000025D8: 21:37:57 [192.168.4.34]:EUniSessionException : Invalid session or session Timeout. (Session not found: n3VmMACojE1092FB9AD ) : Addr: $0077324E
StartApp.exe: 00001940: 21:38:17 [127.0.0.1]:EUniSessionException : Invalid session or session Timeout. (Session not found: lXi376jtB81092FB95E ) : Addr: $0077324E
StartApp.exe: 00001890: 21:46:27 [TUniServerModule]:Shutting Down Server.
StartApp.exe: 00001890: 21:46:27 [TUniServerModule]:Stopping HTTP Server.
StartApp.exe: 00001890: 21:46:28 [TUniServerModule]:HTTP Server Stopped.
StartApp.exe: 00001890: 21:46:28 [TUniGUISessionManager]:Terminating Session manager.
StartApp.exe: 00001890: 21:46:28 [TUniGUISessionManager]:Stopping Cache Eraser...
StartApp.exe: 00001890: 21:46:28 [TUniGUISessionManager]:Cache Eraser Stopped.
StartApp.exe: 00001890: 21:46:28 [TUniGUISessionManager]:Destroying Worker Threads.
StartApp.exe: 00001890: 21:46:28 [TUniGUISessionManager]:Session manager terminated.
StartApp.exe: 00001890: 21:46:28 [TUniServerModule]:Server Shutdown Completed.
StartApp.exe: 00001890: 21:46:28 []:<-------------------------------------------------------------->
StartApp.exe: 00001890: 21:46:28 [Terminated]:Exit Code: 0
StartApp.exe: 00003090: 21:46:32 []:>--------------------------------------------------------------<
StartApp.exe: 00003090: 21:46:32 [TUniServerModule]:Server First Init.
StartApp.exe: 00003090: 21:46:32 [TUniServerModule]:Starting HTTP Server on Port: 8077...
StartApp.exe: 00003090: 21:46:32 [TUniServerModule]:HTTP Server Started on Port: 8077
StartApp.exe: 0000340C: 21:46:50 [192.168.4.34]:EUniSessionException : Invalid session or session Timeout. (Session not found: QUnvjuvLm51092FBC55 ) : Addr: $0077324E
StartApp.exe: 00003090: 21:47:00 [TUniServerModule]:Shutting Down Server.
StartApp.exe: 00003090: 21:47:00 [TUniServerModule]:Stopping HTTP Server.
StartApp.exe: 00003090: 21:47:01 [TUniServerModule]:HTTP Server Stopped.
StartApp.exe: 00003090: 21:47:01 [TUniGUISessionManager]:Terminating Session manager.
StartApp.exe: 00003090: 21:47:01 [TUniGUISessionManager]:Stopping Cache Eraser...
StartApp.exe: 00003090: 21:47:01 [TUniGUISessionManager]:Cache Eraser Stopped.
StartApp.exe: 00003090: 21:47:01 [TUniGUISessionManager]:Destroying Worker Threads.
StartApp.exe: 00003090: 21:47:01 [TUniGUISessionManager]:Session manager terminated.
StartApp.exe: 00003090: 21:47:01 [TUniServerModule]:Server Shutdown Completed.
StartApp.exe: 00003090: 21:47:01 []:<-------------------------------------------------------------->
StartApp.exe: 00003090: 21:47:01 [Terminated]:Exit Code: 0
StartApp.exe: 00003598: 21:47:05 []:>--------------------------------------------------------------<
StartApp.exe: 00003598: 21:47:05 [TUniServerModule]:Server First Init.
StartApp.exe: 00003598: 21:47:05 [TUniServerModule]:Starting HTTP Server on Port: 8077...
StartApp.exe: 00003598: 21:47:05 [TUniServerModule]:HTTP Server Started on Port: 8077
StartApp.exe: 00000484: 21:47:07 [192.168.4.34]:EUniSessionException : Invalid session or session Timeout. (Session not found: PvRmIs1GFf1092FBCC4 ) : Addr: $0077324E
StartApp.exe: 00001B48: 21:47:10 [127.0.0.1]:EUniSessionException : Invalid session or session Timeout. (Session not found: I4Jw2GpkwQ1092FBA72 ) : Addr: $0077324E
StartApp.exe: 00003598: 21:48:35 [TUniServerModule]:Shutting Down Server.
StartApp.exe: 00003598: 21:48:35 [TUniServerModule]:Stopping HTTP Server.
StartApp.exe: 00003598: 21:48:36 [TUniServerModule]:HTTP Server Stopped.
StartApp.exe: 00003598: 21:48:36 [TUniGUISessionManager]:Terminating Session manager.
StartApp.exe: 00003598: 21:48:36 [TUniGUISessionManager]:Stopping Cache Eraser...
StartApp.exe: 00003598: 21:48:36 [TUniGUISessionManager]:Cache Eraser Stopped.
StartApp.exe: 00003598: 21:48:36 [TUniGUISessionManager]:Destroying Worker Threads.
StartApp.exe: 00003598: 21:48:36 [TUniGUISessionManager]:Session manager terminated.
StartApp.exe: 00003598: 21:48:36 [TUniServerModule]:Server Shutdown Completed.
StartApp.exe: 00003598: 21:48:36 []:<-------------------------------------------------------------->
StartApp.exe: 00003598: 21:48:36 [Terminated]:Exit Code: 0
StartApp.exe: 00001B84: 21:54:47 []:>--------------------------------------------------------------<
StartApp.exe: 00001B84: 21:54:47 [TUniServerModule]:Server First Init.
StartApp.exe: 00001B84: 21:54:47 [TUniServerModule]:Starting HTTP Server on Port: 8077...
StartApp.exe: 00001B84: 21:54:47 [TUniServerModule]:HTTP Server Started on Port: 8077
StartApp.exe: 00002364: 21:54:49 [192.168.4.34]:EUniSessionException : Invalid session or session Timeout. (Session not found: 2skt6OjFWc1092FBCD6 ) : Addr: $0077324E
StartApp.exe: 00001B84: 21:55:50 [TUniServerModule]:Shutting Down Server.
StartApp.exe: 00001B84: 21:55:50 [TUniServerModule]:Stopping HTTP Server.
StartApp.exe: 00001B84: 21:55:52 [TUniServerModule]:HTTP Server Stopped.
StartApp.exe: 00001B84: 21:55:52 [TUniGUISessionManager]:Terminating Session manager.
StartApp.exe: 00001B84: 21:55:52 [TUniGUISessionManager]:Stopping Cache Eraser...
StartApp.exe: 00001B84: 21:55:52 [TUniGUISessionManager]:Cache Eraser Stopped.
StartApp.exe: 00001B84: 21:55:52 [TUniGUISessionManager]:Destroying Worker Threads.
StartApp.exe: 00001B84: 21:55:52 [TUniGUISessionManager]:Session manager terminated.
StartApp.exe: 00001B84: 21:55:52 [TUniServerModule]:Server Shutdown Completed.
StartApp.exe: 00001B84: 21:55:52 []:<-------------------------------------------------------------->
StartApp.exe: 00001B84: 21:55:52 [Terminated]:Exit Code: 0
StartApp.exe: 00001C7C: 21:55:54 []:>--------------------------------------------------------------<
StartApp.exe: 00001C7C: 21:55:54 [TUniServerModule]:Server First Init.
StartApp.exe: 00001C7C: 21:55:54 [TUniServerModule]:Starting HTTP Server on Port: 8077...
StartApp.exe: 00001C7C: 21:55:54 [TUniServerModule]:HTTP Server Started on Port: 8077
StartApp.exe: 00000EEC: 21:56:14 [192.168.4.34]:EUniSessionException : Invalid session or session Timeout. (Session not found: dmZh5gKaGl1092FBF0B ) : Addr: $0077324E
StartApp.exe: 00001C7C: 21:59:20 [TUniServerModule]:Shutting Down Server.
StartApp.exe: 00001C7C: 21:59:20 [TUniServerModule]:Stopping HTTP Server.
StartApp.exe: 00001C7C: 21:59:21 [TUniServerModule]:HTTP Server Stopped.
StartApp.exe: 00001C7C: 21:59:21 [TUniGUISessionManager]:Terminating Session manager.
StartApp.exe: 00001C7C: 21:59:21 [TUniGUISessionManager]:Stopping Cache Eraser...
StartApp.exe: 00001C7C: 21:59:21 [TUniGUISessionManager]:Cache Eraser Stopped.
StartApp.exe: 00001C7C: 21:59:21 [TUniGUISessionManager]:Destroying Worker Threads.
StartApp.exe: 00001C7C: 21:59:21 [TUniGUISessionManager]:Session manager terminated.
StartApp.exe: 00001C7C: 21:59:21 [TUniServerModule]:Server Shutdown Completed.
StartApp.exe: 00001C7C: 21:59:21 []:<-------------------------------------------------------------->
StartApp.exe: 00001C7C: 21:59:21 [Terminated]:Exit Code: 0
StartApp.exe: 000027B8: 21:59:25 []:>--------------------------------------------------------------<
StartApp.exe: 000027B8: 21:59:25 [TUniServerModule]:Server First Init.
StartApp.exe: 000027B8: 21:59:25 [TUniServerModule]:Starting HTTP Server on Port: 8077...
StartApp.exe: 000027B8: 21:59:25 [TUniServerModule]:HTTP Server Started on Port: 8077
StartApp.exe: 00000FF4: 21:59:30 [192.168.4.34]:EUniSessionException : Invalid session or session Timeout. (Session not found: 2KKLw6OCzq1092FBF52 ) : Addr: $0077324E
StartApp.exe: 000027B8: 22:01:48 [TUniServerModule]:Shutting Down Server.
StartApp.exe: 000027B8: 22:01:48 [TUniServerModule]:Stopping HTTP Server.
StartApp.exe: 000027B8: 22:01:49 [TUniServerModule]:HTTP Server Stopped.
StartApp.exe: 000027B8: 22:01:49 [TUniGUISessionManager]:Terminating Session manager.
StartApp.exe: 000027B8: 22:01:49 [TUniGUISessionManager]:Stopping Cache Eraser...
StartApp.exe: 000027B8: 22:01:49 [TUniGUISessionManager]:Cache Eraser Stopped.
StartApp.exe: 000027B8: 22:01:49 [TUniGUISessionManager]:Destroying Worker Threads.
StartApp.exe: 000027B8: 22:01:49 [TUniGUISessionManager]:Session manager terminated.
StartApp.exe: 000027B8: 22:01:49 [TUniServerModule]:Server Shutdown Completed.
StartApp.exe: 000027B8: 22:01:49 []:<-------------------------------------------------------------->
StartApp.exe: 000027B8: 22:01:49 [Terminated]:Exit Code: 0
StartApp.exe: 000019BC: 22:01:52 []:>--------------------------------------------------------------<
StartApp.exe: 000019BC: 22:01:52 [TUniServerModule]:Server First Init.
StartApp.exe: 000019BC: 22:01:52 [TUniServerModule]:Starting HTTP Server on Port: 8077...
StartApp.exe: 000019BC: 22:01:52 [TUniServerModule]:HTTP Server Started on Port: 8077
StartApp.exe: 000016C8: 22:01:52 [192.168.4.34]:EUniSessionException : Invalid session or session Timeout. (Session not found: BgDSJ55NXE1092FC031 ) : Addr: $0077324E
StartApp.exe: 000019BC: 22:06:18 [TUniServerModule]:Shutting Down Server.
StartApp.exe: 000019BC: 22:06:18 [TUniServerModule]:Stopping HTTP Server.
StartApp.exe: 000019BC: 22:06:19 [TUniServerModule]:HTTP Server Stopped.
StartApp.exe: 000019BC: 22:06:19 [TUniGUISessionManager]:Terminating Session manager.
StartApp.exe: 000019BC: 22:06:19 [TUniGUISessionManager]:Stopping Cache Eraser...
StartApp.exe: 000019BC: 22:06:19 [TUniGUISessionManager]:Cache Eraser Stopped.
StartApp.exe: 000019BC: 22:06:19 [TUniGUISessionManager]:Destroying Worker Threads.
StartApp.exe: 000019BC: 22:06:19 [TUniGUISessionManager]:Session manager terminated.
StartApp.exe: 000019BC: 22:06:19 [TUniServerModule]:Server Shutdown Completed.
StartApp.exe: 000019BC: 22:06:19 []:<-------------------------------------------------------------->
StartApp.exe: 000019BC: 22:06:19 [Terminated]:Exit Code: 0
StartApp.exe: 0000285C: 22:06:22 []:>--------------------------------------------------------------<
StartApp.exe: 0000285C: 22:06:22 [TUniServerModule]:Server First Init.
StartApp.exe: 0000285C: 22:06:22 [TUniServerModule]:Starting HTTP Server on Port: 8077...
StartApp.exe: 0000285C: 22:06:22 [TUniServerModule]:HTTP Server Started on Port: 8077
StartApp.exe: 0000317C: 22:06:22 [192.168.4.34]:EUniSessionException : Invalid session or session Timeout. (Session not found: RP9Nn7ufdK1092FC0E7 ) : Addr: $0077324E
StartApp.exe: 0000325C: 22:06:43 [127.0.0.1]:EUniSessionException : Invalid session or session Timeout. (Session not found: Q5oEhX6cPw1092FBCDA ) : Addr: $0077324E
StartApp.exe: 0000285C: 22:08:43 [TUniServerModule]:Shutting Down Server.
StartApp.exe: 0000285C: 22:08:43 [TUniServerModule]:Stopping HTTP Server.
StartApp.exe: 0000285C: 22:08:44 [TUniServerModule]:HTTP Server Stopped.
StartApp.exe: 0000285C: 22:08:44 [TUniGUISessionManager]:Terminating Session manager.
StartApp.exe: 0000285C: 22:08:44 [TUniGUISessionManager]:Stopping Cache Eraser...
StartApp.exe: 0000285C: 22:08:44 [TUniGUISessionManager]:Cache Eraser Stopped.
StartApp.exe: 0000285C: 22:08:44 [TUniGUISessionManager]:Destroying Worker Threads.
StartApp.exe: 0000285C: 22:08:44 [TUniGUISessionManager]:Session manager terminated.
StartApp.exe: 0000285C: 22:08:44 [TUniServerModule]:Server Shutdown Completed.
StartApp.exe: 0000285C: 22:08:44 []:<-------------------------------------------------------------->
StartApp.exe: 0000285C: 22:08:44 [Terminated]:Exit Code: 0
StartApp.exe: 00002708: 22:08:46 []:>--------------------------------------------------------------<
StartApp.exe: 00002708: 22:08:46 [TUniServerModule]:Server First Init.
StartApp.exe: 00002708: 22:08:46 [TUniServerModule]:Starting HTTP Server on Port: 8077...
StartApp.exe: 00002708: 22:08:46 [TUniServerModule]:HTTP Server Started on Port: 8077
StartApp.exe: 00001E6C: 22:08:54 [192.168.4.34]:EUniSessionException : Invalid session or session Timeout. (Session not found: 6i6Qcr1Xjy1092FC20F ) : Addr: $0077324E
StartApp.exe: 000035F4: 22:09:06 [192.168.4.41]:EUniSessionException : Invalid session or session Timeout. (Session not found: lljYKbff941092FC255 ) : Addr: $0077324E
StartApp.exe: 00002708: 22:12:18 [TUniServerModule]:Shutting Down Server.
StartApp.exe: 00002708: 22:12:18 [TUniServerModule]:Stopping HTTP Server.
StartApp.exe: 00002708: 22:12:19 [TUniServerModule]:HTTP Server Stopped.
StartApp.exe: 00002708: 22:12:19 [TUniGUISessionManager]:Terminating Session manager.
StartApp.exe: 00002708: 22:12:20 [TUniGUISessionManager]:Stopping Cache Eraser...
StartApp.exe: 00002708: 22:12:20 [TUniGUISessionManager]:Cache Eraser Stopped.
StartApp.exe: 00002708: 22:12:20 [TUniGUISessionManager]:Destroying Worker Threads.
StartApp.exe: 00002708: 22:12:20 [TUniGUISessionManager]:Session manager terminated.
StartApp.exe: 00002708: 22:12:20 [TUniServerModule]:Server Shutdown Completed.
StartApp.exe: 00002708: 22:12:20 []:<-------------------------------------------------------------->
StartApp.exe: 00002708: 22:12:20 [Terminated]:Exit Code: 0
StartApp.exe: 00002424: 22:12:22 []:>--------------------------------------------------------------<
StartApp.exe: 00002424: 22:12:22 [TUniServerModule]:Server First Init.
StartApp.exe: 00002424: 22:12:22 [TUniServerModule]:Starting HTTP Server on Port: 8077...
StartApp.exe: 00002424: 22:12:22 [TUniServerModule]:HTTP Server Started on Port: 8077
StartApp.exe: 00001814: 22:12:26 [192.168.4.41]:EUniSessionException : Invalid session or session Timeout. (Session not found: CUaFxLreuL1092FC2CC ) : Addr: $0077324E
StartApp.exe: 00001118: 22:12:33 [192.168.4.34]:EUniSessionException : Invalid session or session Timeout. (Session not found: h21LbxAg6w1092FC2E0 ) : Addr: $0077324E
StartApp.exe: 00002424: 22:15:11 [TUniServerModule]:Shutting Down Server.
StartApp.exe: 00002424: 22:15:11 [TUniServerModule]:Stopping HTTP Server.
StartApp.exe: 00002424: 22:15:12 [TUniServerModule]:HTTP Server Stopped.
StartApp.exe: 00002424: 22:15:12 [TUniGUISessionManager]:Terminating Session manager.
StartApp.exe: 00002424: 22:15:12 [TUniGUISessionManager]:Stopping Cache Eraser...
StartApp.exe: 00002424: 22:15:13 [TUniGUISessionManager]:Cache Eraser Stopped.
StartApp.exe: 00002424: 22:15:13 [TUniGUISessionManager]:Destroying Worker Threads.
StartApp.exe: 00002424: 22:15:13 [TUniGUISessionManager]:Session manager terminated.
StartApp.exe: 00002424: 22:15:13 [TUniServerModule]:Server Shutdown Completed.
StartApp.exe: 00002424: 22:15:13 []:<-------------------------------------------------------------->
StartApp.exe: 00002424: 22:15:13 [Terminated]:Exit Code: 0
StartApp.exe: 000037BC: 22:15:15 []:>--------------------------------------------------------------<
StartApp.exe: 000037BC: 22:15:15 [TUniServerModule]:Server First Init.
StartApp.exe: 000037BC: 22:15:15 [TUniServerModule]:Starting HTTP Server on Port: 8077...
StartApp.exe: 000037BC: 22:15:15 [TUniServerModule]:HTTP Server Started on Port: 8077
StartApp.exe: 00000874: 22:15:23 [192.168.4.41]:EUniSessionException : Invalid session or session Timeout. (Session not found: L9KA9bjggA1092FC3B2 ) : Addr: $007B75B2
StartApp.exe: 00001E4C: 22:15:29 [192.168.4.34]:EUniSessionException : Invalid session or session Timeout. (Session not found: ZrungoGXyM1092FC3BA ) : Addr: $007B75B2
StartApp.exe: 000037BC: 22:18:23 [TUniServerModule]:Shutting Down Server.
StartApp.exe: 000037BC: 22:18:23 [TUniServerModule]:Stopping HTTP Server.
StartApp.exe: 000037BC: 22:18:24 [TUniServerModule]:HTTP Server Stopped.
StartApp.exe: 000037BC: 22:18:24 [TUniGUISessionManager]:Terminating Session manager.
StartApp.exe: 000037BC: 22:18:24 [TUniGUISessionManager]:Stopping Cache Eraser...
StartApp.exe: 000037BC: 22:18:24 [TUniGUISessionManager]:Cache Eraser Stopped.
StartApp.exe: 000037BC: 22:18:24 [TUniGUISessionManager]:Destroying Worker Threads.
StartApp.exe: 000037BC: 22:18:24 [TUniGUISessionManager]:Session manager terminated.
StartApp.exe: 000037BC: 22:18:24 [TUniServerModule]:Server Shutdown Completed.
StartApp.exe: 000037BC: 22:18:24 []:<-------------------------------------------------------------->
StartApp.exe: 000037BC: 22:18:24 [Terminated]:Exit Code: 0
StartApp.exe: 000008D4: 22:18:26 []:>--------------------------------------------------------------<
StartApp.exe: 000008D4: 22:18:26 [TUniServerModule]:Server First Init.
StartApp.exe: 000008D4: 22:18:26 [TUniServerModule]:Starting HTTP Server on Port: 8077...
StartApp.exe: 000008D4: 22:18:26 [TUniServerModule]:HTTP Server Started on Port: 8077
StartApp.exe: 0000375C: 22:19:41 [192.168.4.41]:EUniSessionException : Invalid session or session Timeout. (Session not found: iQYtx7Br1V1092FC48E ) : Addr: $007B75B2
StartApp.exe: 00001684: 22:19:49 [192.168.4.34]:EUniSessionException : Invalid session or session Timeout. (Session not found: wo53GLzzPw1092FC48A ) : Addr: $007B75B2
StartApp.exe: 000008D4: 22:20:57 [TUniServerModule]:Shutting Down Server.
StartApp.exe: 000008D4: 22:20:57 [TUniServerModule]:Stopping HTTP Server.
StartApp.exe: 000008D4: 22:20:58 [TUniServerModule]:HTTP Server Stopped.
StartApp.exe: 000008D4: 22:20:58 [TUniGUISessionManager]:Terminating Session manager.
StartApp.exe: 000008D4: 22:20:58 [TUniGUISessionManager]:Stopping Cache Eraser...
StartApp.exe: 000008D4: 22:20:58 [TUniGUISessionManager]:Cache Eraser Stopped.
StartApp.exe: 000008D4: 22:20:58 [TUniGUISessionManager]:Destroying Worker Threads.
StartApp.exe: 000008D4: 22:20:58 [TUniGUISessionManager]:Session manager terminated.
StartApp.exe: 000008D4: 22:20:58 [TUniServerModule]:Server Shutdown Completed.
StartApp.exe: 000008D4: 22:20:58 []:<-------------------------------------------------------------->
StartApp.exe: 000008D4: 22:20:58 [Terminated]:Exit Code: 0
StartApp.exe: 00000830: 22:21:01 []:>--------------------------------------------------------------<
StartApp.exe: 00000830: 22:21:01 [TUniServerModule]:Server First Init.
StartApp.exe: 00000830: 22:21:01 [TUniServerModule]:Starting HTTP Server on Port: 8077...
StartApp.exe: 00000830: 22:21:01 [TUniServerModule]:HTTP Server Started on Port: 8077
StartApp.exe: 000030E8: 22:21:04 [192.168.4.41]:EUniSessionException : Invalid session or session Timeout. (Session not found: SSBSypbfoJ1092FC5AA ) : Addr: $007B75B2
StartApp.exe: 00002EC4: 22:21:09 [192.168.4.34]:EUniSessionException : Invalid session or session Timeout. (Session not found: Mn9HD1PcB51092FC5B3 ) : Addr: $007B75B2
StartApp.exe: 00000830: 22:24:05 [TUniServerModule]:Shutting Down Server.
StartApp.exe: 00000830: 22:24:05 [TUniServerModule]:Stopping HTTP Server.
StartApp.exe: 00000830: 22:24:06 [TUniServerModule]:HTTP Server Stopped.
StartApp.exe: 00000830: 22:24:06 [TUniGUISessionManager]:Terminating Session manager.
StartApp.exe: 00000830: 22:24:06 [TUniGUISessionManager]:Stopping Cache Eraser...
StartApp.exe: 00000830: 22:24:06 [TUniGUISessionManager]:Cache Eraser Stopped.
StartApp.exe: 00000830: 22:24:06 [TUniGUISessionManager]:Destroying Worker Threads.
StartApp.exe: 00000830: 22:24:06 [TUniGUISessionManager]:Session manager terminated.
StartApp.exe: 00000830: 22:24:06 [TUniServerModule]:Server Shutdown Completed.
StartApp.exe: 00000830: 22:24:06 []:<-------------------------------------------------------------->
StartApp.exe: 00000830: 22:24:06 [Terminated]:Exit Code: 0
StartApp.exe: 000023DC: 22:24:10 []:>--------------------------------------------------------------<
StartApp.exe: 000023DC: 22:24:10 [TUniServerModule]:Server First Init.
StartApp.exe: 000023DC: 22:24:10 [TUniServerModule]:Starting HTTP Server on Port: 8077...
StartApp.exe: 000023DC: 22:24:10 [TUniServerModule]:HTTP Server Started on Port: 8077
StartApp.exe: 00001C74: 22:24:14 [192.168.4.34]:EUniSessionException : Invalid session or session Timeout. (Session not found: qxkegscUWj1092FC617 ) : Addr: $007B75B2
StartApp.exe: 000023DC: 22:27:25 [TUniServerModule]:Shutting Down Server.
StartApp.exe: 000023DC: 22:27:25 [TUniServerModule]:Stopping HTTP Server.
StartApp.exe: 000023DC: 22:27:26 [TUniServerModule]:HTTP Server Stopped.
StartApp.exe: 000023DC: 22:27:26 [TUniGUISessionManager]:Terminating Session manager.
StartApp.exe: 000023DC: 22:27:26 [TUniGUISessionManager]:Stopping Cache Eraser...
StartApp.exe: 000023DC: 22:27:26 [TUniGUISessionManager]:Cache Eraser Stopped.
StartApp.exe: 000023DC: 22:27:26 [TUniGUISessionManager]:Destroying Worker Threads.
StartApp.exe: 000023DC: 22:27:26 [TUniGUISessionManager]:Session manager terminated.
StartApp.exe: 000023DC: 22:27:26 [TUniServerModule]:Server Shutdown Completed.
StartApp.exe: 000023DC: 22:27:26 []:<-------------------------------------------------------------->
StartApp.exe: 000023DC: 22:27:26 [Terminated]:Exit Code: 0
StartApp.exe: 000004C4: 22:27:28 []:>--------------------------------------------------------------<
StartApp.exe: 000004C4: 22:27:28 [TUniServerModule]:Server First Init.
StartApp.exe: 000004C4: 22:27:28 [TUniServerModule]:Starting HTTP Server on Port: 8077...
StartApp.exe: 000004C4: 22:27:28 [TUniServerModule]:HTTP Server Started on Port: 8077
StartApp.exe: 0000139C: 22:27:51 [192.168.4.34]:EUniSessionException : Invalid session or session Timeout. (Session not found: LVsKKBRe6m1092FC6E5 ) : Addr: $007B75B2
StartApp.exe: 00002E14: 22:30:13 [192.168.4.41]:EUniSessionException : Invalid session or session Timeout. (Session not found: 1E8neIjits1092FC60A ) : Addr: $007B75B2
StartApp.exe: 000004C4: 22:31:03 [TUniServerModule]:Shutting Down Server.
StartApp.exe: 000004C4: 22:31:03 [TUniServerModule]:Stopping HTTP Server.
StartApp.exe: 000004C4: 22:31:04 [TUniServerModule]:HTTP Server Stopped.
StartApp.exe: 000004C4: 22:31:04 [TUniGUISessionManager]:Terminating Session manager.
StartApp.exe: 000004C4: 22:31:05 [TUniGUISessionManager]:Stopping Cache Eraser...
StartApp.exe: 000004C4: 22:31:05 [TUniGUISessionManager]:Cache Eraser Stopped.
StartApp.exe: 000004C4: 22:31:05 [TUniGUISessionManager]:Destroying Worker Threads.
StartApp.exe: 000004C4: 22:31:05 [TUniGUISessionManager]:Session manager terminated.
StartApp.exe: 000004C4: 22:31:05 [TUniServerModule]:Server Shutdown Completed.
StartApp.exe: 000004C4: 22:31:05 []:<-------------------------------------------------------------->
StartApp.exe: 000004C4: 22:31:05 [Terminated]:Exit Code: 0
StartApp.exe: 0000313C: 22:31:16 []:>--------------------------------------------------------------<
StartApp.exe: 0000313C: 22:31:16 [TUniServerModule]:Server First Init.
StartApp.exe: 0000313C: 22:31:16 [TUniServerModule]:Starting HTTP Server on Port: 8077...
StartApp.exe: 0000313C: 22:31:16 [TUniServerModule]:HTTP Server Started on Port: 8077
StartApp.exe: 0000135C: 22:31:22 [127.0.0.1]:EUniSessionException : Invalid session or session Timeout. (Session not found: fNslJXO3hX1092FC227 ) : Addr: $007B75B2
StartApp.exe: 0000201C: 22:31:39 [192.168.4.34]:EUniSessionException : Invalid session or session Timeout. (Session not found: smhjyFEMMx1092FC7F8 ) : Addr: $007B75B2
StartApp.exe: 0000313C: 22:32:19 [TUniServerModule]:Shutting Down Server.
StartApp.exe: 0000313C: 22:32:19 [TUniServerModule]:Stopping HTTP Server.
StartApp.exe: 0000313C: 22:32:20 [TUniServerModule]:HTTP Server Stopped.
StartApp.exe: 0000313C: 22:32:20 [TUniGUISessionManager]:Terminating Session manager.
StartApp.exe: 0000313C: 22:32:20 [TUniGUISessionManager]:Stopping Cache Eraser...
StartApp.exe: 0000313C: 22:32:20 [TUniGUISessionManager]:Cache Eraser Stopped.
StartApp.exe: 0000313C: 22:32:20 [TUniGUISessionManager]:Destroying Worker Threads.
StartApp.exe: 0000313C: 22:32:20 [TUniGUISessionManager]:Session manager terminated.
StartApp.exe: 0000313C: 22:32:20 [TUniServerModule]:Server Shutdown Completed.
StartApp.exe: 0000313C: 22:32:20 []:<-------------------------------------------------------------->
StartApp.exe: 0000313C: 22:32:20 [Terminated]:Exit Code: 0
StartApp.exe: 00000A48: 22:32:22 []:>--------------------------------------------------------------<
StartApp.exe: 00000A48: 22:32:22 [TUniServerModule]:Server First Init.
StartApp.exe: 00000A48: 22:32:22 [TUniServerModule]:Starting HTTP Server on Port: 8077...
StartApp.exe: 00000A48: 22:32:22 [TUniServerModule]:HTTP Server Started on Port: 8077
StartApp.exe: 00001514: 22:32:26 [192.168.4.34]:EUniSessionException : Invalid session or session Timeout. (Session not found: N9eLSN1TmR1092FC8E9 ) : Addr: $007B7542
StartApp.exe: 00000A48: 22:33:22 [TUniServerModule]:Shutting Down Server.
StartApp.exe: 00000A48: 22:33:22 [TUniServerModule]:Stopping HTTP Server.
StartApp.exe: 00000A48: 22:33:23 [TUniServerModule]:HTTP Server Stopped.
StartApp.exe: 00000A48: 22:33:23 [TUniGUISessionManager]:Terminating Session manager.
StartApp.exe: 00000A48: 22:33:23 [TUniGUISessionManager]:Stopping Cache Eraser...
StartApp.exe: 00000A48: 22:33:23 [TUniGUISessionManager]:Cache Eraser Stopped.
StartApp.exe: 00000A48: 22:33:23 [TUniGUISessionManager]:Destroying Worker Threads.
StartApp.exe: 00000A48: 22:33:23 [TUniGUISessionManager]:Session manager terminated.
StartApp.exe: 00000A48: 22:33:23 [TUniServerModule]:Server Shutdown Completed.
StartApp.exe: 00000A48: 22:33:23 []:<-------------------------------------------------------------->
StartApp.exe: 00000A48: 22:33:23 [Terminated]:Exit Code: 0
StartApp.exe: 00000384: 22:33:29 []:>--------------------------------------------------------------<
StartApp.exe: 00000384: 22:33:29 [TUniServerModule]:Server First Init.
StartApp.exe: 00000384: 22:33:29 [TUniServerModule]:Starting HTTP Server on Port: 8077...
StartApp.exe: 00000384: 22:33:29 [TUniServerModule]:HTTP Server Started on Port: 8077
StartApp.exe: 00000CAC: 22:33:33 [127.0.0.1]:EUniSessionException : Invalid session or session Timeout. (Session not found: 5ksja4asvO1092FC8D6 ) : Addr: $007B75B2
StartApp.exe: 00001110: 22:33:42 [192.168.4.34]:EUniSessionException : Invalid session or session Timeout. (Session not found: LIDNpP5PuP1092FC920 ) : Addr: $007B75B2
StartApp.exe: 00000384: 22:39:08 [TUniServerModule]:Shutting Down Server.
StartApp.exe: 00000384: 22:39:08 [TUniServerModule]:Stopping HTTP Server.
StartApp.exe: 00000384: 22:39:09 [TUniServerModule]:HTTP Server Stopped.
StartApp.exe: 00000384: 22:39:09 [TUniGUISessionManager]:Terminating Session manager.
StartApp.exe: 00000384: 22:39:09 [TUniGUISessionManager]:Stopping Cache Eraser...
StartApp.exe: 00000384: 22:39:09 [TUniGUISessionManager]:Cache Eraser Stopped.
StartApp.exe: 00000384: 22:39:09 [TUniGUISessionManager]:Destroying Worker Threads.
StartApp.exe: 00000384: 22:39:09 [TUniGUISessionManager]:Session manager terminated.
StartApp.exe: 00000384: 22:39:09 [TUniServerModule]:Server Shutdown Completed.
StartApp.exe: 00000384: 22:39:09 []:<-------------------------------------------------------------->
StartApp.exe: 00000384: 22:39:09 [Terminated]:Exit Code: 0
StartApp.exe: 00003370: 22:39:51 []:>--------------------------------------------------------------<
StartApp.exe: 00003370: 22:39:51 [TUniServerModule]:Server First Init.
StartApp.exe: 00003370: 22:39:52 [TUniServerModule]:Starting HTTP Server on Port: 8077...
StartApp.exe: 00003370: 22:39:52 [TUniServerModule]:HTTP Server Started on Port: 8077
StartApp.exe: 00000EA0: 22:39:54 [192.168.4.34]:EUniSessionException : Invalid session or session Timeout. (Session not found: GovX5TONiq1092FCA81 ) : Addr: $007B75B2
StartApp.exe: 00003370: 22:44:55 [TUniServerModule]:Shutting Down Server.
StartApp.exe: 00003370: 22:44:55 [TUniServerModule]:Stopping HTTP Server.
StartApp.exe: 00003370: 22:44:57 [TUniServerModule]:HTTP Server Stopped.
StartApp.exe: 00003370: 22:44:57 [TUniGUISessionManager]:Terminating Session manager.
StartApp.exe: 00003370: 22:44:57 [TUniGUISessionManager]:Stopping Cache Eraser...
StartApp.exe: 00003370: 22:44:57 [TUniGUISessionManager]:Cache Eraser Stopped.
StartApp.exe: 00003370: 22:44:57 [TUniGUISessionManager]:Destroying Worker Threads.
StartApp.exe: 00003370: 22:44:57 [TUniGUISessionManager]:Session manager terminated.
StartApp.exe: 00003370: 22:44:57 [TUniServerModule]:Server Shutdown Completed.
StartApp.exe: 00003370: 22:44:57 []:<-------------------------------------------------------------->
StartApp.exe: 00003370: 22:44:57 [Terminated]:Exit Code: 0
StartApp.exe: 00002490: 22:44:59 []:>--------------------------------------------------------------<
StartApp.exe: 00002490: 22:44:59 [TUniServerModule]:Server First Init.
StartApp.exe: 00002490: 22:44:59 [TUniServerModule]:Starting HTTP Server on Port: 8077...
StartApp.exe: 00002490: 22:44:59 [TUniServerModule]:HTTP Server Started on Port: 8077
StartApp.exe: 000004D4: 22:45:05 [192.168.4.34]:EUniSessionException : Invalid session or session Timeout. (Session not found: cmJO8TLd2M1092FCB26 ) : Addr: $007B75B2
StartApp.exe: 00002490: 22:46:15 [TUniServerModule]:Shutting Down Server.
StartApp.exe: 00002490: 22:46:15 [TUniServerModule]:Stopping HTTP Server.
StartApp.exe: 00002490: 22:46:16 [TUniServerModule]:HTTP Server Stopped.
StartApp.exe: 00002490: 22:46:16 [TUniGUISessionManager]:Terminating Session manager.
StartApp.exe: 00002490: 22:46:16 [TUniGUISessionManager]:Stopping Cache Eraser...
StartApp.exe: 00002490: 22:46:16 [TUniGUISessionManager]:Cache Eraser Stopped.
StartApp.exe: 00002490: 22:46:16 [TUniGUISessionManager]:Destroying Worker Threads.
StartApp.exe: 00002490: 22:46:16 [TUniGUISessionManager]:Session manager terminated.
StartApp.exe: 00002490: 22:46:16 [TUniServerModule]:Server Shutdown Completed.
StartApp.exe: 00002490: 22:46:16 []:<-------------------------------------------------------------->
StartApp.exe: 00002490: 22:46:16 [Terminated]:Exit Code: 0
StartApp.exe: 0000225C: 22:46:19 []:>--------------------------------------------------------------<
StartApp.exe: 0000225C: 22:46:19 [TUniServerModule]:Server First Init.
StartApp.exe: 0000225C: 22:46:19 [TUniServerModule]:Starting HTTP Server on Port: 8077...
StartApp.exe: 0000225C: 22:46:19 [TUniServerModule]:HTTP Server Started on Port: 8077
StartApp.exe: 00001674: 22:46:21 [192.168.4.34]:EUniSessionException : Invalid session or session Timeout. (Session not found: JYk3z36duI1092FCC94 ) : Addr: $007B75B2
StartApp.exe: 0000225C: 22:46:59 [TUniServerModule]:Shutting Down Server.
StartApp.exe: 0000225C: 22:46:59 [TUniServerModule]:Stopping HTTP Server.
StartApp.exe: 0000225C: 22:47:00 [TUniServerModule]:HTTP Server Stopped.
StartApp.exe: 0000225C: 22:47:00 [TUniGUISessionManager]:Terminating Session manager.
StartApp.exe: 0000225C: 22:47:00 [TUniGUISessionManager]:Stopping Cache Eraser...
StartApp.exe: 0000225C: 22:47:00 [TUniGUISessionManager]:Cache Eraser Stopped.
StartApp.exe: 0000225C: 22:47:00 [TUniGUISessionManager]:Destroying Worker Threads.
StartApp.exe: 0000225C: 22:47:00 [TUniGUISessionManager]:Session manager terminated.
StartApp.exe: 0000225C: 22:47:00 [TUniServerModule]:Server Shutdown Completed.
StartApp.exe: 0000225C: 22:47:00 []:<-------------------------------------------------------------->
StartApp.exe: 0000225C: 22:47:00 [Terminated]:Exit Code: 0
StartApp.exe: 000019A4: 22:47:03 []:>--------------------------------------------------------------<
StartApp.exe: 000019A4: 22:47:03 [TUniServerModule]:Server First Init.
StartApp.exe: 000019A4: 22:47:03 [TUniServerModule]:Starting HTTP Server on Port: 8077...
StartApp.exe: 000019A4: 22:47:03 [TUniServerModule]:HTTP Server Started on Port: 8077
StartApp.exe: 0000253C: 22:47:09 [192.168.4.34]:EUniSessionException : Invalid session or session Timeout. (Session not found: UiWGLz3uVt1092FCCEA ) : Addr: $007B75B2
StartApp.exe: 000019A4: 22:53:04 [TUniServerModule]:Shutting Down Server.
StartApp.exe: 000019A4: 22:53:04 [TUniServerModule]:Stopping HTTP Server.
StartApp.exe: 000019A4: 22:53:05 [TUniServerModule]:HTTP Server Stopped.
StartApp.exe: 000019A4: 22:53:05 [TUniGUISessionManager]:Terminating Session manager.
StartApp.exe: 000019A4: 22:53:05 [TUniGUISessionManager]:Stopping Cache Eraser...
StartApp.exe: 000019A4: 22:53:05 [TUniGUISessionManager]:Cache Eraser Stopped.
StartApp.exe: 000019A4: 22:53:05 [TUniGUISessionManager]:Destroying Worker Threads.
StartApp.exe: 000019A4: 22:53:05 [TUniGUISessionManager]:Session manager terminated.
StartApp.exe: 000019A4: 22:53:05 [TUniServerModule]:Server Shutdown Completed.
StartApp.exe: 000019A4: 22:53:05 []:<-------------------------------------------------------------->
StartApp.exe: 000019A4: 22:53:05 [Terminated]:Exit Code: 0
StartApp.exe: 000014B4: 22:53:07 []:>--------------------------------------------------------------<
StartApp.exe: 000014B4: 22:53:07 [TUniServerModule]:Server First Init.
StartApp.exe: 000014B4: 22:53:07 [TUniServerModule]:Starting HTTP Server on Port: 8077...
StartApp.exe: 000014B4: 22:53:07 [TUniServerModule]:HTTP Server Started on Port: 8077
StartApp.exe: 00002C48: 22:53:11 [192.168.4.34]:EUniSessionException : Invalid session or session Timeout. (Session not found: 8Qn1AJHwWg1092FCD2A ) : Addr: $007B75B2
StartApp.exe: 000014B4: 22:53:44 [TUniServerModule]:Shutting Down Server.
StartApp.exe: 000014B4: 22:53:44 [TUniServerModule]:Stopping HTTP Server.
StartApp.exe: 000014B4: 22:53:45 [TUniServerModule]:HTTP Server Stopped.
StartApp.exe: 000014B4: 22:53:45 [TUniGUISessionManager]:Terminating Session manager.
StartApp.exe: 000014B4: 22:53:45 [TUniGUISessionManager]:Stopping Cache Eraser...
StartApp.exe: 000014B4: 22:53:45 [TUniGUISessionManager]:Cache Eraser Stopped.
StartApp.exe: 000014B4: 22:53:45 [TUniGUISessionManager]:Destroying Worker Threads.
StartApp.exe: 000014B4: 22:53:45 [TUniGUISessionManager]:Session manager terminated.
StartApp.exe: 000014B4: 22:53:45 [TUniServerModule]:Server Shutdown Completed.
StartApp.exe: 000014B4: 22:53:45 []:<-------------------------------------------------------------->
StartApp.exe: 000014B4: 22:53:45 [Terminated]:Exit Code: 0
StartApp.exe: 00002828: 22:53:49 []:>--------------------------------------------------------------<
StartApp.exe: 00002828: 22:53:49 [TUniServerModule]:Server First Init.
StartApp.exe: 00002828: 22:53:49 [TUniServerModule]:Starting HTTP Server on Port: 8077...
StartApp.exe: 00002828: 22:53:49 [TUniServerModule]:HTTP Server Started on Port: 8077
StartApp.exe: 00001E20: 22:53:55 [192.168.4.34]:EUniSessionException : Invalid session or session Timeout. (Session not found: FaG8ePSle31092FCEC0 ) : Addr: $007B75B2
StartApp.exe: 00002828: 22:54:29 [TUniServerModule]:Shutting Down Server.
StartApp.exe: 00002828: 22:54:29 [TUniServerModule]:Stopping HTTP Server.
StartApp.exe: 00002828: 22:54:30 [TUniServerModule]:HTTP Server Stopped.
StartApp.exe: 00002828: 22:54:30 [TUniGUISessionManager]:Terminating Session manager.
StartApp.exe: 00002828: 22:54:30 [TUniGUISessionManager]:Stopping Cache Eraser...
StartApp.exe: 00002828: 22:54:30 [TUniGUISessionManager]:Cache Eraser Stopped.
StartApp.exe: 00002828: 22:54:30 [TUniGUISessionManager]:Destroying Worker Threads.
StartApp.exe: 00002828: 22:54:30 [TUniGUISessionManager]:Session manager terminated.
StartApp.exe: 00002828: 22:54:30 [TUniServerModule]:Server Shutdown Completed.
StartApp.exe: 00002828: 22:54:30 []:<-------------------------------------------------------------->
StartApp.exe: 00002828: 22:54:30 [Terminated]:Exit Code: 0
StartApp.exe: 00002CA0: 22:54:32 []:>--------------------------------------------------------------<
StartApp.exe: 00002CA0: 22:54:32 [TUniServerModule]:Server First Init.
StartApp.exe: 00002CA0: 22:54:32 [TUniServerModule]:Starting HTTP Server on Port: 8077...
StartApp.exe: 00002CA0: 22:54:32 [TUniServerModule]:HTTP Server Started on Port: 8077
StartApp.exe: 000037FC: 22:54:33 [192.168.4.34]:EUniSessionException : Invalid session or session Timeout. (Session not found: purLrpth2p1092FCEF3 ) : Addr: $007B75B2
StartApp.exe: 00002CA0: 22:56:30 [TUniServerModule]:Shutting Down Server.
StartApp.exe: 00002CA0: 22:56:30 [TUniServerModule]:Stopping HTTP Server.
StartApp.exe: 00002CA0: 22:56:31 [TUniServerModule]:HTTP Server Stopped.
StartApp.exe: 00002CA0: 22:56:31 [TUniGUISessionManager]:Terminating Session manager.
StartApp.exe: 00002CA0: 22:56:31 [TUniGUISessionManager]:Stopping Cache Eraser...
StartApp.exe: 00002CA0: 22:56:31 [TUniGUISessionManager]:Cache Eraser Stopped.
StartApp.exe: 00002CA0: 22:56:31 [TUniGUISessionManager]:Destroying Worker Threads.
StartApp.exe: 00002CA0: 22:56:31 [TUniGUISessionManager]:Session manager terminated.
StartApp.exe: 00002CA0: 22:56:31 [TUniServerModule]:Server Shutdown Completed.
StartApp.exe: 00002CA0: 22:56:31 []:<-------------------------------------------------------------->
StartApp.exe: 00002CA0: 22:56:31 [Terminated]:Exit Code: 0
StartApp.exe: 00000984: 22:56:37 []:>--------------------------------------------------------------<
StartApp.exe: 00000984: 22:56:37 [TUniServerModule]:Server First Init.
StartApp.exe: 00000984: 22:56:37 [TUniServerModule]:Starting HTTP Server on Port: 8077...
StartApp.exe: 00000984: 22:56:37 [TUniServerModule]:HTTP Server Started on Port: 8077
StartApp.exe: 000027EC: 22:56:40 [192.168.4.34]:EUniSessionException : Invalid session or session Timeout. (Session not found: vOncq3npUW1092FCF1F ) : Addr: $007B75B2
StartApp.exe: 00000984: 22:57:09 [TUniServerModule]:Shutting Down Server.
StartApp.exe: 00000984: 22:57:09 [TUniServerModule]:Stopping HTTP Server.
StartApp.exe: 00000984: 22:57:10 [TUniServerModule]:HTTP Server Stopped.
StartApp.exe: 00000984: 22:57:10 [TUniGUISessionManager]:Terminating Session manager.
StartApp.exe: 00000984: 22:57:10 [TUniGUISessionManager]:Stopping Cache Eraser...
StartApp.exe: 00000984: 22:57:10 [TUniGUISessionManager]:Cache Eraser Stopped.
StartApp.exe: 00000984: 22:57:10 [TUniGUISessionManager]:Destroying Worker Threads.
StartApp.exe: 00000984: 22:57:10 [TUniGUISessionManager]:Session manager terminated.
StartApp.exe: 00000984: 22:57:10 [TUniServerModule]:Server Shutdown Completed.
StartApp.exe: 00000984: 22:57:10 []:<-------------------------------------------------------------->
StartApp.exe: 00000984: 22:57:10 [Terminated]:Exit Code: 0
StartApp.exe: 00002CF8: 22:57:19 []:>--------------------------------------------------------------<
StartApp.exe: 00002CF8: 22:57:19 [TUniServerModule]:Server First Init.
StartApp.exe: 00002CF8: 22:57:19 [TUniServerModule]:Starting HTTP Server on Port: 8077...
StartApp.exe: 00002CF8: 22:57:19 [TUniServerModule]:HTTP Server Started on Port: 8077
StartApp.exe: 00000520: 22:57:20 [192.168.4.34]:EUniSessionException : Invalid session or session Timeout. (Session not found: GH8kg24GZ61092FCFB3 ) : Addr: $007B75B2
