StartApp.exe: 000034E0: 08:38:46 []:>--------------------------------------------------------------<
StartApp.exe: 000034E0: 08:38:46 [TUniServerModule]:Server First Init.
StartApp.exe: 000034E0: 08:38:46 [TUniServerModule]:Starting HTTP Server on Port: 8077...
StartApp.exe: 000034E0: 08:38:46 [TUniServerModule]:HTTP Server Started on Port: 8077
StartApp.exe: 000039DC: 08:38:46 [[FireDAC][Phys][MySQL] Access denied for user 'ODBC'@'localhost' (using password: NO)-127.0.0.1]:EMySQLNativeException : [FireDAC][Phys][MySQL] Access denied for user 'ODBC'@'localhost' (using password: NO) : Addr: $00875310
StartApp.exe: 000039DC: 08:38:46 [HandleFileRequest[127.0.0.1]]:File not found: C:\Users\l\PDEV\DELPHI\AppStart\Win32\Debug\cache\startapp_exe\6AwSDqi8MZ10945C94B\favicon.ico
StartApp.exe: 00004958: 08:38:54 [[FireDAC][Phys][MySQL] Access denied for user 'ODBC'@'localhost' (using password: NO)-127.0.0.1]:EMySQLNativeException : [FireDAC][Phys][MySQL] Access denied for user 'ODBC'@'localhost' (using password: NO) : Addr: $00875310
StartApp.exe: 000034E0: 08:39:30 [TUniServerModule]:Shutting Down Server.
StartApp.exe: 000034E0: 08:39:30 [TUniServerModule]:Stopping HTTP Server.
StartApp.exe: 000034E0: 08:39:31 [TUniServerModule]:HTTP Server Stopped.
StartApp.exe: 000034E0: 08:39:31 [TUniGUISessionManager]:Terminating Session manager.
StartApp.exe: 000034E0: 08:39:31 [TUniGUISessionManager]:Stopping Cache Eraser...
StartApp.exe: 000034E0: 08:39:31 [TUniGUISessionManager]:Cache Eraser Stopped.
StartApp.exe: 000034E0: 08:39:31 [TUniGUISessionManager]:Destroying Worker Threads.
StartApp.exe: 000034E0: 08:39:31 [TUniGUISessionManager]:Session manager terminated.
StartApp.exe: 000034E0: 08:39:31 [TUniServerModule]:Server Shutdown Completed.
StartApp.exe: 000034E0: 08:39:31 []:<-------------------------------------------------------------->
StartApp.exe: 000034E0: 08:39:31 [Terminated]:Exit Code: 0
StartApp.exe: 00001980: 08:39:38 []:>--------------------------------------------------------------<
StartApp.exe: 00001980: 08:39:38 [TUniServerModule]:Server First Init.
StartApp.exe: 00001980: 08:39:38 [TUniServerModule]:Starting HTTP Server on Port: 8077...
StartApp.exe: 00001980: 08:39:38 [TUniServerModule]:HTTP Server Started on Port: 8077
StartApp.exe: 00002440: 08:39:38 [[FireDAC][Phys][MySQL] Access denied for user 'ODBC'@'localhost' (using password: NO)-127.0.0.1]:EMySQLNativeException : [FireDAC][Phys][MySQL] Access denied for user 'ODBC'@'localhost' (using password: NO) : Addr: $00875310
StartApp.exe: 00002440: 08:39:38 [127.0.0.1]:EUniSessionException : Invalid session or session Timeout. (Session not found: RVLVItut6J10945CA63 ) : Addr: $007D0956
StartApp.exe: 00002440: 08:39:43 [[FireDAC][Phys][MySQL] Access denied for user 'ODBC'@'localhost' (using password: NO)-127.0.0.1]:EMySQLNativeException : [FireDAC][Phys][MySQL] Access denied for user 'ODBC'@'localhost' (using password: NO) : Addr: $00875310
StartApp.exe: 00002440: 08:43:14 [[FireDAC][Phys][MySQL] Access denied for user 'ODBC'@'localhost' (using password: NO)-127.0.0.1]:EMySQLNativeException : [FireDAC][Phys][MySQL] Access denied for user 'ODBC'@'localhost' (using password: NO) : Addr: $00875310
StartApp.exe: 00001980: 08:43:20 [TUniServerModule]:Shutting Down Server.
StartApp.exe: 00001980: 08:43:20 [TUniServerModule]:Stopping HTTP Server.
StartApp.exe: 00001980: 08:43:21 [TUniServerModule]:HTTP Server Stopped.
StartApp.exe: 00001980: 08:43:21 [TUniGUISessionManager]:Terminating Session manager.
StartApp.exe: 00001980: 08:43:21 [TUniGUISessionManager]:Stopping Cache Eraser...
StartApp.exe: 00001980: 08:43:21 [TUniGUISessionManager]:Cache Eraser Stopped.
StartApp.exe: 00001980: 08:43:21 [TUniGUISessionManager]:Destroying Worker Threads.
StartApp.exe: 00001980: 08:43:21 [TUniGUISessionManager]:Session manager terminated.
StartApp.exe: 00001980: 08:43:21 [TUniServerModule]:Server Shutdown Completed.
StartApp.exe: 00001980: 08:43:21 []:<-------------------------------------------------------------->
StartApp.exe: 00001980: 08:43:21 [Terminated]:Exit Code: 0
StartApp.exe: 000043A8: 08:43:33 []:>--------------------------------------------------------------<
StartApp.exe: 000043A8: 08:43:33 [TUniServerModule]:Server First Init.
StartApp.exe: 000043A8: 08:43:33 [TUniServerModule]:Starting HTTP Server on Port: 8077...
StartApp.exe: 000043A8: 08:43:33 [TUniServerModule]:HTTP Server Started on Port: 8077
StartApp.exe: 00003478: 08:43:34 [[FireDAC][Phys][MySQL] Access denied for user 'ODBC'@'localhost' (using password: NO)-127.0.0.1]:EMySQLNativeException : [FireDAC][Phys][MySQL] Access denied for user 'ODBC'@'localhost' (using password: NO) : Addr: $00875310
StartApp.exe: 00003478: 08:44:12 [[FireDAC][Phys][MySQL] Access denied for user 'ODBC'@'localhost' (using password: NO)-127.0.0.1]:EMySQLNativeException : [FireDAC][Phys][MySQL] Access denied for user 'ODBC'@'localhost' (using password: NO) : Addr: $00875310
StartApp.exe: 000043A8: 18:42:48 [TUniServerModule]:Shutting Down Server.
StartApp.exe: 000043A8: 18:42:48 [TUniServerModule]:Stopping HTTP Server.
StartApp.exe: 000043A8: 18:42:48 [TUniServerModule]:HTTP Server Stopped.
StartApp.exe: 000043A8: 18:42:48 [TUniGUISessionManager]:Terminating Session manager.
StartApp.exe: 000043A8: 18:42:48 [TUniGUISessionManager]:Stopping Cache Eraser...
StartApp.exe: 000043A8: 18:42:48 [TUniGUISessionManager]:Cache Eraser Stopped.
StartApp.exe: 000043A8: 18:42:48 [TUniGUISessionManager]:Destroying Worker Threads.
StartApp.exe: 000043A8: 18:42:48 [TUniGUISessionManager]:Session manager terminated.
StartApp.exe: 000043A8: 18:42:48 [TUniServerModule]:Server Shutdown Completed.
StartApp.exe: 000043A8: 18:42:48 []:<-------------------------------------------------------------->
StartApp.exe: 000043A8: 18:42:49 [Terminated]:Exit Code: 0
StartApp.exe: 000015B8: 18:43:07 []:>--------------------------------------------------------------<
StartApp.exe: 000015B8: 18:43:07 [TUniServerModule]:Server First Init.
StartApp.exe: 000015B8: 18:43:07 [TUniServerModule]:Starting HTTP Server on Port: 8077...
StartApp.exe: 000015B8: 18:43:07 [TUniServerModule]:HTTP Server Started on Port: 8077
StartApp.exe: 00000658: 18:43:09 [[FireDAC][Phys][MySQL] Access denied for user 'ODBC'@'localhost' (using password: NO)-127.0.0.1]:EMySQLNativeException : [FireDAC][Phys][MySQL] Access denied for user 'ODBC'@'localhost' (using password: NO) : Addr: $00875310
StartApp.exe: 00000658: 18:43:14 [[FireDAC][Phys][MySQL] Access denied for user 'ODBC'@'localhost' (using password: NO)-127.0.0.1]:EMySQLNativeException : [FireDAC][Phys][MySQL] Access denied for user 'ODBC'@'localhost' (using password: NO) : Addr: $00875310
StartApp.exe: 000015B8: 18:43:27 [TUniServerModule]:Shutting Down Server.
StartApp.exe: 000015B8: 18:43:27 [TUniServerModule]:Stopping HTTP Server.
StartApp.exe: 000015B8: 18:43:28 [TUniServerModule]:HTTP Server Stopped.
StartApp.exe: 000015B8: 18:43:28 [TUniGUISessionManager]:Terminating Session manager.
StartApp.exe: 000015B8: 18:43:28 [TUniGUISessionManager]:Stopping Cache Eraser...
StartApp.exe: 000015B8: 18:43:28 [TUniGUISessionManager]:Cache Eraser Stopped.
StartApp.exe: 000015B8: 18:43:28 [TUniGUISessionManager]:Destroying Worker Threads.
StartApp.exe: 000015B8: 18:43:28 [TUniGUISessionManager]:Session manager terminated.
StartApp.exe: 000015B8: 18:43:28 [TUniServerModule]:Server Shutdown Completed.
StartApp.exe: 000015B8: 18:43:28 []:<-------------------------------------------------------------->
StartApp.exe: 000015B8: 18:43:28 [Terminated]:Exit Code: 0
StartApp.exe: 000039DC: 18:43:35 []:>--------------------------------------------------------------<
StartApp.exe: 000039DC: 18:43:35 [TUniServerModule]:Server First Init.
StartApp.exe: 000039DC: 18:43:35 [TUniServerModule]:Starting HTTP Server on Port: 8077...
StartApp.exe: 000039DC: 18:43:35 [TUniServerModule]:HTTP Server Started on Port: 8077
StartApp.exe: 00002DB8: 18:43:35 [HandleFileRequest[127.0.0.1]]:File not found: C:\Users\l\PDEV\DELPHI\AppStart\Win32\Debug\cache\startapp_exe\kIH9RQcHG4109466E53\favicon.ico
StartApp.exe: 00001940: 18:43:39 [127.0.0.1]:EMySQLNativeException : [FireDAC][Phys][MySQL] Access denied for user 'ODBC'@'localhost' (using password: NO) : Addr: $00875310
StartApp.exe: 00001940: 18:43:39 [127.0.0.1]:EUniSessionException : Invalid session or session Timeout. (Session not found: kIH9RQcHG4109466E53 ) : Addr: $007D0956
StartApp.exe: 00001940: 18:43:39 [HandleFileRequest[127.0.0.1]]:File not found: C:\Users\l\PDEV\DELPHI\AppStart\Win32\Debug\favicon.ico
StartApp.exe: 00004524: 18:43:40 [127.0.0.1]:EMySQLNativeException : [FireDAC][Phys][MySQL] Access denied for user 'ODBC'@'localhost' (using password: NO) : Addr: $00875310
StartApp.exe: 00004524: 18:43:41 [127.0.0.1]:EMySQLNativeException : [FireDAC][Phys][MySQL] Access denied for user 'ODBC'@'localhost' (using password: NO) : Addr: $00875310
StartApp.exe: 00004524: 18:43:41 [127.0.0.1]:EMySQLNativeException : [FireDAC][Phys][MySQL] Access denied for user 'ODBC'@'localhost' (using password: NO) : Addr: $00875310
StartApp.exe: 000039DC: 18:44:04 [TUniServerModule]:Shutting Down Server.
StartApp.exe: 000039DC: 18:44:04 [TUniServerModule]:Stopping HTTP Server.
StartApp.exe: 000039DC: 18:44:05 [TUniServerModule]:HTTP Server Stopped.
StartApp.exe: 000039DC: 18:44:05 [TUniGUISessionManager]:Terminating Session manager.
StartApp.exe: 000039DC: 18:44:05 [TUniGUISessionManager]:Stopping Cache Eraser...
StartApp.exe: 000039DC: 18:44:05 [TUniGUISessionManager]:Cache Eraser Stopped.
StartApp.exe: 000039DC: 18:44:05 [TUniGUISessionManager]:Destroying Worker Threads.
StartApp.exe: 000039DC: 18:44:05 [TUniGUISessionManager]:Session manager terminated.
StartApp.exe: 000039DC: 18:44:05 [TUniServerModule]:Server Shutdown Completed.
StartApp.exe: 000039DC: 18:44:05 []:<-------------------------------------------------------------->
StartApp.exe: 000039DC: 18:44:05 [Terminated]:Exit Code: 0
StartApp.exe: 000027B4: 18:44:10 []:>--------------------------------------------------------------<
StartApp.exe: 000027B4: 18:44:10 [TUniServerModule]:Server First Init.
StartApp.exe: 000027B4: 18:44:10 [TUniServerModule]:Starting HTTP Server on Port: 8077...
StartApp.exe: 000027B4: 18:44:10 [TUniServerModule]:HTTP Server Started on Port: 8077
StartApp.exe: 000024C8: 18:44:24 [[FireDAC][Phys][MySQL] Access denied for user 'ODBC'@'localhost' (using password: NO)-127.0.0.1]:EMySQLNativeException : [FireDAC][Phys][MySQL] Access denied for user 'ODBC'@'localhost' (using password: NO) : Addr: $00875310
StartApp.exe: 000027B4: 18:51:25 [TUniServerModule]:Shutting Down Server.
StartApp.exe: 000027B4: 18:51:25 [TUniServerModule]:Stopping HTTP Server.
StartApp.exe: 000027B4: 18:51:25 [TUniServerModule]:HTTP Server Stopped.
StartApp.exe: 000027B4: 18:51:25 [TUniGUISessionManager]:Terminating Session manager.
StartApp.exe: 000027B4: 18:51:25 [TUniGUISessionManager]:Stopping Cache Eraser...
StartApp.exe: 000027B4: 18:51:25 [TUniGUISessionManager]:Cache Eraser Stopped.
StartApp.exe: 000027B4: 18:51:25 [TUniGUISessionManager]:Destroying Worker Threads.
StartApp.exe: 000027B4: 18:51:25 [TUniGUISessionManager]:Session manager terminated.
StartApp.exe: 000027B4: 18:51:25 [TUniServerModule]:Server Shutdown Completed.
StartApp.exe: 000027B4: 18:51:25 []:<-------------------------------------------------------------->
StartApp.exe: 000027B4: 18:51:25 [Terminated]:Exit Code: 0
StartApp.exe: 00002114: 18:54:41 []:>--------------------------------------------------------------<
StartApp.exe: 00002114: 18:54:41 [TUniServerModule]:Server First Init.
StartApp.exe: 00002114: 18:54:41 [TUniServerModule]:Starting HTTP Server on Port: 8077...
StartApp.exe: 00002114: 18:54:41 [TUniServerModule]:HTTP Server Started on Port: 8077
StartApp.exe: 00002E6C: 18:54:47 [[FireDAC][Phys][MySQL] Access denied for user 'ODBC'@'localhost' (using password: NO)-127.0.0.1]:EMySQLNativeException : [FireDAC][Phys][MySQL] Access denied for user 'ODBC'@'localhost' (using password: NO) : Addr: $00875310
StartApp.exe: 00002114: 18:56:08 [TUniServerModule]:Shutting Down Server.
StartApp.exe: 00002114: 18:56:08 [TUniServerModule]:Stopping HTTP Server.
StartApp.exe: 00002114: 18:56:09 [TUniServerModule]:HTTP Server Stopped.
StartApp.exe: 00002114: 18:56:09 [TUniGUISessionManager]:Terminating Session manager.
StartApp.exe: 00002114: 18:56:09 [TUniGUISessionManager]:Stopping Cache Eraser...
StartApp.exe: 00002114: 18:56:09 [TUniGUISessionManager]:Cache Eraser Stopped.
StartApp.exe: 00002114: 18:56:09 [TUniGUISessionManager]:Destroying Worker Threads.
StartApp.exe: 00002114: 18:56:09 [TUniGUISessionManager]:Session manager terminated.
StartApp.exe: 00002114: 18:56:09 [TUniServerModule]:Server Shutdown Completed.
StartApp.exe: 00002114: 18:56:09 []:<-------------------------------------------------------------->
StartApp.exe: 00002114: 18:56:09 [Terminated]:Exit Code: 0
