StartApp.exe: 0000466C: 11:46:15 []:>--------------------------------------------------------------<
StartApp.exe: 0000466C: 11:46:15 [TUniServerModule]:Server First Init.
StartApp.exe: 0000466C: 11:46:15 [TUniServerModule]:Global Cache Folder Erased. <1> Files deleted.
StartApp.exe: 0000466C: 11:46:15 [TUniServerModule]:Starting HTTP Server on Port: 8077...
StartApp.exe: 0000466C: 11:46:15 [InitWebServer]:EIdCouldNotBindSocket : Could not bind socket. : Addr: $006C94ED
StartApp.exe: 0000466C: 19:51:30 [TUniServerModule]:Shutting Down Server.
StartApp.exe: 0000466C: 19:51:30 [TUniServerModule]:Stopping HTTP Server.
StartApp.exe: 0000466C: 19:51:31 [TUniServerModule]:HTTP Server Stopped.
StartApp.exe: 0000466C: 19:51:31 [TUniGUISessionManager]:Terminating Session manager.
StartApp.exe: 0000466C: 19:51:31 [TUniGUISessionManager]:Stopping Cache Eraser...
StartApp.exe: 0000466C: 19:51:31 [TUniGUISessionManager]:Cache Eraser Stopped.
StartApp.exe: 0000466C: 19:51:31 [TUniGUISessionManager]:Destroying Worker Threads.
StartApp.exe: 0000466C: 19:51:31 [TUniGUISessionManager]:Session manager terminated.
StartApp.exe: 0000466C: 19:51:31 [TUniServerModule]:Server Shutdown Completed.
StartApp.exe: 0000466C: 19:51:31 []:<-------------------------------------------------------------->
StartApp.exe: 0000466C: 19:51:31 [Terminated]:Exit Code: 0
StartApp.exe: 00003140: 19:51:33 [TUniServerModule]:Shutting Down Server.
StartApp.exe: 00003140: 19:51:33 [TUniServerModule]:Stopping HTTP Server.
StartApp.exe: 00003140: 19:51:34 [TUniServerModule]:HTTP Server Stopped.
StartApp.exe: 00003140: 19:51:34 [TUniGUISessionManager]:Terminating Session manager.
StartApp.exe: 00003140: 19:51:34 [TUniGUISessionManager]:Stopping Cache Eraser...
StartApp.exe: 00003140: 19:51:34 [TUniGUISessionManager]:Cache Eraser Stopped.
StartApp.exe: 00003140: 19:51:34 [TUniGUISessionManager]:Destroying Worker Threads.
StartApp.exe: 00003140: 19:51:34 [TUniGUISessionManager]:Session manager terminated.
StartApp.exe: 00003140: 19:51:34 [TUniServerModule]:Server Shutdown Completed.
StartApp.exe: 00003140: 19:51:34 []:<-------------------------------------------------------------->
StartApp.exe: 00003140: 19:51:34 [Terminated]:Exit Code: 0
StartApp.exe: 00000100: 19:51:46 []:>--------------------------------------------------------------<
StartApp.exe: 00000100: 19:51:46 [TUniServerModule]:Server First Init.
StartApp.exe: 00000100: 19:51:46 [TUniServerModule]:Starting HTTP Server on Port: 8077...
StartApp.exe: 00000100: 19:51:46 [TUniServerModule]:HTTP Server Started on Port: 8077
StartApp.exe: 000001B4: 19:53:01 [HandleFileRequest[127.0.0.1]]:File not found: C:\Users\l\PDEV\DELPHI\AppStart\Win32\Release\src\img\cardapio\burger.jpeg
StartApp.exe: 00000100: 19:54:23 [TUniServerModule]:Shutting Down Server.
StartApp.exe: 00000100: 19:54:23 [TUniServerModule]:Stopping HTTP Server.
StartApp.exe: 00000100: 19:54:24 [TUniServerModule]:HTTP Server Stopped.
StartApp.exe: 00000100: 19:54:24 [TUniGUISessionManager]:Terminating Session manager.
StartApp.exe: 00000100: 19:54:24 [TUniGUISessionManager]:Stopping Cache Eraser...
StartApp.exe: 00000100: 19:54:24 [TUniGUISessionManager]:Cache Eraser Stopped.
StartApp.exe: 00000100: 19:54:24 [TUniGUISessionManager]:Destroying Worker Threads.
StartApp.exe: 00000100: 19:54:24 [TUniGUISessionManager]:Session manager terminated.
StartApp.exe: 00000100: 19:54:24 [TUniServerModule]:Server Shutdown Completed.
StartApp.exe: 00000100: 19:54:24 []:<-------------------------------------------------------------->
StartApp.exe: 00000100: 19:54:24 [Terminated]:Exit Code: 0
StartApp.exe: 000043F0: 19:54:31 []:>--------------------------------------------------------------<
StartApp.exe: 000043F0: 19:54:31 [TUniServerModule]:Server First Init.
StartApp.exe: 000043F0: 19:54:31 [TUniServerModule]:Starting HTTP Server on Port: 8077...
StartApp.exe: 000043F0: 19:54:31 [TUniServerModule]:HTTP Server Started on Port: 8077
StartApp.exe: 00004720: 19:54:31 [127.0.0.1]:EUniSessionException : Invalid session or session Timeout. (Session not found: wwYK4H6ulS1094B151C ) : Addr: $007CE792
StartApp.exe: 000022DC: 19:54:32 [127.0.0.1]:EUniSessionException : Invalid session or session Timeout. (Session not found: wwYK4H6ulS1094B151C ) : Addr: $007CE792
StartApp.exe: 000031FC: 19:54:36 [HandleFileRequest[127.0.0.1]]:File not found: C:\Users\l\PDEV\DELPHI\AppStart\Win32\Release\src\img\cardapio\burger.jpeg
StartApp.exe: 00003974: 20:00:47 [HandleFileRequest[127.0.0.1]]:File not found: C:\Users\l\PDEV\DELPHI\AppStart\Win32\Release\src\img\cardapio\burger.jpeg
StartApp.exe: 0000392C: 20:06:26 [HandleFileRequest[127.0.0.1]]:File not found: C:\Users\l\PDEV\DELPHI\AppStart\Win32\Release\src\img\cardapio\burger.jpeg
StartApp.exe: 000043F0: 20:19:36 [TUniServerModule]:Shutting Down Server.
StartApp.exe: 000043F0: 20:19:36 [TUniServerModule]:Stopping HTTP Server.
StartApp.exe: 000043F0: 20:19:36 [TUniServerModule]:HTTP Server Stopped.
StartApp.exe: 000043F0: 20:19:36 [TUniGUISessionManager]:Terminating Session manager.
StartApp.exe: 000043F0: 20:19:36 [TUniGUISessionManager]:Stopping Cache Eraser...
StartApp.exe: 000043F0: 20:19:36 [TUniGUISessionManager]:Cache Eraser Stopped.
StartApp.exe: 000043F0: 20:19:36 [TUniGUISessionManager]:Destroying Worker Threads.
StartApp.exe: 000043F0: 20:19:36 [TUniGUISessionManager]:Session manager terminated.
StartApp.exe: 000043F0: 20:19:36 [TUniServerModule]:Server Shutdown Completed.
StartApp.exe: 000043F0: 20:19:36 []:<-------------------------------------------------------------->
StartApp.exe: 000043F0: 20:19:36 [Terminated]:Exit Code: 0
StartApp.exe: 00001668: 21:12:20 []:>--------------------------------------------------------------<
StartApp.exe: 00001668: 21:12:20 [TUniServerModule]:Server First Init.
StartApp.exe: 00001668: 21:12:20 [TUniServerModule]:Starting HTTP Server on Port: 8077...
StartApp.exe: 00001668: 21:12:20 [TUniServerModule]:HTTP Server Started on Port: 8077
StartApp.exe: 00001668: 23:15:18 [Exit]:Unexpected attempt to terminate server application with Exit Code: 0
